[0.033s] Invoking command in '/home/rishabh/ros2_ws/build/pplanner_interfaces': CMAKE_PREFIX_PATH=${CMAKE_PREFIX_PATH}:/home/rishabh/ros2_ws/install/percepto_planner:/opt/ros/humble /usr/bin/cmake --build /home/rishabh/ros2_ws/build/pplanner_interfaces -- -j20 -l20
[0.083s] -- Found ament_cmake: 1.3.6 (/opt/ros/humble/share/ament_cmake/cmake)
[0.180s] -- Found rosidl_default_generators: 1.2.0 (/opt/ros/humble/share/rosidl_default_generators/cmake)
[0.182s] -- Using all available rosidl_typesupport_c: rosidl_typesupport_fastrtps_c;rosidl_typesupport_introspection_c
[0.185s] -- Found rosidl_adapter: 3.1.5 (/opt/ros/humble/share/rosidl_adapter/cmake)
[0.209s] -- Using all available rosidl_typesupport_cpp: rosidl_typesupport_fastrtps_cpp;rosidl_typesupport_introspection_cpp
[0.366s] -- Found ament_cmake_ros: 0.10.0 (/opt/ros/humble/share/ament_cmake_ros/cmake)
[0.463s] -- Using all available rosidl_typesupport_c: rosidl_typesupport_fastrtps_c;rosidl_typesupport_introspection_c
[0.589s] -- Using all available rosidl_typesupport_cpp: rosidl_typesupport_fastrtps_cpp;rosidl_typesupport_introspection_cpp
[0.602s] -- Found python_cmake_module: 0.10.0 (/opt/ros/humble/share/python_cmake_module/cmake)
[0.615s] -- Using PYTHON_EXECUTABLE: /usr/bin/python3
[0.615s] -- Using PYTHON_INCLUDE_DIRS: /usr/include/python3.10
[0.615s] -- Using PYTHON_LIBRARIES: /usr/lib/x86_64-linux-gnu/libpython3.10.so
[0.629s] -- Configuring done
[0.661s] -- Generating done
[0.663s] -- Build files have been written to: /home/rishabh/ros2_ws/build/pplanner_interfaces
[0.676s] [  2%] [34m[1mGenerating C code for ROS interfaces[0m
[0.682s] [  4%] [34m[1mGenerating C++ code for ROS interfaces[0m
[0.689s] [  4%] Built target ament_cmake_python_copy_pplanner_interfaces
[0.836s] running egg_info
[0.836s] writing pplanner_interfaces.egg-info/PKG-INFO
[0.836s] writing dependency_links to pplanner_interfaces.egg-info/dependency_links.txt
[0.836s] writing top-level names to pplanner_interfaces.egg-info/top_level.txt
[0.838s] reading manifest file 'pplanner_interfaces.egg-info/SOURCES.txt'
[0.839s] writing manifest file 'pplanner_interfaces.egg-info/SOURCES.txt'
[0.856s] [  4%] Built target ament_cmake_python_build_pplanner_interfaces_egg
[0.862s] [35m[1mConsolidate compiler generated dependencies of target pplanner_interfaces__rosidl_generator_c[0m
[0.867s] [  4%] Built target pplanner_interfaces__cpp
[0.869s] [  6%] [32mBuilding C object CMakeFiles/pplanner_interfaces__rosidl_generator_c.dir/rosidl_generator_c/pplanner_interfaces/msg/detail/aruco_data__functions.c.o[0m
[0.869s] [  8%] [32mBuilding C object CMakeFiles/pplanner_interfaces__rosidl_generator_c.dir/rosidl_generator_c/pplanner_interfaces/msg/detail/aruco_dataset__functions.c.o[0m
[0.869s] [ 10%] [32mBuilding C object CMakeFiles/pplanner_interfaces__rosidl_generator_c.dir/rosidl_generator_c/pplanner_interfaces/msg/detail/path_grid__functions.c.o[0m
[0.872s] [ 12%] [34m[1mGenerating C++ type support dispatch for ROS interfaces[0m
[0.873s] [ 14%] [34m[1mGenerating C++ type support for eProsima Fast-RTPS[0m
[0.873s] [ 17%] [34m[1mGenerating C++ introspection for ROS interfaces[0m
[0.918s] [ 19%] [32m[1mLinking C shared library libpplanner_interfaces__rosidl_generator_c.so[0m
[0.949s] [ 19%] Built target pplanner_interfaces__rosidl_generator_c
[0.955s] [ 23%] [34m[1mGenerating C introspection for ROS interfaces[0m
[0.955s] [ 21%] [34m[1mGenerating C type support for eProsima Fast-RTPS[0m
[0.955s] [ 25%] [34m[1mGenerating C type support dispatch for ROS interfaces[0m
[1.039s] [35m[1mConsolidate compiler generated dependencies of target pplanner_interfaces__rosidl_typesupport_cpp[0m
[1.049s] [ 27%] [32mBuilding CXX object CMakeFiles/pplanner_interfaces__rosidl_typesupport_cpp.dir/rosidl_typesupport_cpp/pplanner_interfaces/msg/path_grid__type_support.cpp.o[0m
[1.049s] [ 29%] [32mBuilding CXX object CMakeFiles/pplanner_interfaces__rosidl_typesupport_cpp.dir/rosidl_typesupport_cpp/pplanner_interfaces/msg/aruco_data__type_support.cpp.o[0m
[1.051s] [ 31%] [32mBuilding CXX object CMakeFiles/pplanner_interfaces__rosidl_typesupport_cpp.dir/rosidl_typesupport_cpp/pplanner_interfaces/msg/aruco_dataset__type_support.cpp.o[0m
[1.065s] [35m[1mConsolidate compiler generated dependencies of target pplanner_interfaces__rosidl_typesupport_introspection_cpp[0m
[1.077s] [ 34%] [32mBuilding CXX object CMakeFiles/pplanner_interfaces__rosidl_typesupport_introspection_cpp.dir/rosidl_typesupport_introspection_cpp/pplanner_interfaces/msg/detail/path_grid__type_support.cpp.o[0m
[1.077s] [ 36%] [32mBuilding CXX object CMakeFiles/pplanner_interfaces__rosidl_typesupport_introspection_cpp.dir/rosidl_typesupport_introspection_cpp/pplanner_interfaces/msg/detail/aruco_dataset__type_support.cpp.o[0m
[1.078s] [ 38%] [32mBuilding CXX object CMakeFiles/pplanner_interfaces__rosidl_typesupport_introspection_cpp.dir/rosidl_typesupport_introspection_cpp/pplanner_interfaces/msg/detail/aruco_data__type_support.cpp.o[0m
[1.090s] [35m[1mConsolidate compiler generated dependencies of target pplanner_interfaces__rosidl_typesupport_fastrtps_cpp[0m
[1.100s] [ 42%] [32mBuilding CXX object CMakeFiles/pplanner_interfaces__rosidl_typesupport_fastrtps_cpp.dir/rosidl_typesupport_fastrtps_cpp/pplanner_interfaces/msg/detail/dds_fastrtps/aruco_data__type_support.cpp.o[0m
[1.100s] [ 42%] [32mBuilding CXX object CMakeFiles/pplanner_interfaces__rosidl_typesupport_fastrtps_cpp.dir/rosidl_typesupport_fastrtps_cpp/pplanner_interfaces/msg/detail/dds_fastrtps/aruco_dataset__type_support.cpp.o[0m
[1.103s] [ 44%] [32mBuilding CXX object CMakeFiles/pplanner_interfaces__rosidl_typesupport_fastrtps_cpp.dir/rosidl_typesupport_fastrtps_cpp/pplanner_interfaces/msg/detail/dds_fastrtps/path_grid__type_support.cpp.o[0m
[1.149s] [35m[1mConsolidate compiler generated dependencies of target pplanner_interfaces__rosidl_typesupport_c[0m
[1.160s] [ 48%] [32mBuilding CXX object CMakeFiles/pplanner_interfaces__rosidl_typesupport_c.dir/rosidl_typesupport_c/pplanner_interfaces/msg/aruco_dataset__type_support.cpp.o[0m
[1.160s] [ 48%] [32mBuilding CXX object CMakeFiles/pplanner_interfaces__rosidl_typesupport_c.dir/rosidl_typesupport_c/pplanner_interfaces/msg/aruco_data__type_support.cpp.o[0m
[1.162s] [ 51%] [32mBuilding CXX object CMakeFiles/pplanner_interfaces__rosidl_typesupport_c.dir/rosidl_typesupport_c/pplanner_interfaces/msg/path_grid__type_support.cpp.o[0m
[1.175s] [35m[1mConsolidate compiler generated dependencies of target pplanner_interfaces__rosidl_typesupport_introspection_c[0m
[1.188s] [ 53%] [32mBuilding C object CMakeFiles/pplanner_interfaces__rosidl_typesupport_introspection_c.dir/rosidl_typesupport_introspection_c/pplanner_interfaces/msg/detail/path_grid__type_support.c.o[0m
[1.189s] [ 55%] [32mBuilding C object CMakeFiles/pplanner_interfaces__rosidl_typesupport_introspection_c.dir/rosidl_typesupport_introspection_c/pplanner_interfaces/msg/detail/aruco_data__type_support.c.o[0m
[1.193s] [ 57%] [32mBuilding C object CMakeFiles/pplanner_interfaces__rosidl_typesupport_introspection_c.dir/rosidl_typesupport_introspection_c/pplanner_interfaces/msg/detail/aruco_dataset__type_support.c.o[0m
[1.194s] [ 59%] [32m[1mLinking CXX shared library libpplanner_interfaces__rosidl_typesupport_c.so[0m
[1.196s] [35m[1mConsolidate compiler generated dependencies of target pplanner_interfaces__rosidl_typesupport_fastrtps_c[0m
[1.212s] [ 65%] [32mBuilding CXX object CMakeFiles/pplanner_interfaces__rosidl_typesupport_fastrtps_c.dir/rosidl_typesupport_fastrtps_c/pplanner_interfaces/msg/detail/aruco_data__type_support_c.cpp.o[0m
[1.213s] [ 65%] [32mBuilding CXX object CMakeFiles/pplanner_interfaces__rosidl_typesupport_fastrtps_c.dir/rosidl_typesupport_fastrtps_c/pplanner_interfaces/msg/detail/aruco_dataset__type_support_c.cpp.o[0m
[1.213s] [ 65%] [32mBuilding CXX object CMakeFiles/pplanner_interfaces__rosidl_typesupport_fastrtps_c.dir/rosidl_typesupport_fastrtps_c/pplanner_interfaces/msg/detail/path_grid__type_support_c.cpp.o[0m
[1.227s] [ 68%] [32m[1mLinking C shared library libpplanner_interfaces__rosidl_typesupport_introspection_c.so[0m
[1.243s] [ 68%] Built target pplanner_interfaces__rosidl_typesupport_c
[1.254s] [ 68%] Built target pplanner_interfaces__rosidl_typesupport_introspection_c
[1.422s] [ 70%] [32m[1mLinking CXX shared library libpplanner_interfaces__rosidl_typesupport_cpp.so[0m
[1.461s] [ 70%] Built target pplanner_interfaces__rosidl_typesupport_cpp
[1.479s] [ 72%] [32m[1mLinking CXX shared library libpplanner_interfaces__rosidl_typesupport_fastrtps_c.so[0m
[1.491s] [ 74%] [32m[1mLinking CXX shared library libpplanner_interfaces__rosidl_typesupport_fastrtps_cpp.so[0m
[1.525s] [ 74%] Built target pplanner_interfaces__rosidl_typesupport_fastrtps_c
[1.537s] [ 74%] Built target pplanner_interfaces__rosidl_typesupport_fastrtps_cpp
[1.538s] [ 76%] [32m[1mLinking CXX shared library libpplanner_interfaces__rosidl_typesupport_introspection_cpp.so[0m
[1.576s] [ 76%] Built target pplanner_interfaces__rosidl_typesupport_introspection_cpp
[1.587s] [ 76%] Built target pplanner_interfaces
[1.597s] [ 78%] [34m[1mGenerating Python code for ROS interfaces[0m
[1.838s] [ 78%] Built target pplanner_interfaces__py
[1.844s] [35m[1mConsolidate compiler generated dependencies of target pplanner_interfaces__rosidl_generator_py[0m
[1.851s] [ 80%] [32mBuilding C object CMakeFiles/pplanner_interfaces__rosidl_generator_py.dir/rosidl_generator_py/pplanner_interfaces/msg/_aruco_data_s.c.o[0m
[1.851s] [ 82%] [32mBuilding C object CMakeFiles/pplanner_interfaces__rosidl_generator_py.dir/rosidl_generator_py/pplanner_interfaces/msg/_aruco_dataset_s.c.o[0m
[1.851s] [ 85%] [32mBuilding C object CMakeFiles/pplanner_interfaces__rosidl_generator_py.dir/rosidl_generator_py/pplanner_interfaces/msg/_path_grid_s.c.o[0m
[1.925s] [ 87%] [32m[1mLinking C shared library rosidl_generator_py/pplanner_interfaces/libpplanner_interfaces__rosidl_generator_py.so[0m
[1.947s] [ 87%] Built target pplanner_interfaces__rosidl_generator_py
[1.953s] [35m[1mConsolidate compiler generated dependencies of target pplanner_interfaces__rosidl_typesupport_c__pyext[0m
[1.954s] [35m[1mConsolidate compiler generated dependencies of target pplanner_interfaces__rosidl_typesupport_introspection_c__pyext[0m
[1.954s] [35m[1mConsolidate compiler generated dependencies of target pplanner_interfaces__rosidl_typesupport_fastrtps_c__pyext[0m
[1.960s] [ 91%] [32mBuilding C object CMakeFiles/pplanner_interfaces__rosidl_typesupport_fastrtps_c__pyext.dir/rosidl_generator_py/pplanner_interfaces/_pplanner_interfaces_s.ep.rosidl_typesupport_fastrtps_c.c.o[0m
[1.960s] [ 91%] [32mBuilding C object CMakeFiles/pplanner_interfaces__rosidl_typesupport_introspection_c__pyext.dir/rosidl_generator_py/pplanner_interfaces/_pplanner_interfaces_s.ep.rosidl_typesupport_introspection_c.c.o[0m
[1.960s] [ 93%] [32mBuilding C object CMakeFiles/pplanner_interfaces__rosidl_typesupport_c__pyext.dir/rosidl_generator_py/pplanner_interfaces/_pplanner_interfaces_s.ep.rosidl_typesupport_c.c.o[0m
[2.012s] [ 97%] [32m[1mLinking C shared library rosidl_generator_py/pplanner_interfaces/pplanner_interfaces_s__rosidl_typesupport_introspection_c.cpython-310-x86_64-linux-gnu.so[0m
[2.012s] [ 97%] [32m[1mLinking C shared library rosidl_generator_py/pplanner_interfaces/pplanner_interfaces_s__rosidl_typesupport_c.cpython-310-x86_64-linux-gnu.so[0m
[2.013s] [100%] [32m[1mLinking C shared library rosidl_generator_py/pplanner_interfaces/pplanner_interfaces_s__rosidl_typesupport_fastrtps_c.cpython-310-x86_64-linux-gnu.so[0m
[2.029s] [100%] Built target pplanner_interfaces__rosidl_typesupport_c__pyext
[2.029s] [100%] Built target pplanner_interfaces__rosidl_typesupport_introspection_c__pyext
[2.031s] [100%] Built target pplanner_interfaces__rosidl_typesupport_fastrtps_c__pyext
[2.038s] Invoked command in '/home/rishabh/ros2_ws/build/pplanner_interfaces' returned '0': CMAKE_PREFIX_PATH=${CMAKE_PREFIX_PATH}:/home/rishabh/ros2_ws/install/percepto_planner:/opt/ros/humble /usr/bin/cmake --build /home/rishabh/ros2_ws/build/pplanner_interfaces -- -j20 -l20
[2.094s] Invoking command in '/home/rishabh/ros2_ws/build/pplanner_interfaces': CMAKE_PREFIX_PATH=${CMAKE_PREFIX_PATH}:/home/rishabh/ros2_ws/install/percepto_planner:/opt/ros/humble /usr/bin/cmake --install /home/rishabh/ros2_ws/build/pplanner_interfaces
[2.099s] -- Install configuration: ""
[2.099s] -- Installing: /home/rishabh/ros2_ws/install/pplanner_interfaces/share/ament_index/resource_index/rosidl_interfaces/pplanner_interfaces
[2.099s] -- Up-to-date: /home/rishabh/ros2_ws/install/pplanner_interfaces/include/pplanner_interfaces/pplanner_interfaces
[2.100s] -- Up-to-date: /home/rishabh/ros2_ws/install/pplanner_interfaces/include/pplanner_interfaces/pplanner_interfaces/msg
[2.100s] -- Up-to-date: /home/rishabh/ros2_ws/install/pplanner_interfaces/include/pplanner_interfaces/pplanner_interfaces/msg/detail
[2.100s] -- Installing: /home/rishabh/ros2_ws/install/pplanner_interfaces/include/pplanner_interfaces/pplanner_interfaces/msg/detail/aruco_dataset__functions.c
[2.100s] -- Installing: /home/rishabh/ros2_ws/install/pplanner_interfaces/include/pplanner_interfaces/pplanner_interfaces/msg/detail/path_grid__type_support.h
[2.100s] -- Installing: /home/rishabh/ros2_ws/install/pplanner_interfaces/include/pplanner_interfaces/pplanner_interfaces/msg/detail/path_grid__functions.c
[2.100s] -- Installing: /home/rishabh/ros2_ws/install/pplanner_interfaces/include/pplanner_interfaces/pplanner_interfaces/msg/detail/path_grid__struct.h
[2.100s] -- Installing: /home/rishabh/ros2_ws/install/pplanner_interfaces/include/pplanner_interfaces/pplanner_interfaces/msg/detail/path_grid__functions.h
[2.100s] -- Installing: /home/rishabh/ros2_ws/install/pplanner_interfaces/include/pplanner_interfaces/pplanner_interfaces/msg/detail/aruco_data__type_support.h
[2.101s] -- Installing: /home/rishabh/ros2_ws/install/pplanner_interfaces/include/pplanner_interfaces/pplanner_interfaces/msg/detail/aruco_dataset__type_support.h
[2.101s] -- Installing: /home/rishabh/ros2_ws/install/pplanner_interfaces/include/pplanner_interfaces/pplanner_interfaces/msg/detail/aruco_dataset__struct.h
[2.101s] -- Installing: /home/rishabh/ros2_ws/install/pplanner_interfaces/include/pplanner_interfaces/pplanner_interfaces/msg/detail/aruco_data__functions.h
[2.101s] -- Installing: /home/rishabh/ros2_ws/install/pplanner_interfaces/include/pplanner_interfaces/pplanner_interfaces/msg/detail/aruco_dataset__functions.h
[2.101s] -- Installing: /home/rishabh/ros2_ws/install/pplanner_interfaces/include/pplanner_interfaces/pplanner_interfaces/msg/detail/aruco_data__struct.h
[2.101s] -- Installing: /home/rishabh/ros2_ws/install/pplanner_interfaces/include/pplanner_interfaces/pplanner_interfaces/msg/detail/aruco_data__functions.c
[2.101s] -- Up-to-date: /home/rishabh/ros2_ws/install/pplanner_interfaces/include/pplanner_interfaces/pplanner_interfaces/msg/rosidl_generator_c__visibility_control.h
[2.101s] -- Installing: /home/rishabh/ros2_ws/install/pplanner_interfaces/include/pplanner_interfaces/pplanner_interfaces/msg/path_grid.h
[2.101s] -- Installing: /home/rishabh/ros2_ws/install/pplanner_interfaces/include/pplanner_interfaces/pplanner_interfaces/msg/aruco_dataset.h
[2.101s] -- Installing: /home/rishabh/ros2_ws/install/pplanner_interfaces/include/pplanner_interfaces/pplanner_interfaces/msg/aruco_data.h
[2.101s] -- Up-to-date: /home/rishabh/ros2_ws/install/pplanner_interfaces/share/pplanner_interfaces/environment/library_path.sh
[2.101s] -- Installing: /home/rishabh/ros2_ws/install/pplanner_interfaces/share/pplanner_interfaces/environment/library_path.dsv
[2.101s] -- Installing: /home/rishabh/ros2_ws/install/pplanner_interfaces/lib/libpplanner_interfaces__rosidl_generator_c.so
[2.101s] -- Set runtime path of "/home/rishabh/ros2_ws/install/pplanner_interfaces/lib/libpplanner_interfaces__rosidl_generator_c.so" to ""
[2.101s] -- Up-to-date: /home/rishabh/ros2_ws/install/pplanner_interfaces/include/pplanner_interfaces/pplanner_interfaces
[2.101s] -- Up-to-date: /home/rishabh/ros2_ws/install/pplanner_interfaces/include/pplanner_interfaces/pplanner_interfaces/msg
[2.101s] -- Up-to-date: /home/rishabh/ros2_ws/install/pplanner_interfaces/include/pplanner_interfaces/pplanner_interfaces/msg/rosidl_typesupport_fastrtps_c__visibility_control.h
[2.101s] -- Up-to-date: /home/rishabh/ros2_ws/install/pplanner_interfaces/include/pplanner_interfaces/pplanner_interfaces/msg/detail
[2.101s] -- Installing: /home/rishabh/ros2_ws/install/pplanner_interfaces/include/pplanner_interfaces/pplanner_interfaces/msg/detail/path_grid__rosidl_typesupport_fastrtps_c.h
[2.102s] -- Installing: /home/rishabh/ros2_ws/install/pplanner_interfaces/include/pplanner_interfaces/pplanner_interfaces/msg/detail/aruco_dataset__rosidl_typesupport_fastrtps_c.h
[2.102s] -- Installing: /home/rishabh/ros2_ws/install/pplanner_interfaces/include/pplanner_interfaces/pplanner_interfaces/msg/detail/aruco_data__rosidl_typesupport_fastrtps_c.h
[2.102s] -- Installing: /home/rishabh/ros2_ws/install/pplanner_interfaces/lib/libpplanner_interfaces__rosidl_typesupport_fastrtps_c.so
[2.102s] -- Set runtime path of "/home/rishabh/ros2_ws/install/pplanner_interfaces/lib/libpplanner_interfaces__rosidl_typesupport_fastrtps_c.so" to ""
[2.102s] -- Up-to-date: /home/rishabh/ros2_ws/install/pplanner_interfaces/include/pplanner_interfaces/pplanner_interfaces
[2.102s] -- Up-to-date: /home/rishabh/ros2_ws/install/pplanner_interfaces/include/pplanner_interfaces/pplanner_interfaces/msg
[2.102s] -- Up-to-date: /home/rishabh/ros2_ws/install/pplanner_interfaces/include/pplanner_interfaces/pplanner_interfaces/msg/detail
[2.102s] -- Installing: /home/rishabh/ros2_ws/install/pplanner_interfaces/include/pplanner_interfaces/pplanner_interfaces/msg/detail/path_grid__type_support.c
[2.102s] -- Installing: /home/rishabh/ros2_ws/install/pplanner_interfaces/include/pplanner_interfaces/pplanner_interfaces/msg/detail/aruco_dataset__type_support.c
[2.102s] -- Installing: /home/rishabh/ros2_ws/install/pplanner_interfaces/include/pplanner_interfaces/pplanner_interfaces/msg/detail/path_grid__rosidl_typesupport_introspection_c.h
[2.102s] -- Installing: /home/rishabh/ros2_ws/install/pplanner_interfaces/include/pplanner_interfaces/pplanner_interfaces/msg/detail/aruco_dataset__rosidl_typesupport_introspection_c.h
[2.102s] -- Installing: /home/rishabh/ros2_ws/install/pplanner_interfaces/include/pplanner_interfaces/pplanner_interfaces/msg/detail/aruco_data__type_support.c
[2.102s] -- Installing: /home/rishabh/ros2_ws/install/pplanner_interfaces/include/pplanner_interfaces/pplanner_interfaces/msg/detail/aruco_data__rosidl_typesupport_introspection_c.h
[2.102s] -- Up-to-date: /home/rishabh/ros2_ws/install/pplanner_interfaces/include/pplanner_interfaces/pplanner_interfaces/msg/rosidl_typesupport_introspection_c__visibility_control.h
[2.103s] -- Installing: /home/rishabh/ros2_ws/install/pplanner_interfaces/lib/libpplanner_interfaces__rosidl_typesupport_introspection_c.so
[2.103s] -- Set runtime path of "/home/rishabh/ros2_ws/install/pplanner_interfaces/lib/libpplanner_interfaces__rosidl_typesupport_introspection_c.so" to ""
[2.103s] -- Installing: /home/rishabh/ros2_ws/install/pplanner_interfaces/lib/libpplanner_interfaces__rosidl_typesupport_c.so
[2.103s] -- Set runtime path of "/home/rishabh/ros2_ws/install/pplanner_interfaces/lib/libpplanner_interfaces__rosidl_typesupport_c.so" to ""
[2.103s] -- Up-to-date: /home/rishabh/ros2_ws/install/pplanner_interfaces/include/pplanner_interfaces/pplanner_interfaces
[2.103s] -- Up-to-date: /home/rishabh/ros2_ws/install/pplanner_interfaces/include/pplanner_interfaces/pplanner_interfaces/msg
[2.103s] -- Up-to-date: /home/rishabh/ros2_ws/install/pplanner_interfaces/include/pplanner_interfaces/pplanner_interfaces/msg/detail
[2.103s] -- Installing: /home/rishabh/ros2_ws/install/pplanner_interfaces/include/pplanner_interfaces/pplanner_interfaces/msg/detail/aruco_data__builder.hpp
[2.103s] -- Installing: /home/rishabh/ros2_ws/install/pplanner_interfaces/include/pplanner_interfaces/pplanner_interfaces/msg/detail/aruco_data__traits.hpp
[2.103s] -- Installing: /home/rishabh/ros2_ws/install/pplanner_interfaces/include/pplanner_interfaces/pplanner_interfaces/msg/detail/aruco_dataset__builder.hpp
[2.103s] -- Installing: /home/rishabh/ros2_ws/install/pplanner_interfaces/include/pplanner_interfaces/pplanner_interfaces/msg/detail/aruco_dataset__struct.hpp
[2.103s] -- Installing: /home/rishabh/ros2_ws/install/pplanner_interfaces/include/pplanner_interfaces/pplanner_interfaces/msg/detail/path_grid__traits.hpp
[2.103s] -- Installing: /home/rishabh/ros2_ws/install/pplanner_interfaces/include/pplanner_interfaces/pplanner_interfaces/msg/detail/path_grid__builder.hpp
[2.103s] -- Installing: /home/rishabh/ros2_ws/install/pplanner_interfaces/include/pplanner_interfaces/pplanner_interfaces/msg/detail/path_grid__struct.hpp
[2.103s] -- Installing: /home/rishabh/ros2_ws/install/pplanner_interfaces/include/pplanner_interfaces/pplanner_interfaces/msg/detail/aruco_data__struct.hpp
[2.104s] -- Installing: /home/rishabh/ros2_ws/install/pplanner_interfaces/include/pplanner_interfaces/pplanner_interfaces/msg/detail/aruco_dataset__traits.hpp
[2.104s] -- Installing: /home/rishabh/ros2_ws/install/pplanner_interfaces/include/pplanner_interfaces/pplanner_interfaces/msg/aruco_dataset.hpp
[2.104s] -- Installing: /home/rishabh/ros2_ws/install/pplanner_interfaces/include/pplanner_interfaces/pplanner_interfaces/msg/path_grid.hpp
[2.104s] -- Installing: /home/rishabh/ros2_ws/install/pplanner_interfaces/include/pplanner_interfaces/pplanner_interfaces/msg/aruco_data.hpp
[2.104s] -- Up-to-date: /home/rishabh/ros2_ws/install/pplanner_interfaces/include/pplanner_interfaces/pplanner_interfaces
[2.104s] -- Up-to-date: /home/rishabh/ros2_ws/install/pplanner_interfaces/include/pplanner_interfaces/pplanner_interfaces/msg
[2.104s] -- Up-to-date: /home/rishabh/ros2_ws/install/pplanner_interfaces/include/pplanner_interfaces/pplanner_interfaces/msg/detail
[2.104s] -- Up-to-date: /home/rishabh/ros2_ws/install/pplanner_interfaces/include/pplanner_interfaces/pplanner_interfaces/msg/detail/dds_fastrtps
[2.104s] -- Installing: /home/rishabh/ros2_ws/install/pplanner_interfaces/include/pplanner_interfaces/pplanner_interfaces/msg/detail/path_grid__rosidl_typesupport_fastrtps_cpp.hpp
[2.104s] -- Installing: /home/rishabh/ros2_ws/install/pplanner_interfaces/include/pplanner_interfaces/pplanner_interfaces/msg/detail/aruco_data__rosidl_typesupport_fastrtps_cpp.hpp
[2.104s] -- Installing: /home/rishabh/ros2_ws/install/pplanner_interfaces/include/pplanner_interfaces/pplanner_interfaces/msg/detail/aruco_dataset__rosidl_typesupport_fastrtps_cpp.hpp
[2.104s] -- Up-to-date: /home/rishabh/ros2_ws/install/pplanner_interfaces/include/pplanner_interfaces/pplanner_interfaces/msg/rosidl_typesupport_fastrtps_cpp__visibility_control.h
[2.104s] -- Installing: /home/rishabh/ros2_ws/install/pplanner_interfaces/lib/libpplanner_interfaces__rosidl_typesupport_fastrtps_cpp.so
[2.105s] -- Set runtime path of "/home/rishabh/ros2_ws/install/pplanner_interfaces/lib/libpplanner_interfaces__rosidl_typesupport_fastrtps_cpp.so" to ""
[2.105s] -- Up-to-date: /home/rishabh/ros2_ws/install/pplanner_interfaces/include/pplanner_interfaces/pplanner_interfaces
[2.105s] -- Up-to-date: /home/rishabh/ros2_ws/install/pplanner_interfaces/include/pplanner_interfaces/pplanner_interfaces/msg
[2.105s] -- Up-to-date: /home/rishabh/ros2_ws/install/pplanner_interfaces/include/pplanner_interfaces/pplanner_interfaces/msg/detail
[2.105s] -- Installing: /home/rishabh/ros2_ws/install/pplanner_interfaces/include/pplanner_interfaces/pplanner_interfaces/msg/detail/aruco_data__rosidl_typesupport_introspection_cpp.hpp
[2.105s] -- Installing: /home/rishabh/ros2_ws/install/pplanner_interfaces/include/pplanner_interfaces/pplanner_interfaces/msg/detail/path_grid__rosidl_typesupport_introspection_cpp.hpp
[2.105s] -- Installing: /home/rishabh/ros2_ws/install/pplanner_interfaces/include/pplanner_interfaces/pplanner_interfaces/msg/detail/aruco_dataset__rosidl_typesupport_introspection_cpp.hpp
[2.105s] -- Installing: /home/rishabh/ros2_ws/install/pplanner_interfaces/include/pplanner_interfaces/pplanner_interfaces/msg/detail/aruco_data__type_support.cpp
[2.105s] -- Installing: /home/rishabh/ros2_ws/install/pplanner_interfaces/include/pplanner_interfaces/pplanner_interfaces/msg/detail/path_grid__type_support.cpp
[2.105s] -- Installing: /home/rishabh/ros2_ws/install/pplanner_interfaces/include/pplanner_interfaces/pplanner_interfaces/msg/detail/aruco_dataset__type_support.cpp
[2.105s] -- Installing: /home/rishabh/ros2_ws/install/pplanner_interfaces/lib/libpplanner_interfaces__rosidl_typesupport_introspection_cpp.so
[2.105s] -- Set runtime path of "/home/rishabh/ros2_ws/install/pplanner_interfaces/lib/libpplanner_interfaces__rosidl_typesupport_introspection_cpp.so" to ""
[2.106s] -- Installing: /home/rishabh/ros2_ws/install/pplanner_interfaces/lib/libpplanner_interfaces__rosidl_typesupport_cpp.so
[2.106s] -- Set runtime path of "/home/rishabh/ros2_ws/install/pplanner_interfaces/lib/libpplanner_interfaces__rosidl_typesupport_cpp.so" to ""
[2.106s] -- Up-to-date: /home/rishabh/ros2_ws/install/pplanner_interfaces/share/pplanner_interfaces/environment/pythonpath.sh
[2.106s] -- Installing: /home/rishabh/ros2_ws/install/pplanner_interfaces/share/pplanner_interfaces/environment/pythonpath.dsv
[2.106s] -- Up-to-date: /home/rishabh/ros2_ws/install/pplanner_interfaces/local/lib/python3.10/dist-packages/pplanner_interfaces-0.0.0-py3.10.egg-info
[2.106s] -- Installing: /home/rishabh/ros2_ws/install/pplanner_interfaces/local/lib/python3.10/dist-packages/pplanner_interfaces-0.0.0-py3.10.egg-info/dependency_links.txt
[2.106s] -- Installing: /home/rishabh/ros2_ws/install/pplanner_interfaces/local/lib/python3.10/dist-packages/pplanner_interfaces-0.0.0-py3.10.egg-info/top_level.txt
[2.106s] -- Installing: /home/rishabh/ros2_ws/install/pplanner_interfaces/local/lib/python3.10/dist-packages/pplanner_interfaces-0.0.0-py3.10.egg-info/PKG-INFO
[2.106s] -- Installing: /home/rishabh/ros2_ws/install/pplanner_interfaces/local/lib/python3.10/dist-packages/pplanner_interfaces-0.0.0-py3.10.egg-info/SOURCES.txt
[2.106s] -- Up-to-date: /home/rishabh/ros2_ws/install/pplanner_interfaces/local/lib/python3.10/dist-packages/pplanner_interfaces
[2.106s] -- Installing: /home/rishabh/ros2_ws/install/pplanner_interfaces/local/lib/python3.10/dist-packages/pplanner_interfaces/_pplanner_interfaces_s.ep.rosidl_typesupport_fastrtps_c.c
[2.106s] -- Installing: /home/rishabh/ros2_ws/install/pplanner_interfaces/local/lib/python3.10/dist-packages/pplanner_interfaces/pplanner_interfaces_s__rosidl_typesupport_introspection_c.cpython-310-x86_64-linux-gnu.so
[2.106s] -- Installing: /home/rishabh/ros2_ws/install/pplanner_interfaces/local/lib/python3.10/dist-packages/pplanner_interfaces/_pplanner_interfaces_s.ep.rosidl_typesupport_c.c
[2.106s] -- Installing: /home/rishabh/ros2_ws/install/pplanner_interfaces/local/lib/python3.10/dist-packages/pplanner_interfaces/__init__.py
[2.106s] -- Installing: /home/rishabh/ros2_ws/install/pplanner_interfaces/local/lib/python3.10/dist-packages/pplanner_interfaces/_pplanner_interfaces_s.ep.rosidl_typesupport_introspection_c.c
[2.106s] -- Up-to-date: /home/rishabh/ros2_ws/install/pplanner_interfaces/local/lib/python3.10/dist-packages/pplanner_interfaces/msg
[2.106s] -- Installing: /home/rishabh/ros2_ws/install/pplanner_interfaces/local/lib/python3.10/dist-packages/pplanner_interfaces/msg/_aruco_dataset_s.c
[2.106s] -- Installing: /home/rishabh/ros2_ws/install/pplanner_interfaces/local/lib/python3.10/dist-packages/pplanner_interfaces/msg/_aruco_dataset.py
[2.106s] -- Installing: /home/rishabh/ros2_ws/install/pplanner_interfaces/local/lib/python3.10/dist-packages/pplanner_interfaces/msg/__init__.py
[2.106s] -- Installing: /home/rishabh/ros2_ws/install/pplanner_interfaces/local/lib/python3.10/dist-packages/pplanner_interfaces/msg/_path_grid_s.c
[2.107s] -- Installing: /home/rishabh/ros2_ws/install/pplanner_interfaces/local/lib/python3.10/dist-packages/pplanner_interfaces/msg/_path_grid.py
[2.107s] -- Installing: /home/rishabh/ros2_ws/install/pplanner_interfaces/local/lib/python3.10/dist-packages/pplanner_interfaces/msg/_aruco_data.py
[2.107s] -- Installing: /home/rishabh/ros2_ws/install/pplanner_interfaces/local/lib/python3.10/dist-packages/pplanner_interfaces/msg/_aruco_data_s.c
[2.107s] -- Installing: /home/rishabh/ros2_ws/install/pplanner_interfaces/local/lib/python3.10/dist-packages/pplanner_interfaces/libpplanner_interfaces__rosidl_generator_py.so
[2.107s] -- Installing: /home/rishabh/ros2_ws/install/pplanner_interfaces/local/lib/python3.10/dist-packages/pplanner_interfaces/pplanner_interfaces_s__rosidl_typesupport_fastrtps_c.cpython-310-x86_64-linux-gnu.so
[2.107s] -- Installing: /home/rishabh/ros2_ws/install/pplanner_interfaces/local/lib/python3.10/dist-packages/pplanner_interfaces/pplanner_interfaces_s__rosidl_typesupport_c.cpython-310-x86_64-linux-gnu.so
[2.128s] Listing '/home/rishabh/ros2_ws/install/pplanner_interfaces/local/lib/python3.10/dist-packages/pplanner_interfaces'...
[2.128s] Compiling '/home/rishabh/ros2_ws/install/pplanner_interfaces/local/lib/python3.10/dist-packages/pplanner_interfaces/__init__.py'...
[2.128s] Listing '/home/rishabh/ros2_ws/install/pplanner_interfaces/local/lib/python3.10/dist-packages/pplanner_interfaces/msg'...
[2.128s] Compiling '/home/rishabh/ros2_ws/install/pplanner_interfaces/local/lib/python3.10/dist-packages/pplanner_interfaces/msg/__init__.py'...
[2.128s] Compiling '/home/rishabh/ros2_ws/install/pplanner_interfaces/local/lib/python3.10/dist-packages/pplanner_interfaces/msg/_aruco_data.py'...
[2.128s] Compiling '/home/rishabh/ros2_ws/install/pplanner_interfaces/local/lib/python3.10/dist-packages/pplanner_interfaces/msg/_aruco_dataset.py'...
[2.128s] Compiling '/home/rishabh/ros2_ws/install/pplanner_interfaces/local/lib/python3.10/dist-packages/pplanner_interfaces/msg/_path_grid.py'...
[2.130s] -- Installing: /home/rishabh/ros2_ws/install/pplanner_interfaces/local/lib/python3.10/dist-packages/pplanner_interfaces/pplanner_interfaces_s__rosidl_typesupport_fastrtps_c.cpython-310-x86_64-linux-gnu.so
[2.130s] -- Set runtime path of "/home/rishabh/ros2_ws/install/pplanner_interfaces/local/lib/python3.10/dist-packages/pplanner_interfaces/pplanner_interfaces_s__rosidl_typesupport_fastrtps_c.cpython-310-x86_64-linux-gnu.so" to ""
[2.130s] -- Installing: /home/rishabh/ros2_ws/install/pplanner_interfaces/local/lib/python3.10/dist-packages/pplanner_interfaces/pplanner_interfaces_s__rosidl_typesupport_introspection_c.cpython-310-x86_64-linux-gnu.so
[2.130s] -- Set runtime path of "/home/rishabh/ros2_ws/install/pplanner_interfaces/local/lib/python3.10/dist-packages/pplanner_interfaces/pplanner_interfaces_s__rosidl_typesupport_introspection_c.cpython-310-x86_64-linux-gnu.so" to ""
[2.130s] -- Installing: /home/rishabh/ros2_ws/install/pplanner_interfaces/local/lib/python3.10/dist-packages/pplanner_interfaces/pplanner_interfaces_s__rosidl_typesupport_c.cpython-310-x86_64-linux-gnu.so
[2.130s] -- Set runtime path of "/home/rishabh/ros2_ws/install/pplanner_interfaces/local/lib/python3.10/dist-packages/pplanner_interfaces/pplanner_interfaces_s__rosidl_typesupport_c.cpython-310-x86_64-linux-gnu.so" to ""
[2.131s] -- Installing: /home/rishabh/ros2_ws/install/pplanner_interfaces/lib/libpplanner_interfaces__rosidl_generator_py.so
[2.131s] -- Set runtime path of "/home/rishabh/ros2_ws/install/pplanner_interfaces/lib/libpplanner_interfaces__rosidl_generator_py.so" to ""
[2.131s] -- Up-to-date: /home/rishabh/ros2_ws/install/pplanner_interfaces/share/pplanner_interfaces/msg/ArucoData.idl
[2.131s] -- Up-to-date: /home/rishabh/ros2_ws/install/pplanner_interfaces/share/pplanner_interfaces/msg/ArucoDataset.idl
[2.131s] -- Installing: /home/rishabh/ros2_ws/install/pplanner_interfaces/share/pplanner_interfaces/msg/PathGrid.idl
[2.131s] -- Up-to-date: /home/rishabh/ros2_ws/install/pplanner_interfaces/share/pplanner_interfaces/msg/ArucoData.msg
[2.131s] -- Up-to-date: /home/rishabh/ros2_ws/install/pplanner_interfaces/share/pplanner_interfaces/msg/ArucoDataset.msg
[2.131s] -- Installing: /home/rishabh/ros2_ws/install/pplanner_interfaces/share/pplanner_interfaces/msg/PathGrid.msg
[2.131s] -- Up-to-date: /home/rishabh/ros2_ws/install/pplanner_interfaces/share/ament_index/resource_index/package_run_dependencies/pplanner_interfaces
[2.131s] -- Up-to-date: /home/rishabh/ros2_ws/install/pplanner_interfaces/share/ament_index/resource_index/parent_prefix_path/pplanner_interfaces
[2.131s] -- Up-to-date: /home/rishabh/ros2_ws/install/pplanner_interfaces/share/pplanner_interfaces/environment/ament_prefix_path.sh
[2.131s] -- Installing: /home/rishabh/ros2_ws/install/pplanner_interfaces/share/pplanner_interfaces/environment/ament_prefix_path.dsv
[2.132s] -- Up-to-date: /home/rishabh/ros2_ws/install/pplanner_interfaces/share/pplanner_interfaces/environment/path.sh
[2.132s] -- Installing: /home/rishabh/ros2_ws/install/pplanner_interfaces/share/pplanner_interfaces/environment/path.dsv
[2.132s] -- Up-to-date: /home/rishabh/ros2_ws/install/pplanner_interfaces/share/pplanner_interfaces/local_setup.bash
[2.132s] -- Up-to-date: /home/rishabh/ros2_ws/install/pplanner_interfaces/share/pplanner_interfaces/local_setup.sh
[2.132s] -- Up-to-date: /home/rishabh/ros2_ws/install/pplanner_interfaces/share/pplanner_interfaces/local_setup.zsh
[2.132s] -- Installing: /home/rishabh/ros2_ws/install/pplanner_interfaces/share/pplanner_interfaces/local_setup.dsv
[2.132s] -- Installing: /home/rishabh/ros2_ws/install/pplanner_interfaces/share/pplanner_interfaces/package.dsv
[2.132s] -- Up-to-date: /home/rishabh/ros2_ws/install/pplanner_interfaces/share/ament_index/resource_index/packages/pplanner_interfaces
[2.132s] -- Up-to-date: /home/rishabh/ros2_ws/install/pplanner_interfaces/share/pplanner_interfaces/cmake/export_pplanner_interfaces__rosidl_generator_cExport.cmake
[2.132s] -- Up-to-date: /home/rishabh/ros2_ws/install/pplanner_interfaces/share/pplanner_interfaces/cmake/export_pplanner_interfaces__rosidl_generator_cExport-noconfig.cmake
[2.133s] -- Up-to-date: /home/rishabh/ros2_ws/install/pplanner_interfaces/share/pplanner_interfaces/cmake/export_pplanner_interfaces__rosidl_typesupport_fastrtps_cExport.cmake
[2.133s] -- Up-to-date: /home/rishabh/ros2_ws/install/pplanner_interfaces/share/pplanner_interfaces/cmake/export_pplanner_interfaces__rosidl_typesupport_fastrtps_cExport-noconfig.cmake
[2.133s] -- Up-to-date: /home/rishabh/ros2_ws/install/pplanner_interfaces/share/pplanner_interfaces/cmake/pplanner_interfaces__rosidl_typesupport_introspection_cExport.cmake
[2.133s] -- Up-to-date: /home/rishabh/ros2_ws/install/pplanner_interfaces/share/pplanner_interfaces/cmake/pplanner_interfaces__rosidl_typesupport_introspection_cExport-noconfig.cmake
[2.133s] -- Up-to-date: /home/rishabh/ros2_ws/install/pplanner_interfaces/share/pplanner_interfaces/cmake/pplanner_interfaces__rosidl_typesupport_cExport.cmake
[2.133s] -- Up-to-date: /home/rishabh/ros2_ws/install/pplanner_interfaces/share/pplanner_interfaces/cmake/pplanner_interfaces__rosidl_typesupport_cExport-noconfig.cmake
[2.133s] -- Up-to-date: /home/rishabh/ros2_ws/install/pplanner_interfaces/share/pplanner_interfaces/cmake/export_pplanner_interfaces__rosidl_generator_cppExport.cmake
[2.133s] -- Up-to-date: /home/rishabh/ros2_ws/install/pplanner_interfaces/share/pplanner_interfaces/cmake/export_pplanner_interfaces__rosidl_typesupport_fastrtps_cppExport.cmake
[2.133s] -- Up-to-date: /home/rishabh/ros2_ws/install/pplanner_interfaces/share/pplanner_interfaces/cmake/export_pplanner_interfaces__rosidl_typesupport_fastrtps_cppExport-noconfig.cmake
[2.133s] -- Up-to-date: /home/rishabh/ros2_ws/install/pplanner_interfaces/share/pplanner_interfaces/cmake/pplanner_interfaces__rosidl_typesupport_introspection_cppExport.cmake
[2.133s] -- Up-to-date: /home/rishabh/ros2_ws/install/pplanner_interfaces/share/pplanner_interfaces/cmake/pplanner_interfaces__rosidl_typesupport_introspection_cppExport-noconfig.cmake
[2.134s] -- Up-to-date: /home/rishabh/ros2_ws/install/pplanner_interfaces/share/pplanner_interfaces/cmake/pplanner_interfaces__rosidl_typesupport_cppExport.cmake
[2.134s] -- Up-to-date: /home/rishabh/ros2_ws/install/pplanner_interfaces/share/pplanner_interfaces/cmake/pplanner_interfaces__rosidl_typesupport_cppExport-noconfig.cmake
[2.134s] -- Up-to-date: /home/rishabh/ros2_ws/install/pplanner_interfaces/share/pplanner_interfaces/cmake/export_pplanner_interfaces__rosidl_generator_pyExport.cmake
[2.134s] -- Up-to-date: /home/rishabh/ros2_ws/install/pplanner_interfaces/share/pplanner_interfaces/cmake/export_pplanner_interfaces__rosidl_generator_pyExport-noconfig.cmake
[2.134s] -- Installing: /home/rishabh/ros2_ws/install/pplanner_interfaces/share/pplanner_interfaces/cmake/rosidl_cmake-extras.cmake
[2.134s] -- Up-to-date: /home/rishabh/ros2_ws/install/pplanner_interfaces/share/pplanner_interfaces/cmake/ament_cmake_export_include_directories-extras.cmake
[2.134s] -- Up-to-date: /home/rishabh/ros2_ws/install/pplanner_interfaces/share/pplanner_interfaces/cmake/ament_cmake_export_libraries-extras.cmake
[2.134s] -- Up-to-date: /home/rishabh/ros2_ws/install/pplanner_interfaces/share/pplanner_interfaces/cmake/ament_cmake_export_targets-extras.cmake
[2.134s] -- Up-to-date: /home/rishabh/ros2_ws/install/pplanner_interfaces/share/pplanner_interfaces/cmake/rosidl_cmake_export_typesupport_targets-extras.cmake
[2.134s] -- Up-to-date: /home/rishabh/ros2_ws/install/pplanner_interfaces/share/pplanner_interfaces/cmake/ament_cmake_export_dependencies-extras.cmake
[2.134s] -- Up-to-date: /home/rishabh/ros2_ws/install/pplanner_interfaces/share/pplanner_interfaces/cmake/rosidl_cmake_export_typesupport_libraries-extras.cmake
[2.134s] -- Up-to-date: /home/rishabh/ros2_ws/install/pplanner_interfaces/share/pplanner_interfaces/cmake/pplanner_interfacesConfig.cmake
[2.134s] -- Up-to-date: /home/rishabh/ros2_ws/install/pplanner_interfaces/share/pplanner_interfaces/cmake/pplanner_interfacesConfig-version.cmake
[2.134s] -- Up-to-date: /home/rishabh/ros2_ws/install/pplanner_interfaces/share/pplanner_interfaces/package.xml
[2.136s] Invoked command in '/home/rishabh/ros2_ws/build/pplanner_interfaces' returned '0': CMAKE_PREFIX_PATH=${CMAKE_PREFIX_PATH}:/home/rishabh/ros2_ws/install/percepto_planner:/opt/ros/humble /usr/bin/cmake --install /home/rishabh/ros2_ws/build/pplanner_interfaces
