[0.151s] Invoking command in '/home/rishabh/ros2_ws/build/pplanner_interfaces': CMAKE_PREFIX_PATH=/opt/ros/humble /usr/bin/cmake /home/rishabh/ros2_ws/src/pplanner_interfaces -DCMAKE_INSTALL_PREFIX=/home/rishabh/ros2_ws/install/pplanner_interfaces
[0.178s] -- The C compiler identification is GNU 11.4.0
[0.208s] -- The CXX compiler identification is GNU 11.4.0
[0.213s] -- Detecting C compiler ABI info
[0.250s] -- Detecting C compiler ABI info - done
[0.254s] -- Check for working C compiler: /usr/bin/cc - skipped
[0.254s] -- Detecting C compile features
[0.254s] -- Detecting C compile features - done
[0.256s] -- Detecting CXX compiler ABI info
[0.299s] -- Detecting CXX compiler ABI info - done
[0.304s] -- Check for working CXX compiler: /usr/bin/c++ - skipped
[0.304s] -- Detecting CXX compile features
[0.304s] -- Detecting CXX compile features - done
[0.305s] -- Found ament_cmake: 1.3.5 (/opt/ros/humble/share/ament_cmake/cmake)
[0.399s] -- Found Python3: /usr/bin/python3.10 (found version "3.10.12") found components: Interpreter 
[0.442s] -- Found rosidl_default_generators: 1.2.0 (/opt/ros/humble/share/rosidl_default_generators/cmake)
[0.443s] -- Using all available rosidl_typesupport_c: rosidl_typesupport_fastrtps_c;rosidl_typesupport_introspection_c
[0.446s] -- Found rosidl_adapter: 3.1.5 (/opt/ros/humble/share/rosidl_adapter/cmake)
[0.466s] -- Using all available rosidl_typesupport_cpp: rosidl_typesupport_fastrtps_cpp;rosidl_typesupport_introspection_cpp
[0.605s] -- Found ament_cmake_ros: 0.10.0 (/opt/ros/humble/share/ament_cmake_ros/cmake)
[0.697s] -- Using all available rosidl_typesupport_c: rosidl_typesupport_fastrtps_c;rosidl_typesupport_introspection_c
[0.817s] -- Using all available rosidl_typesupport_cpp: rosidl_typesupport_fastrtps_cpp;rosidl_typesupport_introspection_cpp
[0.829s] -- Found PythonInterp: /usr/bin/python3 (found suitable version "3.10.12", minimum required is "3.6") 
[0.829s] -- Found python_cmake_module: 0.10.0 (/opt/ros/humble/share/python_cmake_module/cmake)
[0.843s] -- Found PythonLibs: /usr/lib/x86_64-linux-gnu/libpython3.10.so (found suitable version "3.10.12", minimum required is "3.5") 
[0.843s] -- Using PYTHON_EXECUTABLE: /usr/bin/python3
[0.843s] -- Using PYTHON_INCLUDE_DIRS: /usr/include/python3.10
[0.843s] -- Using PYTHON_LIBRARIES: /usr/lib/x86_64-linux-gnu/libpython3.10.so
[0.854s] -- Found PythonExtra: .so  
[0.871s] -- Configuring done
[0.882s] -- Generating done
[0.883s] -- Build files have been written to: /home/rishabh/ros2_ws/build/pplanner_interfaces
[0.889s] Invoked command in '/home/rishabh/ros2_ws/build/pplanner_interfaces' returned '0': CMAKE_PREFIX_PATH=/opt/ros/humble /usr/bin/cmake /home/rishabh/ros2_ws/src/pplanner_interfaces -DCMAKE_INSTALL_PREFIX=/home/rishabh/ros2_ws/install/pplanner_interfaces
[0.889s] Invoking command in '/home/rishabh/ros2_ws/build/pplanner_interfaces': CMAKE_PREFIX_PATH=/opt/ros/humble /usr/bin/cmake --build /home/rishabh/ros2_ws/build/pplanner_interfaces -- -j20 -l20
[0.908s] [  3%] [34m[1mGenerating C code for ROS interfaces[0m
[0.913s] [  6%] [34m[1mGenerating C++ code for ROS interfaces[0m
[0.917s] [  6%] Built target ament_cmake_python_copy_pplanner_interfaces
[1.040s] running egg_info
[1.040s] creating pplanner_interfaces.egg-info
[1.040s] writing pplanner_interfaces.egg-info/PKG-INFO
[1.041s] writing dependency_links to pplanner_interfaces.egg-info/dependency_links.txt
[1.041s] writing top-level names to pplanner_interfaces.egg-info/top_level.txt
[1.041s] writing manifest file 'pplanner_interfaces.egg-info/SOURCES.txt'
[1.041s] [  6%] Built target pplanner_interfaces__cpp
[1.042s] reading manifest file 'pplanner_interfaces.egg-info/SOURCES.txt'
[1.042s] writing manifest file 'pplanner_interfaces.egg-info/SOURCES.txt'
[1.043s] [  9%] [32mBuilding C object CMakeFiles/pplanner_interfaces__rosidl_generator_c.dir/rosidl_generator_c/pplanner_interfaces/msg/detail/aruco_data__functions.c.o[0m
[1.046s] [ 19%] [34m[1mGenerating C++ type support for eProsima Fast-RTPS[0m
[1.047s] [ 19%] [34m[1mGenerating C++ introspection for ROS interfaces[0m
[1.047s] [ 19%] [34m[1mGenerating C++ type support dispatch for ROS interfaces[0m
[1.058s] [ 19%] Built target ament_cmake_python_build_pplanner_interfaces_egg
[1.068s] [ 22%] [32m[1mLinking C shared library libpplanner_interfaces__rosidl_generator_c.so[0m
[1.088s] [ 22%] Built target pplanner_interfaces__rosidl_generator_c
[1.093s] [ 25%] [34m[1mGenerating C type support for eProsima Fast-RTPS[0m
[1.093s] [ 29%] [34m[1mGenerating C introspection for ROS interfaces[0m
[1.093s] [ 32%] [34m[1mGenerating C type support dispatch for ROS interfaces[0m
[1.169s] [ 35%] [32mBuilding CXX object CMakeFiles/pplanner_interfaces__rosidl_typesupport_cpp.dir/rosidl_typesupport_cpp/pplanner_interfaces/msg/aruco_data__type_support.cpp.o[0m
[1.178s] [ 38%] [32mBuilding CXX object CMakeFiles/pplanner_interfaces__rosidl_typesupport_introspection_cpp.dir/rosidl_typesupport_introspection_cpp/pplanner_interfaces/msg/detail/aruco_data__type_support.cpp.o[0m
[1.184s] [ 41%] [32mBuilding CXX object CMakeFiles/pplanner_interfaces__rosidl_typesupport_fastrtps_cpp.dir/rosidl_typesupport_fastrtps_cpp/pplanner_interfaces/msg/detail/dds_fastrtps/aruco_data__type_support.cpp.o[0m
[1.223s] [ 45%] [32mBuilding CXX object CMakeFiles/pplanner_interfaces__rosidl_typesupport_c.dir/rosidl_typesupport_c/pplanner_interfaces/msg/aruco_data__type_support.cpp.o[0m
[1.234s] [ 48%] [32mBuilding C object CMakeFiles/pplanner_interfaces__rosidl_typesupport_introspection_c.dir/rosidl_typesupport_introspection_c/pplanner_interfaces/msg/detail/aruco_data__type_support.c.o[0m
[1.235s] [ 51%] [32mBuilding CXX object CMakeFiles/pplanner_interfaces__rosidl_typesupport_fastrtps_c.dir/rosidl_typesupport_fastrtps_c/pplanner_interfaces/msg/detail/aruco_data__type_support_c.cpp.o[0m
[1.238s] [ 54%] [32m[1mLinking CXX shared library libpplanner_interfaces__rosidl_typesupport_c.so[0m
[1.253s] [ 58%] [32m[1mLinking C shared library libpplanner_interfaces__rosidl_typesupport_introspection_c.so[0m
[1.263s] [ 58%] Built target pplanner_interfaces__rosidl_typesupport_c
[1.273s] [ 58%] Built target pplanner_interfaces__rosidl_typesupport_introspection_c
[1.311s] [ 61%] [32m[1mLinking CXX shared library libpplanner_interfaces__rosidl_typesupport_cpp.so[0m
[1.334s] [ 61%] Built target pplanner_interfaces__rosidl_typesupport_cpp
[1.375s] [ 64%] [32m[1mLinking CXX shared library libpplanner_interfaces__rosidl_typesupport_introspection_cpp.so[0m
[1.384s] [ 67%] [32m[1mLinking CXX shared library libpplanner_interfaces__rosidl_typesupport_fastrtps_cpp.so[0m
[1.397s] [ 67%] Built target pplanner_interfaces__rosidl_typesupport_introspection_cpp
[1.401s] [ 70%] [32m[1mLinking CXX shared library libpplanner_interfaces__rosidl_typesupport_fastrtps_c.so[0m
[1.423s] [ 70%] Built target pplanner_interfaces__rosidl_typesupport_fastrtps_cpp
[1.440s] [ 70%] Built target pplanner_interfaces__rosidl_typesupport_fastrtps_c
[1.451s] [ 70%] Built target pplanner_interfaces
[1.460s] [ 74%] [34m[1mGenerating Python code for ROS interfaces[0m
[1.611s] [ 74%] Built target pplanner_interfaces__py
[1.621s] [ 77%] [32mBuilding C object CMakeFiles/pplanner_interfaces__rosidl_generator_py.dir/rosidl_generator_py/pplanner_interfaces/msg/_aruco_data_s.c.o[0m
[1.692s] [ 80%] [32m[1mLinking C shared library rosidl_generator_py/pplanner_interfaces/libpplanner_interfaces__rosidl_generator_py.so[0m
[1.714s] [ 80%] Built target pplanner_interfaces__rosidl_generator_py
[1.726s] [ 87%] [32mBuilding C object CMakeFiles/pplanner_interfaces__rosidl_typesupport_fastrtps_c__pyext.dir/rosidl_generator_py/pplanner_interfaces/_pplanner_interfaces_s.ep.rosidl_typesupport_fastrtps_c.c.o[0m
[1.726s] [ 87%] [32mBuilding C object CMakeFiles/pplanner_interfaces__rosidl_typesupport_introspection_c__pyext.dir/rosidl_generator_py/pplanner_interfaces/_pplanner_interfaces_s.ep.rosidl_typesupport_introspection_c.c.o[0m
[1.726s] [ 90%] [32mBuilding C object CMakeFiles/pplanner_interfaces__rosidl_typesupport_c__pyext.dir/rosidl_generator_py/pplanner_interfaces/_pplanner_interfaces_s.ep.rosidl_typesupport_c.c.o[0m
[1.771s] [100%] [32m[1mLinking C shared library rosidl_generator_py/pplanner_interfaces/pplanner_interfaces_s__rosidl_typesupport_introspection_c.cpython-310-x86_64-linux-gnu.so[0m
[1.771s] [100%] [32m[1mLinking C shared library rosidl_generator_py/pplanner_interfaces/pplanner_interfaces_s__rosidl_typesupport_c.cpython-310-x86_64-linux-gnu.so[0m
[1.771s] [100%] [32m[1mLinking C shared library rosidl_generator_py/pplanner_interfaces/pplanner_interfaces_s__rosidl_typesupport_fastrtps_c.cpython-310-x86_64-linux-gnu.so[0m
[1.788s] [100%] Built target pplanner_interfaces__rosidl_typesupport_introspection_c__pyext
[1.788s] [100%] Built target pplanner_interfaces__rosidl_typesupport_c__pyext
[1.788s] [100%] Built target pplanner_interfaces__rosidl_typesupport_fastrtps_c__pyext
[1.795s] Invoked command in '/home/rishabh/ros2_ws/build/pplanner_interfaces' returned '0': CMAKE_PREFIX_PATH=/opt/ros/humble /usr/bin/cmake --build /home/rishabh/ros2_ws/build/pplanner_interfaces -- -j20 -l20
[1.829s] Invoking command in '/home/rishabh/ros2_ws/build/pplanner_interfaces': CMAKE_PREFIX_PATH=/opt/ros/humble /usr/bin/cmake --install /home/rishabh/ros2_ws/build/pplanner_interfaces
[1.834s] -- Install configuration: ""
[1.834s] -- Installing: /home/rishabh/ros2_ws/install/pplanner_interfaces/share/ament_index/resource_index/rosidl_interfaces/pplanner_interfaces
[1.834s] -- Installing: /home/rishabh/ros2_ws/install/pplanner_interfaces/include/pplanner_interfaces/pplanner_interfaces
[1.834s] -- Installing: /home/rishabh/ros2_ws/install/pplanner_interfaces/include/pplanner_interfaces/pplanner_interfaces/msg
[1.834s] -- Installing: /home/rishabh/ros2_ws/install/pplanner_interfaces/include/pplanner_interfaces/pplanner_interfaces/msg/detail
[1.834s] -- Installing: /home/rishabh/ros2_ws/install/pplanner_interfaces/include/pplanner_interfaces/pplanner_interfaces/msg/detail/aruco_data__type_support.h
[1.834s] -- Installing: /home/rishabh/ros2_ws/install/pplanner_interfaces/include/pplanner_interfaces/pplanner_interfaces/msg/detail/aruco_data__functions.h
[1.834s] -- Installing: /home/rishabh/ros2_ws/install/pplanner_interfaces/include/pplanner_interfaces/pplanner_interfaces/msg/detail/aruco_data__struct.h
[1.834s] -- Installing: /home/rishabh/ros2_ws/install/pplanner_interfaces/include/pplanner_interfaces/pplanner_interfaces/msg/detail/aruco_data__functions.c
[1.834s] -- Installing: /home/rishabh/ros2_ws/install/pplanner_interfaces/include/pplanner_interfaces/pplanner_interfaces/msg/rosidl_generator_c__visibility_control.h
[1.834s] -- Installing: /home/rishabh/ros2_ws/install/pplanner_interfaces/include/pplanner_interfaces/pplanner_interfaces/msg/aruco_data.h
[1.834s] -- Installing: /home/rishabh/ros2_ws/install/pplanner_interfaces/share/pplanner_interfaces/environment/library_path.sh
[1.834s] -- Installing: /home/rishabh/ros2_ws/install/pplanner_interfaces/share/pplanner_interfaces/environment/library_path.dsv
[1.835s] -- Installing: /home/rishabh/ros2_ws/install/pplanner_interfaces/lib/libpplanner_interfaces__rosidl_generator_c.so
[1.835s] -- Set runtime path of "/home/rishabh/ros2_ws/install/pplanner_interfaces/lib/libpplanner_interfaces__rosidl_generator_c.so" to ""
[1.835s] -- Up-to-date: /home/rishabh/ros2_ws/install/pplanner_interfaces/include/pplanner_interfaces/pplanner_interfaces
[1.835s] -- Up-to-date: /home/rishabh/ros2_ws/install/pplanner_interfaces/include/pplanner_interfaces/pplanner_interfaces/msg
[1.835s] -- Installing: /home/rishabh/ros2_ws/install/pplanner_interfaces/include/pplanner_interfaces/pplanner_interfaces/msg/rosidl_typesupport_fastrtps_c__visibility_control.h
[1.835s] -- Up-to-date: /home/rishabh/ros2_ws/install/pplanner_interfaces/include/pplanner_interfaces/pplanner_interfaces/msg/detail
[1.835s] -- Installing: /home/rishabh/ros2_ws/install/pplanner_interfaces/include/pplanner_interfaces/pplanner_interfaces/msg/detail/aruco_data__rosidl_typesupport_fastrtps_c.h
[1.835s] -- Installing: /home/rishabh/ros2_ws/install/pplanner_interfaces/lib/libpplanner_interfaces__rosidl_typesupport_fastrtps_c.so
[1.835s] -- Set runtime path of "/home/rishabh/ros2_ws/install/pplanner_interfaces/lib/libpplanner_interfaces__rosidl_typesupport_fastrtps_c.so" to ""
[1.835s] -- Up-to-date: /home/rishabh/ros2_ws/install/pplanner_interfaces/include/pplanner_interfaces/pplanner_interfaces
[1.835s] -- Up-to-date: /home/rishabh/ros2_ws/install/pplanner_interfaces/include/pplanner_interfaces/pplanner_interfaces/msg
[1.835s] -- Up-to-date: /home/rishabh/ros2_ws/install/pplanner_interfaces/include/pplanner_interfaces/pplanner_interfaces/msg/detail
[1.835s] -- Installing: /home/rishabh/ros2_ws/install/pplanner_interfaces/include/pplanner_interfaces/pplanner_interfaces/msg/detail/aruco_data__type_support.c
[1.835s] -- Installing: /home/rishabh/ros2_ws/install/pplanner_interfaces/include/pplanner_interfaces/pplanner_interfaces/msg/detail/aruco_data__rosidl_typesupport_introspection_c.h
[1.835s] -- Installing: /home/rishabh/ros2_ws/install/pplanner_interfaces/include/pplanner_interfaces/pplanner_interfaces/msg/rosidl_typesupport_introspection_c__visibility_control.h
[1.835s] -- Installing: /home/rishabh/ros2_ws/install/pplanner_interfaces/lib/libpplanner_interfaces__rosidl_typesupport_introspection_c.so
[1.835s] -- Set runtime path of "/home/rishabh/ros2_ws/install/pplanner_interfaces/lib/libpplanner_interfaces__rosidl_typesupport_introspection_c.so" to ""
[1.835s] -- Installing: /home/rishabh/ros2_ws/install/pplanner_interfaces/lib/libpplanner_interfaces__rosidl_typesupport_c.so
[1.835s] -- Set runtime path of "/home/rishabh/ros2_ws/install/pplanner_interfaces/lib/libpplanner_interfaces__rosidl_typesupport_c.so" to ""
[1.835s] -- Up-to-date: /home/rishabh/ros2_ws/install/pplanner_interfaces/include/pplanner_interfaces/pplanner_interfaces
[1.835s] -- Up-to-date: /home/rishabh/ros2_ws/install/pplanner_interfaces/include/pplanner_interfaces/pplanner_interfaces/msg
[1.835s] -- Up-to-date: /home/rishabh/ros2_ws/install/pplanner_interfaces/include/pplanner_interfaces/pplanner_interfaces/msg/detail
[1.835s] -- Installing: /home/rishabh/ros2_ws/install/pplanner_interfaces/include/pplanner_interfaces/pplanner_interfaces/msg/detail/aruco_data__builder.hpp
[1.835s] -- Installing: /home/rishabh/ros2_ws/install/pplanner_interfaces/include/pplanner_interfaces/pplanner_interfaces/msg/detail/aruco_data__traits.hpp
[1.835s] -- Installing: /home/rishabh/ros2_ws/install/pplanner_interfaces/include/pplanner_interfaces/pplanner_interfaces/msg/detail/aruco_data__struct.hpp
[1.835s] -- Installing: /home/rishabh/ros2_ws/install/pplanner_interfaces/include/pplanner_interfaces/pplanner_interfaces/msg/aruco_data.hpp
[1.835s] -- Up-to-date: /home/rishabh/ros2_ws/install/pplanner_interfaces/include/pplanner_interfaces/pplanner_interfaces
[1.835s] -- Up-to-date: /home/rishabh/ros2_ws/install/pplanner_interfaces/include/pplanner_interfaces/pplanner_interfaces/msg
[1.835s] -- Up-to-date: /home/rishabh/ros2_ws/install/pplanner_interfaces/include/pplanner_interfaces/pplanner_interfaces/msg/detail
[1.835s] -- Installing: /home/rishabh/ros2_ws/install/pplanner_interfaces/include/pplanner_interfaces/pplanner_interfaces/msg/detail/dds_fastrtps
[1.835s] -- Installing: /home/rishabh/ros2_ws/install/pplanner_interfaces/include/pplanner_interfaces/pplanner_interfaces/msg/detail/aruco_data__rosidl_typesupport_fastrtps_cpp.hpp
[1.835s] -- Installing: /home/rishabh/ros2_ws/install/pplanner_interfaces/include/pplanner_interfaces/pplanner_interfaces/msg/rosidl_typesupport_fastrtps_cpp__visibility_control.h
[1.835s] -- Installing: /home/rishabh/ros2_ws/install/pplanner_interfaces/lib/libpplanner_interfaces__rosidl_typesupport_fastrtps_cpp.so
[1.835s] -- Set runtime path of "/home/rishabh/ros2_ws/install/pplanner_interfaces/lib/libpplanner_interfaces__rosidl_typesupport_fastrtps_cpp.so" to ""
[1.836s] -- Up-to-date: /home/rishabh/ros2_ws/install/pplanner_interfaces/include/pplanner_interfaces/pplanner_interfaces
[1.836s] -- Up-to-date: /home/rishabh/ros2_ws/install/pplanner_interfaces/include/pplanner_interfaces/pplanner_interfaces/msg
[1.836s] -- Up-to-date: /home/rishabh/ros2_ws/install/pplanner_interfaces/include/pplanner_interfaces/pplanner_interfaces/msg/detail
[1.836s] -- Installing: /home/rishabh/ros2_ws/install/pplanner_interfaces/include/pplanner_interfaces/pplanner_interfaces/msg/detail/aruco_data__rosidl_typesupport_introspection_cpp.hpp
[1.836s] -- Installing: /home/rishabh/ros2_ws/install/pplanner_interfaces/include/pplanner_interfaces/pplanner_interfaces/msg/detail/aruco_data__type_support.cpp
[1.836s] -- Installing: /home/rishabh/ros2_ws/install/pplanner_interfaces/lib/libpplanner_interfaces__rosidl_typesupport_introspection_cpp.so
[1.836s] -- Set runtime path of "/home/rishabh/ros2_ws/install/pplanner_interfaces/lib/libpplanner_interfaces__rosidl_typesupport_introspection_cpp.so" to ""
[1.836s] -- Installing: /home/rishabh/ros2_ws/install/pplanner_interfaces/lib/libpplanner_interfaces__rosidl_typesupport_cpp.so
[1.836s] -- Set runtime path of "/home/rishabh/ros2_ws/install/pplanner_interfaces/lib/libpplanner_interfaces__rosidl_typesupport_cpp.so" to ""
[1.836s] -- Installing: /home/rishabh/ros2_ws/install/pplanner_interfaces/share/pplanner_interfaces/environment/pythonpath.sh
[1.836s] -- Installing: /home/rishabh/ros2_ws/install/pplanner_interfaces/share/pplanner_interfaces/environment/pythonpath.dsv
[1.836s] -- Installing: /home/rishabh/ros2_ws/install/pplanner_interfaces/local/lib/python3.10/dist-packages/pplanner_interfaces-0.0.0-py3.10.egg-info
[1.836s] -- Installing: /home/rishabh/ros2_ws/install/pplanner_interfaces/local/lib/python3.10/dist-packages/pplanner_interfaces-0.0.0-py3.10.egg-info/dependency_links.txt
[1.836s] -- Installing: /home/rishabh/ros2_ws/install/pplanner_interfaces/local/lib/python3.10/dist-packages/pplanner_interfaces-0.0.0-py3.10.egg-info/top_level.txt
[1.836s] -- Installing: /home/rishabh/ros2_ws/install/pplanner_interfaces/local/lib/python3.10/dist-packages/pplanner_interfaces-0.0.0-py3.10.egg-info/PKG-INFO
[1.836s] -- Installing: /home/rishabh/ros2_ws/install/pplanner_interfaces/local/lib/python3.10/dist-packages/pplanner_interfaces-0.0.0-py3.10.egg-info/SOURCES.txt
[1.836s] -- Installing: /home/rishabh/ros2_ws/install/pplanner_interfaces/local/lib/python3.10/dist-packages/pplanner_interfaces
[1.836s] -- Installing: /home/rishabh/ros2_ws/install/pplanner_interfaces/local/lib/python3.10/dist-packages/pplanner_interfaces/_pplanner_interfaces_s.ep.rosidl_typesupport_fastrtps_c.c
[1.836s] -- Installing: /home/rishabh/ros2_ws/install/pplanner_interfaces/local/lib/python3.10/dist-packages/pplanner_interfaces/pplanner_interfaces_s__rosidl_typesupport_introspection_c.cpython-310-x86_64-linux-gnu.so
[1.836s] -- Installing: /home/rishabh/ros2_ws/install/pplanner_interfaces/local/lib/python3.10/dist-packages/pplanner_interfaces/_pplanner_interfaces_s.ep.rosidl_typesupport_c.c
[1.836s] -- Installing: /home/rishabh/ros2_ws/install/pplanner_interfaces/local/lib/python3.10/dist-packages/pplanner_interfaces/__init__.py
[1.836s] -- Installing: /home/rishabh/ros2_ws/install/pplanner_interfaces/local/lib/python3.10/dist-packages/pplanner_interfaces/_pplanner_interfaces_s.ep.rosidl_typesupport_introspection_c.c
[1.836s] -- Installing: /home/rishabh/ros2_ws/install/pplanner_interfaces/local/lib/python3.10/dist-packages/pplanner_interfaces/msg
[1.836s] -- Installing: /home/rishabh/ros2_ws/install/pplanner_interfaces/local/lib/python3.10/dist-packages/pplanner_interfaces/msg/__init__.py
[1.836s] -- Installing: /home/rishabh/ros2_ws/install/pplanner_interfaces/local/lib/python3.10/dist-packages/pplanner_interfaces/msg/_aruco_data.py
[1.836s] -- Installing: /home/rishabh/ros2_ws/install/pplanner_interfaces/local/lib/python3.10/dist-packages/pplanner_interfaces/msg/_aruco_data_s.c
[1.836s] -- Installing: /home/rishabh/ros2_ws/install/pplanner_interfaces/local/lib/python3.10/dist-packages/pplanner_interfaces/libpplanner_interfaces__rosidl_generator_py.so
[1.836s] -- Installing: /home/rishabh/ros2_ws/install/pplanner_interfaces/local/lib/python3.10/dist-packages/pplanner_interfaces/pplanner_interfaces_s__rosidl_typesupport_fastrtps_c.cpython-310-x86_64-linux-gnu.so
[1.836s] -- Installing: /home/rishabh/ros2_ws/install/pplanner_interfaces/local/lib/python3.10/dist-packages/pplanner_interfaces/pplanner_interfaces_s__rosidl_typesupport_c.cpython-310-x86_64-linux-gnu.so
[1.854s] Listing '/home/rishabh/ros2_ws/install/pplanner_interfaces/local/lib/python3.10/dist-packages/pplanner_interfaces'...
[1.854s] Compiling '/home/rishabh/ros2_ws/install/pplanner_interfaces/local/lib/python3.10/dist-packages/pplanner_interfaces/__init__.py'...
[1.854s] Listing '/home/rishabh/ros2_ws/install/pplanner_interfaces/local/lib/python3.10/dist-packages/pplanner_interfaces/msg'...
[1.855s] Compiling '/home/rishabh/ros2_ws/install/pplanner_interfaces/local/lib/python3.10/dist-packages/pplanner_interfaces/msg/__init__.py'...
[1.855s] Compiling '/home/rishabh/ros2_ws/install/pplanner_interfaces/local/lib/python3.10/dist-packages/pplanner_interfaces/msg/_aruco_data.py'...
[1.857s] -- Installing: /home/rishabh/ros2_ws/install/pplanner_interfaces/local/lib/python3.10/dist-packages/pplanner_interfaces/pplanner_interfaces_s__rosidl_typesupport_fastrtps_c.cpython-310-x86_64-linux-gnu.so
[1.857s] -- Set runtime path of "/home/rishabh/ros2_ws/install/pplanner_interfaces/local/lib/python3.10/dist-packages/pplanner_interfaces/pplanner_interfaces_s__rosidl_typesupport_fastrtps_c.cpython-310-x86_64-linux-gnu.so" to ""
[1.857s] -- Installing: /home/rishabh/ros2_ws/install/pplanner_interfaces/local/lib/python3.10/dist-packages/pplanner_interfaces/pplanner_interfaces_s__rosidl_typesupport_introspection_c.cpython-310-x86_64-linux-gnu.so
[1.857s] -- Set runtime path of "/home/rishabh/ros2_ws/install/pplanner_interfaces/local/lib/python3.10/dist-packages/pplanner_interfaces/pplanner_interfaces_s__rosidl_typesupport_introspection_c.cpython-310-x86_64-linux-gnu.so" to ""
[1.857s] -- Installing: /home/rishabh/ros2_ws/install/pplanner_interfaces/local/lib/python3.10/dist-packages/pplanner_interfaces/pplanner_interfaces_s__rosidl_typesupport_c.cpython-310-x86_64-linux-gnu.so
[1.857s] -- Set runtime path of "/home/rishabh/ros2_ws/install/pplanner_interfaces/local/lib/python3.10/dist-packages/pplanner_interfaces/pplanner_interfaces_s__rosidl_typesupport_c.cpython-310-x86_64-linux-gnu.so" to ""
[1.857s] -- Installing: /home/rishabh/ros2_ws/install/pplanner_interfaces/lib/libpplanner_interfaces__rosidl_generator_py.so
[1.857s] -- Set runtime path of "/home/rishabh/ros2_ws/install/pplanner_interfaces/lib/libpplanner_interfaces__rosidl_generator_py.so" to ""
[1.857s] -- Installing: /home/rishabh/ros2_ws/install/pplanner_interfaces/share/pplanner_interfaces/msg/ArucoData.idl
[1.857s] -- Installing: /home/rishabh/ros2_ws/install/pplanner_interfaces/share/pplanner_interfaces/msg/ArucoData.msg
[1.857s] -- Installing: /home/rishabh/ros2_ws/install/pplanner_interfaces/share/ament_index/resource_index/package_run_dependencies/pplanner_interfaces
[1.858s] -- Installing: /home/rishabh/ros2_ws/install/pplanner_interfaces/share/ament_index/resource_index/parent_prefix_path/pplanner_interfaces
[1.858s] -- Installing: /home/rishabh/ros2_ws/install/pplanner_interfaces/share/pplanner_interfaces/environment/ament_prefix_path.sh
[1.858s] -- Installing: /home/rishabh/ros2_ws/install/pplanner_interfaces/share/pplanner_interfaces/environment/ament_prefix_path.dsv
[1.858s] -- Installing: /home/rishabh/ros2_ws/install/pplanner_interfaces/share/pplanner_interfaces/environment/path.sh
[1.858s] -- Installing: /home/rishabh/ros2_ws/install/pplanner_interfaces/share/pplanner_interfaces/environment/path.dsv
[1.858s] -- Installing: /home/rishabh/ros2_ws/install/pplanner_interfaces/share/pplanner_interfaces/local_setup.bash
[1.858s] -- Installing: /home/rishabh/ros2_ws/install/pplanner_interfaces/share/pplanner_interfaces/local_setup.sh
[1.858s] -- Installing: /home/rishabh/ros2_ws/install/pplanner_interfaces/share/pplanner_interfaces/local_setup.zsh
[1.858s] -- Installing: /home/rishabh/ros2_ws/install/pplanner_interfaces/share/pplanner_interfaces/local_setup.dsv
[1.858s] -- Installing: /home/rishabh/ros2_ws/install/pplanner_interfaces/share/pplanner_interfaces/package.dsv
[1.858s] -- Installing: /home/rishabh/ros2_ws/install/pplanner_interfaces/share/ament_index/resource_index/packages/pplanner_interfaces
[1.858s] -- Installing: /home/rishabh/ros2_ws/install/pplanner_interfaces/share/pplanner_interfaces/cmake/export_pplanner_interfaces__rosidl_generator_cExport.cmake
[1.858s] -- Installing: /home/rishabh/ros2_ws/install/pplanner_interfaces/share/pplanner_interfaces/cmake/export_pplanner_interfaces__rosidl_generator_cExport-noconfig.cmake
[1.858s] -- Installing: /home/rishabh/ros2_ws/install/pplanner_interfaces/share/pplanner_interfaces/cmake/export_pplanner_interfaces__rosidl_typesupport_fastrtps_cExport.cmake
[1.858s] -- Installing: /home/rishabh/ros2_ws/install/pplanner_interfaces/share/pplanner_interfaces/cmake/export_pplanner_interfaces__rosidl_typesupport_fastrtps_cExport-noconfig.cmake
[1.858s] -- Installing: /home/rishabh/ros2_ws/install/pplanner_interfaces/share/pplanner_interfaces/cmake/pplanner_interfaces__rosidl_typesupport_introspection_cExport.cmake
[1.858s] -- Installing: /home/rishabh/ros2_ws/install/pplanner_interfaces/share/pplanner_interfaces/cmake/pplanner_interfaces__rosidl_typesupport_introspection_cExport-noconfig.cmake
[1.858s] -- Installing: /home/rishabh/ros2_ws/install/pplanner_interfaces/share/pplanner_interfaces/cmake/pplanner_interfaces__rosidl_typesupport_cExport.cmake
[1.858s] -- Installing: /home/rishabh/ros2_ws/install/pplanner_interfaces/share/pplanner_interfaces/cmake/pplanner_interfaces__rosidl_typesupport_cExport-noconfig.cmake
[1.858s] -- Installing: /home/rishabh/ros2_ws/install/pplanner_interfaces/share/pplanner_interfaces/cmake/export_pplanner_interfaces__rosidl_generator_cppExport.cmake
[1.858s] -- Installing: /home/rishabh/ros2_ws/install/pplanner_interfaces/share/pplanner_interfaces/cmake/export_pplanner_interfaces__rosidl_typesupport_fastrtps_cppExport.cmake
[1.858s] -- Installing: /home/rishabh/ros2_ws/install/pplanner_interfaces/share/pplanner_interfaces/cmake/export_pplanner_interfaces__rosidl_typesupport_fastrtps_cppExport-noconfig.cmake
[1.858s] -- Installing: /home/rishabh/ros2_ws/install/pplanner_interfaces/share/pplanner_interfaces/cmake/pplanner_interfaces__rosidl_typesupport_introspection_cppExport.cmake
[1.858s] -- Installing: /home/rishabh/ros2_ws/install/pplanner_interfaces/share/pplanner_interfaces/cmake/pplanner_interfaces__rosidl_typesupport_introspection_cppExport-noconfig.cmake
[1.858s] -- Installing: /home/rishabh/ros2_ws/install/pplanner_interfaces/share/pplanner_interfaces/cmake/pplanner_interfaces__rosidl_typesupport_cppExport.cmake
[1.859s] -- Installing: /home/rishabh/ros2_ws/install/pplanner_interfaces/share/pplanner_interfaces/cmake/pplanner_interfaces__rosidl_typesupport_cppExport-noconfig.cmake
[1.859s] -- Installing: /home/rishabh/ros2_ws/install/pplanner_interfaces/share/pplanner_interfaces/cmake/export_pplanner_interfaces__rosidl_generator_pyExport.cmake
[1.859s] -- Installing: /home/rishabh/ros2_ws/install/pplanner_interfaces/share/pplanner_interfaces/cmake/export_pplanner_interfaces__rosidl_generator_pyExport-noconfig.cmake
[1.859s] -- Installing: /home/rishabh/ros2_ws/install/pplanner_interfaces/share/pplanner_interfaces/cmake/rosidl_cmake-extras.cmake
[1.859s] -- Installing: /home/rishabh/ros2_ws/install/pplanner_interfaces/share/pplanner_interfaces/cmake/ament_cmake_export_include_directories-extras.cmake
[1.859s] -- Installing: /home/rishabh/ros2_ws/install/pplanner_interfaces/share/pplanner_interfaces/cmake/ament_cmake_export_libraries-extras.cmake
[1.859s] -- Installing: /home/rishabh/ros2_ws/install/pplanner_interfaces/share/pplanner_interfaces/cmake/ament_cmake_export_targets-extras.cmake
[1.859s] -- Installing: /home/rishabh/ros2_ws/install/pplanner_interfaces/share/pplanner_interfaces/cmake/rosidl_cmake_export_typesupport_targets-extras.cmake
[1.859s] -- Installing: /home/rishabh/ros2_ws/install/pplanner_interfaces/share/pplanner_interfaces/cmake/ament_cmake_export_dependencies-extras.cmake
[1.859s] -- Installing: /home/rishabh/ros2_ws/install/pplanner_interfaces/share/pplanner_interfaces/cmake/rosidl_cmake_export_typesupport_libraries-extras.cmake
[1.859s] -- Installing: /home/rishabh/ros2_ws/install/pplanner_interfaces/share/pplanner_interfaces/cmake/pplanner_interfacesConfig.cmake
[1.859s] -- Installing: /home/rishabh/ros2_ws/install/pplanner_interfaces/share/pplanner_interfaces/cmake/pplanner_interfacesConfig-version.cmake
[1.859s] -- Installing: /home/rishabh/ros2_ws/install/pplanner_interfaces/share/pplanner_interfaces/package.xml
[1.860s] Invoked command in '/home/rishabh/ros2_ws/build/pplanner_interfaces' returned '0': CMAKE_PREFIX_PATH=/opt/ros/humble /usr/bin/cmake --install /home/rishabh/ros2_ws/build/pplanner_interfaces
