[0.396s] DEBUG:colcon:Command line arguments: ['/usr/bin/colcon', 'build']
[0.396s] DEBUG:colcon:Parsed command line arguments: Namespace(log_base=None, log_level=None, verb_name='build', build_base='build', install_base='install', merge_install=False, symlink_install=False, test_result_base=None, continue_on_error=False, executor='parallel', parallel_workers=20, event_handlers=None, ignore_user_meta=False, metas=['./colcon.meta'], base_paths=['.'], packages_ignore=None, packages_ignore_regex=None, paths=None, packages_up_to=None, packages_up_to_regex=None, packages_above=None, packages_above_and_dependencies=None, packages_above_depth=None, packages_select_by_dep=None, packages_skip_by_dep=None, packages_skip_up_to=None, packages_select_build_failed=False, packages_skip_build_finished=False, packages_select_test_failures=False, packages_skip_test_passed=False, packages_select=None, packages_skip=None, packages_select_regex=None, packages_skip_regex=None, packages_start=None, packages_end=None, allow_overriding=[], cmake_args=None, cmake_target=None, cmake_target_skip_unavailable=False, cmake_clean_cache=False, cmake_clean_first=False, cmake_force_configure=False, ament_cmake_args=None, catkin_cmake_args=None, catkin_skip_building_tests=False, verb_parser=<colcon_defaults.argument_parser.defaults.DefaultArgumentsDecorator object at 0x7f76adb71600>, verb_extension=<colcon_core.verb.build.BuildVerb object at 0x7f76adfd7250>, main=<bound method BuildVerb.main of <colcon_core.verb.build.BuildVerb object at 0x7f76adfd7250>>)
[0.416s] Level 1:colcon.colcon_core.package_discovery:discover_packages(colcon_meta) check parameters
[0.416s] Level 1:colcon.colcon_core.package_discovery:discover_packages(recursive) check parameters
[0.416s] Level 1:colcon.colcon_core.package_discovery:discover_packages(ignore) check parameters
[0.416s] Level 1:colcon.colcon_core.package_discovery:discover_packages(path) check parameters
[0.416s] Level 1:colcon.colcon_core.package_discovery:discover_packages(colcon_meta) discover
[0.416s] Level 1:colcon.colcon_core.package_discovery:discover_packages(recursive) discover
[0.416s] INFO:colcon.colcon_core.package_discovery:Crawling recursively for packages in '/home/rishabh/ros2_ws'
[0.416s] Level 1:colcon.colcon_core.package_identification:_identify(.) by extensions ['ignore', 'ignore_ament_install']
[0.416s] Level 1:colcon.colcon_core.package_identification:_identify(.) by extension 'ignore'
[0.416s] Level 1:colcon.colcon_core.package_identification:_identify(.) by extension 'ignore_ament_install'
[0.416s] Level 1:colcon.colcon_core.package_identification:_identify(.) by extensions ['colcon_pkg']
[0.416s] Level 1:colcon.colcon_core.package_identification:_identify(.) by extension 'colcon_pkg'
[0.416s] Level 1:colcon.colcon_core.package_identification:_identify(.) by extensions ['colcon_meta']
[0.416s] Level 1:colcon.colcon_core.package_identification:_identify(.) by extension 'colcon_meta'
[0.416s] Level 1:colcon.colcon_core.package_identification:_identify(.) by extensions ['ros']
[0.416s] Level 1:colcon.colcon_core.package_identification:_identify(.) by extension 'ros'
[0.422s] Level 1:colcon.colcon_core.package_identification:_identify(.) by extensions ['cmake', 'python']
[0.422s] Level 1:colcon.colcon_core.package_identification:_identify(.) by extension 'cmake'
[0.422s] Level 1:colcon.colcon_core.package_identification:_identify(.) by extension 'python'
[0.422s] Level 1:colcon.colcon_core.package_identification:_identify(.) by extensions ['python_setup_py']
[0.422s] Level 1:colcon.colcon_core.package_identification:_identify(.) by extension 'python_setup_py'
[0.422s] Level 1:colcon.colcon_core.package_identification:_identify(build) by extensions ['ignore', 'ignore_ament_install']
[0.422s] Level 1:colcon.colcon_core.package_identification:_identify(build) by extension 'ignore'
[0.422s] Level 1:colcon.colcon_core.package_identification:_identify(build) ignored
[0.422s] Level 1:colcon.colcon_core.package_identification:_identify(install) by extensions ['ignore', 'ignore_ament_install']
[0.422s] Level 1:colcon.colcon_core.package_identification:_identify(install) by extension 'ignore'
[0.422s] Level 1:colcon.colcon_core.package_identification:_identify(install) ignored
[0.422s] Level 1:colcon.colcon_core.package_identification:_identify(log) by extensions ['ignore', 'ignore_ament_install']
[0.422s] Level 1:colcon.colcon_core.package_identification:_identify(log) by extension 'ignore'
[0.422s] Level 1:colcon.colcon_core.package_identification:_identify(log) ignored
[0.422s] Level 1:colcon.colcon_core.package_identification:_identify(src) by extensions ['ignore', 'ignore_ament_install']
[0.422s] Level 1:colcon.colcon_core.package_identification:_identify(src) by extension 'ignore'
[0.422s] Level 1:colcon.colcon_core.package_identification:_identify(src) by extension 'ignore_ament_install'
[0.423s] Level 1:colcon.colcon_core.package_identification:_identify(src) by extensions ['colcon_pkg']
[0.423s] Level 1:colcon.colcon_core.package_identification:_identify(src) by extension 'colcon_pkg'
[0.423s] Level 1:colcon.colcon_core.package_identification:_identify(src) by extensions ['colcon_meta']
[0.423s] Level 1:colcon.colcon_core.package_identification:_identify(src) by extension 'colcon_meta'
[0.423s] Level 1:colcon.colcon_core.package_identification:_identify(src) by extensions ['ros']
[0.423s] Level 1:colcon.colcon_core.package_identification:_identify(src) by extension 'ros'
[0.423s] Level 1:colcon.colcon_core.package_identification:_identify(src) by extensions ['cmake', 'python']
[0.423s] Level 1:colcon.colcon_core.package_identification:_identify(src) by extension 'cmake'
[0.423s] Level 1:colcon.colcon_core.package_identification:_identify(src) by extension 'python'
[0.423s] Level 1:colcon.colcon_core.package_identification:_identify(src) by extensions ['python_setup_py']
[0.423s] Level 1:colcon.colcon_core.package_identification:_identify(src) by extension 'python_setup_py'
[0.423s] Level 1:colcon.colcon_core.package_identification:_identify(src/percepto_planner) by extensions ['ignore', 'ignore_ament_install']
[0.423s] Level 1:colcon.colcon_core.package_identification:_identify(src/percepto_planner) by extension 'ignore'
[0.423s] Level 1:colcon.colcon_core.package_identification:_identify(src/percepto_planner) by extension 'ignore_ament_install'
[0.423s] Level 1:colcon.colcon_core.package_identification:_identify(src/percepto_planner) by extensions ['colcon_pkg']
[0.423s] Level 1:colcon.colcon_core.package_identification:_identify(src/percepto_planner) by extension 'colcon_pkg'
[0.423s] Level 1:colcon.colcon_core.package_identification:_identify(src/percepto_planner) by extensions ['colcon_meta']
[0.423s] Level 1:colcon.colcon_core.package_identification:_identify(src/percepto_planner) by extension 'colcon_meta'
[0.423s] Level 1:colcon.colcon_core.package_identification:_identify(src/percepto_planner) by extensions ['ros']
[0.423s] Level 1:colcon.colcon_core.package_identification:_identify(src/percepto_planner) by extension 'ros'
[0.424s] DEBUG:colcon.colcon_core.package_identification:Package 'src/percepto_planner' with type 'ros.ament_python' and name 'percepto_planner'
[0.424s] Level 1:colcon.colcon_core.package_identification:_identify(src/pplanner_interfaces) by extensions ['ignore', 'ignore_ament_install']
[0.424s] Level 1:colcon.colcon_core.package_identification:_identify(src/pplanner_interfaces) by extension 'ignore'
[0.424s] Level 1:colcon.colcon_core.package_identification:_identify(src/pplanner_interfaces) by extension 'ignore_ament_install'
[0.424s] Level 1:colcon.colcon_core.package_identification:_identify(src/pplanner_interfaces) by extensions ['colcon_pkg']
[0.424s] Level 1:colcon.colcon_core.package_identification:_identify(src/pplanner_interfaces) by extension 'colcon_pkg'
[0.424s] Level 1:colcon.colcon_core.package_identification:_identify(src/pplanner_interfaces) by extensions ['colcon_meta']
[0.424s] Level 1:colcon.colcon_core.package_identification:_identify(src/pplanner_interfaces) by extension 'colcon_meta'
[0.424s] Level 1:colcon.colcon_core.package_identification:_identify(src/pplanner_interfaces) by extensions ['ros']
[0.424s] Level 1:colcon.colcon_core.package_identification:_identify(src/pplanner_interfaces) by extension 'ros'
[0.425s] DEBUG:colcon.colcon_core.package_identification:Package 'src/pplanner_interfaces' with type 'ros.ament_cmake' and name 'pplanner_interfaces'
[0.425s] Level 1:colcon.colcon_core.package_discovery:discover_packages(recursive) using defaults
[0.425s] Level 1:colcon.colcon_core.package_discovery:discover_packages(ignore) discover
[0.425s] Level 1:colcon.colcon_core.package_discovery:discover_packages(ignore) using defaults
[0.425s] Level 1:colcon.colcon_core.package_discovery:discover_packages(path) discover
[0.425s] Level 1:colcon.colcon_core.package_discovery:discover_packages(path) using defaults
[0.462s] Level 1:colcon.colcon_core.package_discovery:discover_packages(prefix_path) check parameters
[0.462s] Level 1:colcon.colcon_core.package_discovery:discover_packages(prefix_path) discover
[0.473s] DEBUG:colcon.colcon_installed_package_information.package_discovery:Found 2 installed packages in /home/rishabh/ros2_ws/install
[0.480s] DEBUG:colcon.colcon_installed_package_information.package_discovery:Found 323 installed packages in /opt/ros/humble
[0.480s] Level 1:colcon.colcon_core.package_discovery:discover_packages(prefix_path) using defaults
[0.522s] Level 5:colcon.colcon_core.verb:set package 'pplanner_interfaces' build argument 'cmake_args' from command line to 'None'
[0.522s] Level 5:colcon.colcon_core.verb:set package 'pplanner_interfaces' build argument 'cmake_target' from command line to 'None'
[0.522s] Level 5:colcon.colcon_core.verb:set package 'pplanner_interfaces' build argument 'cmake_target_skip_unavailable' from command line to 'False'
[0.522s] Level 5:colcon.colcon_core.verb:set package 'pplanner_interfaces' build argument 'cmake_clean_cache' from command line to 'False'
[0.522s] Level 5:colcon.colcon_core.verb:set package 'pplanner_interfaces' build argument 'cmake_clean_first' from command line to 'False'
[0.523s] Level 5:colcon.colcon_core.verb:set package 'pplanner_interfaces' build argument 'cmake_force_configure' from command line to 'False'
[0.523s] Level 5:colcon.colcon_core.verb:set package 'pplanner_interfaces' build argument 'ament_cmake_args' from command line to 'None'
[0.523s] Level 5:colcon.colcon_core.verb:set package 'pplanner_interfaces' build argument 'catkin_cmake_args' from command line to 'None'
[0.523s] Level 5:colcon.colcon_core.verb:set package 'pplanner_interfaces' build argument 'catkin_skip_building_tests' from command line to 'False'
[0.523s] DEBUG:colcon.colcon_core.verb:Building package 'pplanner_interfaces' with the following arguments: {'ament_cmake_args': None, 'build_base': '/home/rishabh/ros2_ws/build/pplanner_interfaces', 'catkin_cmake_args': None, 'catkin_skip_building_tests': False, 'cmake_args': None, 'cmake_clean_cache': False, 'cmake_clean_first': False, 'cmake_force_configure': False, 'cmake_target': None, 'cmake_target_skip_unavailable': False, 'install_base': '/home/rishabh/ros2_ws/install/pplanner_interfaces', 'merge_install': False, 'path': '/home/rishabh/ros2_ws/src/pplanner_interfaces', 'symlink_install': False, 'test_result_base': None}
[0.528s] Level 5:colcon.colcon_core.verb:set package 'percepto_planner' build argument 'cmake_args' from command line to 'None'
[0.528s] Level 5:colcon.colcon_core.verb:set package 'percepto_planner' build argument 'cmake_target' from command line to 'None'
[0.528s] Level 5:colcon.colcon_core.verb:set package 'percepto_planner' build argument 'cmake_target_skip_unavailable' from command line to 'False'
[0.528s] Level 5:colcon.colcon_core.verb:set package 'percepto_planner' build argument 'cmake_clean_cache' from command line to 'False'
[0.528s] Level 5:colcon.colcon_core.verb:set package 'percepto_planner' build argument 'cmake_clean_first' from command line to 'False'
[0.528s] Level 5:colcon.colcon_core.verb:set package 'percepto_planner' build argument 'cmake_force_configure' from command line to 'False'
[0.528s] Level 5:colcon.colcon_core.verb:set package 'percepto_planner' build argument 'ament_cmake_args' from command line to 'None'
[0.528s] Level 5:colcon.colcon_core.verb:set package 'percepto_planner' build argument 'catkin_cmake_args' from command line to 'None'
[0.528s] Level 5:colcon.colcon_core.verb:set package 'percepto_planner' build argument 'catkin_skip_building_tests' from command line to 'False'
[0.528s] DEBUG:colcon.colcon_core.verb:Building package 'percepto_planner' with the following arguments: {'ament_cmake_args': None, 'build_base': '/home/rishabh/ros2_ws/build/percepto_planner', 'catkin_cmake_args': None, 'catkin_skip_building_tests': False, 'cmake_args': None, 'cmake_clean_cache': False, 'cmake_clean_first': False, 'cmake_force_configure': False, 'cmake_target': None, 'cmake_target_skip_unavailable': False, 'install_base': '/home/rishabh/ros2_ws/install/percepto_planner', 'merge_install': False, 'path': '/home/rishabh/ros2_ws/src/percepto_planner', 'symlink_install': False, 'test_result_base': None}
[0.534s] INFO:colcon.colcon_core.executor:Executing jobs using 'parallel' executor
[0.540s] DEBUG:colcon.colcon_parallel_executor.executor.parallel:run_until_complete
[0.540s] INFO:colcon.colcon_ros.task.ament_cmake.build:Building ROS package in '/home/rishabh/ros2_ws/src/pplanner_interfaces' with build type 'ament_cmake'
[0.540s] INFO:colcon.colcon_cmake.task.cmake.build:Building CMake package in '/home/rishabh/ros2_ws/src/pplanner_interfaces'
[0.546s] INFO:colcon.colcon_core.plugin_system:Skipping extension 'colcon_core.shell.bat': Not used on non-Windows systems
[0.546s] INFO:colcon.colcon_core.shell:Skip shell extension 'powershell' for command environment: Not usable outside of PowerShell
[0.546s] DEBUG:colcon.colcon_core.shell:Skip shell extension 'dsv' for command environment
[0.568s] DEBUG:colcon.colcon_core.event_handler.log_command:Invoking command in '/home/rishabh/ros2_ws/build/pplanner_interfaces': CMAKE_PREFIX_PATH=${CMAKE_PREFIX_PATH}:/home/rishabh/ros2_ws/install/percepto_planner:/opt/ros/humble /usr/bin/cmake --build /home/rishabh/ros2_ws/build/pplanner_interfaces -- -j20 -l20
[0.760s] DEBUG:colcon.colcon_core.event_handler.log_command:Invoked command in '/home/rishabh/ros2_ws/build/pplanner_interfaces' returned '0': CMAKE_PREFIX_PATH=${CMAKE_PREFIX_PATH}:/home/rishabh/ros2_ws/install/percepto_planner:/opt/ros/humble /usr/bin/cmake --build /home/rishabh/ros2_ws/build/pplanner_interfaces -- -j20 -l20
[0.818s] DEBUG:colcon.colcon_core.event_handler.log_command:Invoking command in '/home/rishabh/ros2_ws/build/pplanner_interfaces': CMAKE_PREFIX_PATH=${CMAKE_PREFIX_PATH}:/home/rishabh/ros2_ws/install/percepto_planner:/opt/ros/humble /usr/bin/cmake --install /home/rishabh/ros2_ws/build/pplanner_interfaces
[0.845s] Level 1:colcon.colcon_core.environment:create_environment_scripts_only(pplanner_interfaces)
[0.846s] DEBUG:colcon.colcon_core.event_handler.log_command:Invoked command in '/home/rishabh/ros2_ws/build/pplanner_interfaces' returned '0': CMAKE_PREFIX_PATH=${CMAKE_PREFIX_PATH}:/home/rishabh/ros2_ws/install/percepto_planner:/opt/ros/humble /usr/bin/cmake --install /home/rishabh/ros2_ws/build/pplanner_interfaces
[0.859s] Level 1:colcon.colcon_core.environment:checking '/home/rishabh/ros2_ws/install/pplanner_interfaces' for CMake module files
[0.859s] Level 1:colcon.colcon_core.environment:checking '/home/rishabh/ros2_ws/install/pplanner_interfaces' for CMake config files
[0.860s] Level 1:colcon.colcon_core.shell:create_environment_hook('pplanner_interfaces', 'cmake_prefix_path')
[0.865s] INFO:colcon.colcon_core.shell:Creating environment hook '/home/rishabh/ros2_ws/install/pplanner_interfaces/share/pplanner_interfaces/hook/cmake_prefix_path.ps1'
[0.866s] INFO:colcon.colcon_core.shell:Creating environment descriptor '/home/rishabh/ros2_ws/install/pplanner_interfaces/share/pplanner_interfaces/hook/cmake_prefix_path.dsv'
[0.866s] INFO:colcon.colcon_core.shell:Creating environment hook '/home/rishabh/ros2_ws/install/pplanner_interfaces/share/pplanner_interfaces/hook/cmake_prefix_path.sh'
[0.867s] Level 1:colcon.colcon_core.environment:checking '/home/rishabh/ros2_ws/install/pplanner_interfaces/lib'
[0.867s] Level 1:colcon.colcon_core.shell:create_environment_hook('pplanner_interfaces', 'ld_library_path_lib')
[0.873s] INFO:colcon.colcon_core.shell:Creating environment hook '/home/rishabh/ros2_ws/install/pplanner_interfaces/share/pplanner_interfaces/hook/ld_library_path_lib.ps1'
[0.873s] INFO:colcon.colcon_core.shell:Creating environment descriptor '/home/rishabh/ros2_ws/install/pplanner_interfaces/share/pplanner_interfaces/hook/ld_library_path_lib.dsv'
[0.873s] INFO:colcon.colcon_core.shell:Creating environment hook '/home/rishabh/ros2_ws/install/pplanner_interfaces/share/pplanner_interfaces/hook/ld_library_path_lib.sh'
[0.873s] Level 1:colcon.colcon_core.environment:checking '/home/rishabh/ros2_ws/install/pplanner_interfaces/bin'
[0.873s] Level 1:colcon.colcon_core.environment:checking '/home/rishabh/ros2_ws/install/pplanner_interfaces/lib/pkgconfig/pplanner_interfaces.pc'
[0.874s] Level 1:colcon.colcon_core.environment:checking '/home/rishabh/ros2_ws/install/pplanner_interfaces/lib/python3.10/site-packages'
[0.874s] Level 1:colcon.colcon_core.environment:checking '/home/rishabh/ros2_ws/install/pplanner_interfaces/bin'
[0.880s] INFO:colcon.colcon_core.shell:Creating package script '/home/rishabh/ros2_ws/install/pplanner_interfaces/share/pplanner_interfaces/package.ps1'
[0.880s] INFO:colcon.colcon_core.shell:Creating package descriptor '/home/rishabh/ros2_ws/install/pplanner_interfaces/share/pplanner_interfaces/package.dsv'
[0.881s] INFO:colcon.colcon_core.shell:Creating package script '/home/rishabh/ros2_ws/install/pplanner_interfaces/share/pplanner_interfaces/package.sh'
[0.881s] INFO:colcon.colcon_core.shell:Creating package script '/home/rishabh/ros2_ws/install/pplanner_interfaces/share/pplanner_interfaces/package.bash'
[0.881s] INFO:colcon.colcon_core.shell:Creating package script '/home/rishabh/ros2_ws/install/pplanner_interfaces/share/pplanner_interfaces/package.zsh'
[0.882s] Level 1:colcon.colcon_core.environment:create_file_with_runtime_dependencies(/home/rishabh/ros2_ws/install/pplanner_interfaces/share/colcon-core/packages/pplanner_interfaces)
[0.923s] Level 1:colcon.colcon_core.environment:create_environment_scripts_only(pplanner_interfaces)
[0.928s] Level 1:colcon.colcon_core.environment:checking '/home/rishabh/ros2_ws/install/pplanner_interfaces' for CMake module files
[0.929s] Level 1:colcon.colcon_core.environment:checking '/home/rishabh/ros2_ws/install/pplanner_interfaces' for CMake config files
[0.929s] Level 1:colcon.colcon_core.shell:create_environment_hook('pplanner_interfaces', 'cmake_prefix_path')
[0.934s] INFO:colcon.colcon_core.shell:Creating environment hook '/home/rishabh/ros2_ws/install/pplanner_interfaces/share/pplanner_interfaces/hook/cmake_prefix_path.ps1'
[0.935s] INFO:colcon.colcon_core.shell:Creating environment descriptor '/home/rishabh/ros2_ws/install/pplanner_interfaces/share/pplanner_interfaces/hook/cmake_prefix_path.dsv'
[0.935s] INFO:colcon.colcon_core.shell:Creating environment hook '/home/rishabh/ros2_ws/install/pplanner_interfaces/share/pplanner_interfaces/hook/cmake_prefix_path.sh'
[0.935s] Level 1:colcon.colcon_core.environment:checking '/home/rishabh/ros2_ws/install/pplanner_interfaces/lib'
[0.935s] Level 1:colcon.colcon_core.shell:create_environment_hook('pplanner_interfaces', 'ld_library_path_lib')
[0.941s] INFO:colcon.colcon_core.shell:Creating environment hook '/home/rishabh/ros2_ws/install/pplanner_interfaces/share/pplanner_interfaces/hook/ld_library_path_lib.ps1'
[0.941s] INFO:colcon.colcon_core.shell:Creating environment descriptor '/home/rishabh/ros2_ws/install/pplanner_interfaces/share/pplanner_interfaces/hook/ld_library_path_lib.dsv'
[0.941s] INFO:colcon.colcon_core.shell:Creating environment hook '/home/rishabh/ros2_ws/install/pplanner_interfaces/share/pplanner_interfaces/hook/ld_library_path_lib.sh'
[0.941s] Level 1:colcon.colcon_core.environment:checking '/home/rishabh/ros2_ws/install/pplanner_interfaces/bin'
[0.941s] Level 1:colcon.colcon_core.environment:checking '/home/rishabh/ros2_ws/install/pplanner_interfaces/lib/pkgconfig/pplanner_interfaces.pc'
[0.941s] Level 1:colcon.colcon_core.environment:checking '/home/rishabh/ros2_ws/install/pplanner_interfaces/lib/python3.10/site-packages'
[0.942s] Level 1:colcon.colcon_core.environment:checking '/home/rishabh/ros2_ws/install/pplanner_interfaces/bin'
[0.947s] INFO:colcon.colcon_core.shell:Creating package script '/home/rishabh/ros2_ws/install/pplanner_interfaces/share/pplanner_interfaces/package.ps1'
[0.948s] INFO:colcon.colcon_core.shell:Creating package descriptor '/home/rishabh/ros2_ws/install/pplanner_interfaces/share/pplanner_interfaces/package.dsv'
[0.948s] INFO:colcon.colcon_core.shell:Creating package script '/home/rishabh/ros2_ws/install/pplanner_interfaces/share/pplanner_interfaces/package.sh'
[0.948s] INFO:colcon.colcon_core.shell:Creating package script '/home/rishabh/ros2_ws/install/pplanner_interfaces/share/pplanner_interfaces/package.bash'
[0.948s] INFO:colcon.colcon_core.shell:Creating package script '/home/rishabh/ros2_ws/install/pplanner_interfaces/share/pplanner_interfaces/package.zsh'
[0.948s] Level 1:colcon.colcon_core.environment:create_file_with_runtime_dependencies(/home/rishabh/ros2_ws/install/pplanner_interfaces/share/colcon-core/packages/pplanner_interfaces)
[0.948s] INFO:colcon.colcon_ros.task.ament_python.build:Building ROS package in '/home/rishabh/ros2_ws/src/percepto_planner' with build type 'ament_python'
[0.949s] Level 1:colcon.colcon_core.shell:create_environment_hook('percepto_planner', 'ament_prefix_path')
[0.955s] INFO:colcon.colcon_core.shell:Creating environment hook '/home/rishabh/ros2_ws/install/percepto_planner/share/percepto_planner/hook/ament_prefix_path.ps1'
[0.955s] INFO:colcon.colcon_core.shell:Creating environment descriptor '/home/rishabh/ros2_ws/install/percepto_planner/share/percepto_planner/hook/ament_prefix_path.dsv'
[0.955s] INFO:colcon.colcon_core.shell:Creating environment hook '/home/rishabh/ros2_ws/install/percepto_planner/share/percepto_planner/hook/ament_prefix_path.sh'
[0.961s] INFO:colcon.colcon_core.shell:Skip shell extension 'powershell' for command environment: Not usable outside of PowerShell
[0.961s] DEBUG:colcon.colcon_core.shell:Skip shell extension 'dsv' for command environment
[1.103s] INFO:colcon.colcon_core.task.python.build:Building Python package in '/home/rishabh/ros2_ws/src/percepto_planner'
[1.109s] INFO:colcon.colcon_core.shell:Skip shell extension 'powershell' for command environment: Not usable outside of PowerShell
[1.109s] DEBUG:colcon.colcon_core.shell:Skip shell extension 'dsv' for command environment
[1.299s] DEBUG:colcon.colcon_core.event_handler.log_command:Invoking command in '/home/rishabh/ros2_ws/src/percepto_planner': PYTHONPATH=/home/rishabh/ros2_ws/build/percepto_planner/prefix_override:/home/rishabh/ros2_ws/install/percepto_planner/lib/python3.10/site-packages:${PYTHONPATH} /usr/bin/python3 setup.py egg_info --egg-base ../../build/percepto_planner build --build-base /home/rishabh/ros2_ws/build/percepto_planner/build install --record /home/rishabh/ros2_ws/build/percepto_planner/install.log --single-version-externally-managed
[1.435s] DEBUG:colcon.colcon_core.event_handler.log_command:Invoked command in '/home/rishabh/ros2_ws/src/percepto_planner' returned '0': PYTHONPATH=/home/rishabh/ros2_ws/build/percepto_planner/prefix_override:/home/rishabh/ros2_ws/install/percepto_planner/lib/python3.10/site-packages:${PYTHONPATH} /usr/bin/python3 setup.py egg_info --egg-base ../../build/percepto_planner build --build-base /home/rishabh/ros2_ws/build/percepto_planner/build install --record /home/rishabh/ros2_ws/build/percepto_planner/install.log --single-version-externally-managed
[1.441s] Level 1:colcon.colcon_core.environment:checking '/home/rishabh/ros2_ws/install/percepto_planner' for CMake module files
[1.442s] Level 1:colcon.colcon_core.environment:checking '/home/rishabh/ros2_ws/install/percepto_planner' for CMake config files
[1.442s] Level 1:colcon.colcon_core.environment:checking '/home/rishabh/ros2_ws/install/percepto_planner/lib'
[1.442s] Level 1:colcon.colcon_core.environment:checking '/home/rishabh/ros2_ws/install/percepto_planner/bin'
[1.442s] Level 1:colcon.colcon_core.environment:checking '/home/rishabh/ros2_ws/install/percepto_planner/lib/pkgconfig/percepto_planner.pc'
[1.442s] Level 1:colcon.colcon_core.environment:checking '/home/rishabh/ros2_ws/install/percepto_planner/lib/python3.10/site-packages'
[1.442s] Level 1:colcon.colcon_core.shell:create_environment_hook('percepto_planner', 'pythonpath')
[1.448s] INFO:colcon.colcon_core.shell:Creating environment hook '/home/rishabh/ros2_ws/install/percepto_planner/share/percepto_planner/hook/pythonpath.ps1'
[1.448s] INFO:colcon.colcon_core.shell:Creating environment descriptor '/home/rishabh/ros2_ws/install/percepto_planner/share/percepto_planner/hook/pythonpath.dsv'
[1.448s] INFO:colcon.colcon_core.shell:Creating environment hook '/home/rishabh/ros2_ws/install/percepto_planner/share/percepto_planner/hook/pythonpath.sh'
[1.448s] Level 1:colcon.colcon_core.environment:checking '/home/rishabh/ros2_ws/install/percepto_planner/bin'
[1.448s] Level 1:colcon.colcon_core.environment:create_environment_scripts_only(percepto_planner)
[1.454s] INFO:colcon.colcon_core.shell:Creating package script '/home/rishabh/ros2_ws/install/percepto_planner/share/percepto_planner/package.ps1'
[1.454s] INFO:colcon.colcon_core.shell:Creating package descriptor '/home/rishabh/ros2_ws/install/percepto_planner/share/percepto_planner/package.dsv'
[1.455s] INFO:colcon.colcon_core.shell:Creating package script '/home/rishabh/ros2_ws/install/percepto_planner/share/percepto_planner/package.sh'
[1.455s] INFO:colcon.colcon_core.shell:Creating package script '/home/rishabh/ros2_ws/install/percepto_planner/share/percepto_planner/package.bash'
[1.455s] INFO:colcon.colcon_core.shell:Creating package script '/home/rishabh/ros2_ws/install/percepto_planner/share/percepto_planner/package.zsh'
[1.455s] Level 1:colcon.colcon_core.environment:create_file_with_runtime_dependencies(/home/rishabh/ros2_ws/install/percepto_planner/share/colcon-core/packages/percepto_planner)
[1.455s] DEBUG:colcon.colcon_parallel_executor.executor.parallel:closing loop
[1.455s] DEBUG:colcon.colcon_parallel_executor.executor.parallel:loop closed
[1.455s] DEBUG:colcon.colcon_parallel_executor.executor.parallel:run_until_complete finished with '0'
[1.455s] DEBUG:colcon.colcon_core.event_reactor:joining thread
[1.464s] INFO:colcon.colcon_core.plugin_system:Skipping extension 'colcon_notification.desktop_notification.terminal_notifier': Not used on non-Darwin systems
[1.464s] INFO:colcon.colcon_core.plugin_system:Skipping extension 'colcon_notification.desktop_notification.win32': Not used on non-Windows systems
[1.464s] INFO:colcon.colcon_notification.desktop_notification:Sending desktop notification using 'notify2'
[1.471s] DEBUG:colcon.colcon_core.event_reactor:joined thread
[1.477s] INFO:colcon.colcon_core.shell:Creating prefix script '/home/rishabh/ros2_ws/install/local_setup.ps1'
[1.478s] INFO:colcon.colcon_core.shell:Creating prefix util module '/home/rishabh/ros2_ws/install/_local_setup_util_ps1.py'
[1.478s] INFO:colcon.colcon_core.shell:Creating prefix chain script '/home/rishabh/ros2_ws/install/setup.ps1'
[1.485s] INFO:colcon.colcon_core.shell:Creating prefix script '/home/rishabh/ros2_ws/install/local_setup.sh'
[1.485s] INFO:colcon.colcon_core.shell:Creating prefix util module '/home/rishabh/ros2_ws/install/_local_setup_util_sh.py'
[1.485s] INFO:colcon.colcon_core.shell:Creating prefix chain script '/home/rishabh/ros2_ws/install/setup.sh'
[1.492s] INFO:colcon.colcon_core.shell:Creating prefix script '/home/rishabh/ros2_ws/install/local_setup.bash'
[1.492s] INFO:colcon.colcon_core.shell:Creating prefix chain script '/home/rishabh/ros2_ws/install/setup.bash'
[1.498s] INFO:colcon.colcon_core.shell:Creating prefix script '/home/rishabh/ros2_ws/install/local_setup.zsh'
[1.498s] INFO:colcon.colcon_core.shell:Creating prefix chain script '/home/rishabh/ros2_ws/install/setup.zsh'
