/home/rishabh/ros2_ws/install/percepto_planner/lib/python3.10/site-packages/percepto_planner/my_first_node.py
/home/rishabh/ros2_ws/install/percepto_planner/lib/python3.10/site-packages/percepto_planner/__init__.py
/home/rishabh/ros2_ws/install/percepto_planner/lib/python3.10/site-packages/percepto_planner/camera_testing_1.py
/home/rishabh/ros2_ws/install/percepto_planner/lib/python3.10/site-packages/percepto_planner/camera_testing_2.py
/home/rishabh/ros2_ws/install/percepto_planner/lib/python3.10/site-packages/percepto_planner/publishtypetest.py
/home/rishabh/ros2_ws/install/percepto_planner/lib/python3.10/site-packages/percepto_planner/__pycache__/my_first_node.cpython-310.pyc
/home/rishabh/ros2_ws/install/percepto_planner/lib/python3.10/site-packages/percepto_planner/__pycache__/__init__.cpython-310.pyc
/home/rishabh/ros2_ws/install/percepto_planner/lib/python3.10/site-packages/percepto_planner/__pycache__/camera_testing_1.cpython-310.pyc
/home/rishabh/ros2_ws/install/percepto_planner/lib/python3.10/site-packages/percepto_planner/__pycache__/camera_testing_2.cpython-310.pyc
/home/rishabh/ros2_ws/install/percepto_planner/lib/python3.10/site-packages/percepto_planner/__pycache__/publishtypetest.cpython-310.pyc
/home/rishabh/ros2_ws/install/percepto_planner/share/ament_index/resource_index/packages/percepto_planner
/home/rishabh/ros2_ws/install/percepto_planner/share/percepto_planner/package.xml
/home/rishabh/ros2_ws/install/percepto_planner/lib/python3.10/site-packages/percepto_planner-0.0.0-py3.10.egg-info/zip-safe
/home/rishabh/ros2_ws/install/percepto_planner/lib/python3.10/site-packages/percepto_planner-0.0.0-py3.10.egg-info/dependency_links.txt
/home/rishabh/ros2_ws/install/percepto_planner/lib/python3.10/site-packages/percepto_planner-0.0.0-py3.10.egg-info/top_level.txt
/home/rishabh/ros2_ws/install/percepto_planner/lib/python3.10/site-packages/percepto_planner-0.0.0-py3.10.egg-info/entry_points.txt
/home/rishabh/ros2_ws/install/percepto_planner/lib/python3.10/site-packages/percepto_planner-0.0.0-py3.10.egg-info/PKG-INFO
/home/rishabh/ros2_ws/install/percepto_planner/lib/python3.10/site-packages/percepto_planner-0.0.0-py3.10.egg-info/requires.txt
/home/rishabh/ros2_ws/install/percepto_planner/lib/python3.10/site-packages/percepto_planner-0.0.0-py3.10.egg-info/SOURCES.txt
/home/rishabh/ros2_ws/install/percepto_planner/lib/percepto_planner/my_first_node
