[0.025s] Invoking command in '/home/rishabh/ros2_ws/build/pplanner_interfaces': CMAKE_PREFIX_PATH=${CMAKE_PREFIX_PATH}:/home/rishabh/ros2_ws/install/percepto_planner:/opt/ros/humble /usr/bin/cmake --build /home/rishabh/ros2_ws/build/pplanner_interfaces -- -j20 -l20
[0.039s] -- Found ament_cmake: 1.3.5 (/opt/ros/humble/share/ament_cmake/cmake)
[0.114s] -- Found rosidl_default_generators: 1.2.0 (/opt/ros/humble/share/rosidl_default_generators/cmake)
[0.115s] -- Using all available rosidl_typesupport_c: rosidl_typesupport_fastrtps_c;rosidl_typesupport_introspection_c
[0.116s] -- Found rosidl_adapter: 3.1.5 (/opt/ros/humble/share/rosidl_adapter/cmake)
[0.132s] -- Using all available rosidl_typesupport_cpp: rosidl_typesupport_fastrtps_cpp;rosidl_typesupport_introspection_cpp
[0.269s] -- Found ament_cmake_ros: 0.10.0 (/opt/ros/humble/share/ament_cmake_ros/cmake)
[0.362s] -- Using all available rosidl_typesupport_c: rosidl_typesupport_fastrtps_c;rosidl_typesupport_introspection_c
[0.484s] -- Using all available rosidl_typesupport_cpp: rosidl_typesupport_fastrtps_cpp;rosidl_typesupport_introspection_cpp
[0.495s] -- Found python_cmake_module: 0.10.0 (/opt/ros/humble/share/python_cmake_module/cmake)
[0.507s] -- Using PYTHON_EXECUTABLE: /usr/bin/python3
[0.507s] -- Using PYTHON_INCLUDE_DIRS: /usr/include/python3.10
[0.507s] -- Using PYTHON_LIBRARIES: /usr/lib/x86_64-linux-gnu/libpython3.10.so
[0.514s] -- Configuring done
[0.527s] -- Generating done
[0.528s] -- Build files have been written to: /home/rishabh/ros2_ws/build/pplanner_interfaces
[0.541s] [  2%] [34m[1mGenerating C code for ROS interfaces[0m
[0.546s] [  5%] [34m[1mGenerating C++ code for ROS interfaces[0m
[0.550s] [  5%] Built target ament_cmake_python_copy_pplanner_interfaces
[0.679s] running egg_info
[0.679s] writing pplanner_interfaces.egg-info/PKG-INFO
[0.680s] writing dependency_links to pplanner_interfaces.egg-info/dependency_links.txt
[0.680s] writing top-level names to pplanner_interfaces.egg-info/top_level.txt
[0.681s] reading manifest file 'pplanner_interfaces.egg-info/SOURCES.txt'
[0.681s] writing manifest file 'pplanner_interfaces.egg-info/SOURCES.txt'
[0.698s] [  5%] Built target ament_cmake_python_build_pplanner_interfaces_egg
[0.707s] [  5%] Built target pplanner_interfaces__cpp
[0.707s] [35m[1mConsolidate compiler generated dependencies of target pplanner_interfaces__rosidl_generator_c[0m
[0.713s] [  7%] [34m[1mGenerating C++ type support dispatch for ROS interfaces[0m
[0.713s] [ 10%] [34m[1mGenerating C++ type support for eProsima Fast-RTPS[0m
[0.713s] [ 12%] [34m[1mGenerating C++ introspection for ROS interfaces[0m
[0.713s] [ 15%] [32mBuilding C object CMakeFiles/pplanner_interfaces__rosidl_generator_c.dir/rosidl_generator_c/pplanner_interfaces/msg/detail/aruco_data__functions.c.o[0m
[0.714s] [ 17%] [32mBuilding C object CMakeFiles/pplanner_interfaces__rosidl_generator_c.dir/rosidl_generator_c/pplanner_interfaces/msg/detail/aruco_dataset__functions.c.o[0m
[0.745s] [ 20%] [32m[1mLinking C shared library libpplanner_interfaces__rosidl_generator_c.so[0m
[0.770s] [ 20%] Built target pplanner_interfaces__rosidl_generator_c
[0.776s] [ 23%] [34m[1mGenerating C type support for eProsima Fast-RTPS[0m
[0.777s] [ 28%] [34m[1mGenerating C introspection for ROS interfaces[0m
[0.777s] [ 28%] [34m[1mGenerating C type support dispatch for ROS interfaces[0m
[0.885s] [35m[1mConsolidate compiler generated dependencies of target pplanner_interfaces__rosidl_typesupport_cpp[0m
[0.898s] [ 33%] [32mBuilding CXX object CMakeFiles/pplanner_interfaces__rosidl_typesupport_cpp.dir/rosidl_typesupport_cpp/pplanner_interfaces/msg/aruco_data__type_support.cpp.o[0m
[0.898s] [ 33%] [32mBuilding CXX object CMakeFiles/pplanner_interfaces__rosidl_typesupport_cpp.dir/rosidl_typesupport_cpp/pplanner_interfaces/msg/aruco_dataset__type_support.cpp.o[0m
[0.900s] [35m[1mConsolidate compiler generated dependencies of target pplanner_interfaces__rosidl_typesupport_introspection_cpp[0m
[0.911s] [ 35%] [32mBuilding CXX object CMakeFiles/pplanner_interfaces__rosidl_typesupport_introspection_cpp.dir/rosidl_typesupport_introspection_cpp/pplanner_interfaces/msg/detail/aruco_data__type_support.cpp.o[0m
[0.911s] [ 38%] [32mBuilding CXX object CMakeFiles/pplanner_interfaces__rosidl_typesupport_introspection_cpp.dir/rosidl_typesupport_introspection_cpp/pplanner_interfaces/msg/detail/aruco_dataset__type_support.cpp.o[0m
[0.912s] [35m[1mConsolidate compiler generated dependencies of target pplanner_interfaces__rosidl_typesupport_fastrtps_cpp[0m
[0.923s] [ 41%] [32mBuilding CXX object CMakeFiles/pplanner_interfaces__rosidl_typesupport_fastrtps_cpp.dir/rosidl_typesupport_fastrtps_cpp/pplanner_interfaces/msg/detail/dds_fastrtps/aruco_data__type_support.cpp.o[0m
[0.926s] [ 43%] [32mBuilding CXX object CMakeFiles/pplanner_interfaces__rosidl_typesupport_fastrtps_cpp.dir/rosidl_typesupport_fastrtps_cpp/pplanner_interfaces/msg/detail/dds_fastrtps/aruco_dataset__type_support.cpp.o[0m
[0.971s] [35m[1mConsolidate compiler generated dependencies of target pplanner_interfaces__rosidl_typesupport_c[0m
[0.985s] [ 48%] [32mBuilding CXX object CMakeFiles/pplanner_interfaces__rosidl_typesupport_c.dir/rosidl_typesupport_c/pplanner_interfaces/msg/aruco_data__type_support.cpp.o[0m
[0.985s] [ 48%] [32mBuilding CXX object CMakeFiles/pplanner_interfaces__rosidl_typesupport_c.dir/rosidl_typesupport_c/pplanner_interfaces/msg/aruco_dataset__type_support.cpp.o[0m
[0.997s] [35m[1mConsolidate compiler generated dependencies of target pplanner_interfaces__rosidl_typesupport_introspection_c[0m
[0.999s] [35m[1mConsolidate compiler generated dependencies of target pplanner_interfaces__rosidl_typesupport_fastrtps_c[0m
[1.007s] [ 51%] [32mBuilding C object CMakeFiles/pplanner_interfaces__rosidl_typesupport_introspection_c.dir/rosidl_typesupport_introspection_c/pplanner_interfaces/msg/detail/aruco_data__type_support.c.o[0m
[1.008s] [ 53%] [32mBuilding C object CMakeFiles/pplanner_interfaces__rosidl_typesupport_introspection_c.dir/rosidl_typesupport_introspection_c/pplanner_interfaces/msg/detail/aruco_dataset__type_support.c.o[0m
[1.015s] [ 58%] [32mBuilding CXX object CMakeFiles/pplanner_interfaces__rosidl_typesupport_fastrtps_c.dir/rosidl_typesupport_fastrtps_c/pplanner_interfaces/msg/detail/aruco_data__type_support_c.cpp.o[0m
[1.015s] [ 58%] [32mBuilding CXX object CMakeFiles/pplanner_interfaces__rosidl_typesupport_fastrtps_c.dir/rosidl_typesupport_fastrtps_c/pplanner_interfaces/msg/detail/aruco_dataset__type_support_c.cpp.o[0m
[1.021s] [ 61%] [32m[1mLinking CXX shared library libpplanner_interfaces__rosidl_typesupport_c.so[0m
[1.041s] [ 64%] [32m[1mLinking C shared library libpplanner_interfaces__rosidl_typesupport_introspection_c.so[0m
[1.061s] [ 64%] Built target pplanner_interfaces__rosidl_typesupport_c
[1.066s] [ 64%] Built target pplanner_interfaces__rosidl_typesupport_introspection_c
[1.207s] [ 66%] [32m[1mLinking CXX shared library libpplanner_interfaces__rosidl_typesupport_cpp.so[0m
[1.232s] [ 69%] [32m[1mLinking CXX shared library libpplanner_interfaces__rosidl_typesupport_introspection_cpp.so[0m
[1.238s] [ 69%] Built target pplanner_interfaces__rosidl_typesupport_cpp
[1.261s] [ 71%] [32m[1mLinking CXX shared library libpplanner_interfaces__rosidl_typesupport_fastrtps_cpp.so[0m
[1.284s] [ 71%] Built target pplanner_interfaces__rosidl_typesupport_introspection_cpp
[1.310s] [ 71%] Built target pplanner_interfaces__rosidl_typesupport_fastrtps_cpp
[1.318s] [ 74%] [32m[1mLinking CXX shared library libpplanner_interfaces__rosidl_typesupport_fastrtps_c.so[0m
[1.357s] [ 74%] Built target pplanner_interfaces__rosidl_typesupport_fastrtps_c
[1.367s] [ 74%] Built target pplanner_interfaces
[1.376s] [ 76%] [34m[1mGenerating Python code for ROS interfaces[0m
[1.564s] [ 76%] Built target pplanner_interfaces__py
[1.569s] [35m[1mConsolidate compiler generated dependencies of target pplanner_interfaces__rosidl_generator_py[0m
[1.576s] [ 79%] [32mBuilding C object CMakeFiles/pplanner_interfaces__rosidl_generator_py.dir/rosidl_generator_py/pplanner_interfaces/msg/_aruco_data_s.c.o[0m
[1.576s] [ 82%] [32mBuilding C object CMakeFiles/pplanner_interfaces__rosidl_generator_py.dir/rosidl_generator_py/pplanner_interfaces/msg/_aruco_dataset_s.c.o[0m
[1.625s] [ 84%] [32m[1mLinking C shared library rosidl_generator_py/pplanner_interfaces/libpplanner_interfaces__rosidl_generator_py.so[0m
[1.649s] [ 84%] Built target pplanner_interfaces__rosidl_generator_py
[1.655s] [35m[1mConsolidate compiler generated dependencies of target pplanner_interfaces__rosidl_typesupport_introspection_c__pyext[0m
[1.655s] [35m[1mConsolidate compiler generated dependencies of target pplanner_interfaces__rosidl_typesupport_fastrtps_c__pyext[0m
[1.655s] [35m[1mConsolidate compiler generated dependencies of target pplanner_interfaces__rosidl_typesupport_c__pyext[0m
[1.661s] [ 92%] [32mBuilding C object CMakeFiles/pplanner_interfaces__rosidl_typesupport_c__pyext.dir/rosidl_generator_py/pplanner_interfaces/_pplanner_interfaces_s.ep.rosidl_typesupport_c.c.o[0m
[1.661s] [ 92%] [32mBuilding C object CMakeFiles/pplanner_interfaces__rosidl_typesupport_fastrtps_c__pyext.dir/rosidl_generator_py/pplanner_interfaces/_pplanner_interfaces_s.ep.rosidl_typesupport_fastrtps_c.c.o[0m
[1.661s] [ 92%] [32mBuilding C object CMakeFiles/pplanner_interfaces__rosidl_typesupport_introspection_c__pyext.dir/rosidl_generator_py/pplanner_interfaces/_pplanner_interfaces_s.ep.rosidl_typesupport_introspection_c.c.o[0m
[1.711s] [ 97%] [32m[1mLinking C shared library rosidl_generator_py/pplanner_interfaces/pplanner_interfaces_s__rosidl_typesupport_c.cpython-310-x86_64-linux-gnu.so[0m
[1.711s] [ 97%] [32m[1mLinking C shared library rosidl_generator_py/pplanner_interfaces/pplanner_interfaces_s__rosidl_typesupport_introspection_c.cpython-310-x86_64-linux-gnu.so[0m
[1.712s] [100%] [32m[1mLinking C shared library rosidl_generator_py/pplanner_interfaces/pplanner_interfaces_s__rosidl_typesupport_fastrtps_c.cpython-310-x86_64-linux-gnu.so[0m
[1.730s] [100%] Built target pplanner_interfaces__rosidl_typesupport_c__pyext
[1.730s] [100%] Built target pplanner_interfaces__rosidl_typesupport_introspection_c__pyext
[1.731s] [100%] Built target pplanner_interfaces__rosidl_typesupport_fastrtps_c__pyext
[1.738s] Invoked command in '/home/rishabh/ros2_ws/build/pplanner_interfaces' returned '0': CMAKE_PREFIX_PATH=${CMAKE_PREFIX_PATH}:/home/rishabh/ros2_ws/install/percepto_planner:/opt/ros/humble /usr/bin/cmake --build /home/rishabh/ros2_ws/build/pplanner_interfaces -- -j20 -l20
[1.786s] Invoking command in '/home/rishabh/ros2_ws/build/pplanner_interfaces': CMAKE_PREFIX_PATH=${CMAKE_PREFIX_PATH}:/home/rishabh/ros2_ws/install/percepto_planner:/opt/ros/humble /usr/bin/cmake --install /home/rishabh/ros2_ws/build/pplanner_interfaces
[1.791s] -- Install configuration: ""
[1.791s] -- Up-to-date: /home/rishabh/ros2_ws/install/pplanner_interfaces/share/ament_index/resource_index/rosidl_interfaces/pplanner_interfaces
[1.792s] -- Up-to-date: /home/rishabh/ros2_ws/install/pplanner_interfaces/include/pplanner_interfaces/pplanner_interfaces
[1.792s] -- Up-to-date: /home/rishabh/ros2_ws/install/pplanner_interfaces/include/pplanner_interfaces/pplanner_interfaces/msg
[1.792s] -- Up-to-date: /home/rishabh/ros2_ws/install/pplanner_interfaces/include/pplanner_interfaces/pplanner_interfaces/msg/detail
[1.792s] -- Installing: /home/rishabh/ros2_ws/install/pplanner_interfaces/include/pplanner_interfaces/pplanner_interfaces/msg/detail/aruco_dataset__functions.c
[1.792s] -- Installing: /home/rishabh/ros2_ws/install/pplanner_interfaces/include/pplanner_interfaces/pplanner_interfaces/msg/detail/aruco_data__type_support.h
[1.792s] -- Installing: /home/rishabh/ros2_ws/install/pplanner_interfaces/include/pplanner_interfaces/pplanner_interfaces/msg/detail/aruco_dataset__type_support.h
[1.792s] -- Installing: /home/rishabh/ros2_ws/install/pplanner_interfaces/include/pplanner_interfaces/pplanner_interfaces/msg/detail/aruco_dataset__struct.h
[1.792s] -- Installing: /home/rishabh/ros2_ws/install/pplanner_interfaces/include/pplanner_interfaces/pplanner_interfaces/msg/detail/aruco_data__functions.h
[1.792s] -- Installing: /home/rishabh/ros2_ws/install/pplanner_interfaces/include/pplanner_interfaces/pplanner_interfaces/msg/detail/aruco_dataset__functions.h
[1.792s] -- Installing: /home/rishabh/ros2_ws/install/pplanner_interfaces/include/pplanner_interfaces/pplanner_interfaces/msg/detail/aruco_data__struct.h
[1.792s] -- Installing: /home/rishabh/ros2_ws/install/pplanner_interfaces/include/pplanner_interfaces/pplanner_interfaces/msg/detail/aruco_data__functions.c
[1.793s] -- Up-to-date: /home/rishabh/ros2_ws/install/pplanner_interfaces/include/pplanner_interfaces/pplanner_interfaces/msg/rosidl_generator_c__visibility_control.h
[1.793s] -- Installing: /home/rishabh/ros2_ws/install/pplanner_interfaces/include/pplanner_interfaces/pplanner_interfaces/msg/aruco_dataset.h
[1.793s] -- Installing: /home/rishabh/ros2_ws/install/pplanner_interfaces/include/pplanner_interfaces/pplanner_interfaces/msg/aruco_data.h
[1.793s] -- Up-to-date: /home/rishabh/ros2_ws/install/pplanner_interfaces/share/pplanner_interfaces/environment/library_path.sh
[1.793s] -- Installing: /home/rishabh/ros2_ws/install/pplanner_interfaces/share/pplanner_interfaces/environment/library_path.dsv
[1.793s] -- Installing: /home/rishabh/ros2_ws/install/pplanner_interfaces/lib/libpplanner_interfaces__rosidl_generator_c.so
[1.793s] -- Set runtime path of "/home/rishabh/ros2_ws/install/pplanner_interfaces/lib/libpplanner_interfaces__rosidl_generator_c.so" to ""
[1.793s] -- Up-to-date: /home/rishabh/ros2_ws/install/pplanner_interfaces/include/pplanner_interfaces/pplanner_interfaces
[1.793s] -- Up-to-date: /home/rishabh/ros2_ws/install/pplanner_interfaces/include/pplanner_interfaces/pplanner_interfaces/msg
[1.793s] -- Up-to-date: /home/rishabh/ros2_ws/install/pplanner_interfaces/include/pplanner_interfaces/pplanner_interfaces/msg/rosidl_typesupport_fastrtps_c__visibility_control.h
[1.793s] -- Up-to-date: /home/rishabh/ros2_ws/install/pplanner_interfaces/include/pplanner_interfaces/pplanner_interfaces/msg/detail
[1.793s] -- Installing: /home/rishabh/ros2_ws/install/pplanner_interfaces/include/pplanner_interfaces/pplanner_interfaces/msg/detail/aruco_dataset__rosidl_typesupport_fastrtps_c.h
[1.794s] -- Installing: /home/rishabh/ros2_ws/install/pplanner_interfaces/include/pplanner_interfaces/pplanner_interfaces/msg/detail/aruco_data__rosidl_typesupport_fastrtps_c.h
[1.794s] -- Installing: /home/rishabh/ros2_ws/install/pplanner_interfaces/lib/libpplanner_interfaces__rosidl_typesupport_fastrtps_c.so
[1.794s] -- Set runtime path of "/home/rishabh/ros2_ws/install/pplanner_interfaces/lib/libpplanner_interfaces__rosidl_typesupport_fastrtps_c.so" to ""
[1.794s] -- Up-to-date: /home/rishabh/ros2_ws/install/pplanner_interfaces/include/pplanner_interfaces/pplanner_interfaces
[1.794s] -- Up-to-date: /home/rishabh/ros2_ws/install/pplanner_interfaces/include/pplanner_interfaces/pplanner_interfaces/msg
[1.794s] -- Up-to-date: /home/rishabh/ros2_ws/install/pplanner_interfaces/include/pplanner_interfaces/pplanner_interfaces/msg/detail
[1.794s] -- Installing: /home/rishabh/ros2_ws/install/pplanner_interfaces/include/pplanner_interfaces/pplanner_interfaces/msg/detail/aruco_dataset__type_support.c
[1.794s] -- Installing: /home/rishabh/ros2_ws/install/pplanner_interfaces/include/pplanner_interfaces/pplanner_interfaces/msg/detail/aruco_dataset__rosidl_typesupport_introspection_c.h
[1.794s] -- Installing: /home/rishabh/ros2_ws/install/pplanner_interfaces/include/pplanner_interfaces/pplanner_interfaces/msg/detail/aruco_data__type_support.c
[1.794s] -- Installing: /home/rishabh/ros2_ws/install/pplanner_interfaces/include/pplanner_interfaces/pplanner_interfaces/msg/detail/aruco_data__rosidl_typesupport_introspection_c.h
[1.794s] -- Up-to-date: /home/rishabh/ros2_ws/install/pplanner_interfaces/include/pplanner_interfaces/pplanner_interfaces/msg/rosidl_typesupport_introspection_c__visibility_control.h
[1.794s] -- Installing: /home/rishabh/ros2_ws/install/pplanner_interfaces/lib/libpplanner_interfaces__rosidl_typesupport_introspection_c.so
[1.794s] -- Set runtime path of "/home/rishabh/ros2_ws/install/pplanner_interfaces/lib/libpplanner_interfaces__rosidl_typesupport_introspection_c.so" to ""
[1.794s] -- Installing: /home/rishabh/ros2_ws/install/pplanner_interfaces/lib/libpplanner_interfaces__rosidl_typesupport_c.so
[1.795s] -- Set runtime path of "/home/rishabh/ros2_ws/install/pplanner_interfaces/lib/libpplanner_interfaces__rosidl_typesupport_c.so" to ""
[1.795s] -- Up-to-date: /home/rishabh/ros2_ws/install/pplanner_interfaces/include/pplanner_interfaces/pplanner_interfaces
[1.795s] -- Up-to-date: /home/rishabh/ros2_ws/install/pplanner_interfaces/include/pplanner_interfaces/pplanner_interfaces/msg
[1.795s] -- Up-to-date: /home/rishabh/ros2_ws/install/pplanner_interfaces/include/pplanner_interfaces/pplanner_interfaces/msg/detail
[1.795s] -- Installing: /home/rishabh/ros2_ws/install/pplanner_interfaces/include/pplanner_interfaces/pplanner_interfaces/msg/detail/aruco_data__builder.hpp
[1.795s] -- Installing: /home/rishabh/ros2_ws/install/pplanner_interfaces/include/pplanner_interfaces/pplanner_interfaces/msg/detail/aruco_data__traits.hpp
[1.795s] -- Installing: /home/rishabh/ros2_ws/install/pplanner_interfaces/include/pplanner_interfaces/pplanner_interfaces/msg/detail/aruco_dataset__builder.hpp
[1.795s] -- Installing: /home/rishabh/ros2_ws/install/pplanner_interfaces/include/pplanner_interfaces/pplanner_interfaces/msg/detail/aruco_dataset__struct.hpp
[1.795s] -- Installing: /home/rishabh/ros2_ws/install/pplanner_interfaces/include/pplanner_interfaces/pplanner_interfaces/msg/detail/aruco_data__struct.hpp
[1.795s] -- Installing: /home/rishabh/ros2_ws/install/pplanner_interfaces/include/pplanner_interfaces/pplanner_interfaces/msg/detail/aruco_dataset__traits.hpp
[1.795s] -- Installing: /home/rishabh/ros2_ws/install/pplanner_interfaces/include/pplanner_interfaces/pplanner_interfaces/msg/aruco_dataset.hpp
[1.795s] -- Installing: /home/rishabh/ros2_ws/install/pplanner_interfaces/include/pplanner_interfaces/pplanner_interfaces/msg/aruco_data.hpp
[1.795s] -- Up-to-date: /home/rishabh/ros2_ws/install/pplanner_interfaces/include/pplanner_interfaces/pplanner_interfaces
[1.795s] -- Up-to-date: /home/rishabh/ros2_ws/install/pplanner_interfaces/include/pplanner_interfaces/pplanner_interfaces/msg
[1.795s] -- Up-to-date: /home/rishabh/ros2_ws/install/pplanner_interfaces/include/pplanner_interfaces/pplanner_interfaces/msg/detail
[1.795s] -- Up-to-date: /home/rishabh/ros2_ws/install/pplanner_interfaces/include/pplanner_interfaces/pplanner_interfaces/msg/detail/dds_fastrtps
[1.795s] -- Installing: /home/rishabh/ros2_ws/install/pplanner_interfaces/include/pplanner_interfaces/pplanner_interfaces/msg/detail/aruco_data__rosidl_typesupport_fastrtps_cpp.hpp
[1.796s] -- Installing: /home/rishabh/ros2_ws/install/pplanner_interfaces/include/pplanner_interfaces/pplanner_interfaces/msg/detail/aruco_dataset__rosidl_typesupport_fastrtps_cpp.hpp
[1.796s] -- Up-to-date: /home/rishabh/ros2_ws/install/pplanner_interfaces/include/pplanner_interfaces/pplanner_interfaces/msg/rosidl_typesupport_fastrtps_cpp__visibility_control.h
[1.796s] -- Installing: /home/rishabh/ros2_ws/install/pplanner_interfaces/lib/libpplanner_interfaces__rosidl_typesupport_fastrtps_cpp.so
[1.796s] -- Set runtime path of "/home/rishabh/ros2_ws/install/pplanner_interfaces/lib/libpplanner_interfaces__rosidl_typesupport_fastrtps_cpp.so" to ""
[1.796s] -- Up-to-date: /home/rishabh/ros2_ws/install/pplanner_interfaces/include/pplanner_interfaces/pplanner_interfaces
[1.796s] -- Up-to-date: /home/rishabh/ros2_ws/install/pplanner_interfaces/include/pplanner_interfaces/pplanner_interfaces/msg
[1.796s] -- Up-to-date: /home/rishabh/ros2_ws/install/pplanner_interfaces/include/pplanner_interfaces/pplanner_interfaces/msg/detail
[1.796s] -- Installing: /home/rishabh/ros2_ws/install/pplanner_interfaces/include/pplanner_interfaces/pplanner_interfaces/msg/detail/aruco_data__rosidl_typesupport_introspection_cpp.hpp
[1.796s] -- Installing: /home/rishabh/ros2_ws/install/pplanner_interfaces/include/pplanner_interfaces/pplanner_interfaces/msg/detail/aruco_dataset__rosidl_typesupport_introspection_cpp.hpp
[1.796s] -- Installing: /home/rishabh/ros2_ws/install/pplanner_interfaces/include/pplanner_interfaces/pplanner_interfaces/msg/detail/aruco_data__type_support.cpp
[1.796s] -- Installing: /home/rishabh/ros2_ws/install/pplanner_interfaces/include/pplanner_interfaces/pplanner_interfaces/msg/detail/aruco_dataset__type_support.cpp
[1.796s] -- Installing: /home/rishabh/ros2_ws/install/pplanner_interfaces/lib/libpplanner_interfaces__rosidl_typesupport_introspection_cpp.so
[1.796s] -- Set runtime path of "/home/rishabh/ros2_ws/install/pplanner_interfaces/lib/libpplanner_interfaces__rosidl_typesupport_introspection_cpp.so" to ""
[1.796s] -- Installing: /home/rishabh/ros2_ws/install/pplanner_interfaces/lib/libpplanner_interfaces__rosidl_typesupport_cpp.so
[1.796s] -- Set runtime path of "/home/rishabh/ros2_ws/install/pplanner_interfaces/lib/libpplanner_interfaces__rosidl_typesupport_cpp.so" to ""
[1.796s] -- Up-to-date: /home/rishabh/ros2_ws/install/pplanner_interfaces/share/pplanner_interfaces/environment/pythonpath.sh
[1.796s] -- Installing: /home/rishabh/ros2_ws/install/pplanner_interfaces/share/pplanner_interfaces/environment/pythonpath.dsv
[1.796s] -- Up-to-date: /home/rishabh/ros2_ws/install/pplanner_interfaces/local/lib/python3.10/dist-packages/pplanner_interfaces-0.0.0-py3.10.egg-info
[1.796s] -- Installing: /home/rishabh/ros2_ws/install/pplanner_interfaces/local/lib/python3.10/dist-packages/pplanner_interfaces-0.0.0-py3.10.egg-info/dependency_links.txt
[1.797s] -- Installing: /home/rishabh/ros2_ws/install/pplanner_interfaces/local/lib/python3.10/dist-packages/pplanner_interfaces-0.0.0-py3.10.egg-info/top_level.txt
[1.797s] -- Installing: /home/rishabh/ros2_ws/install/pplanner_interfaces/local/lib/python3.10/dist-packages/pplanner_interfaces-0.0.0-py3.10.egg-info/PKG-INFO
[1.797s] -- Installing: /home/rishabh/ros2_ws/install/pplanner_interfaces/local/lib/python3.10/dist-packages/pplanner_interfaces-0.0.0-py3.10.egg-info/SOURCES.txt
[1.797s] -- Up-to-date: /home/rishabh/ros2_ws/install/pplanner_interfaces/local/lib/python3.10/dist-packages/pplanner_interfaces
[1.797s] -- Installing: /home/rishabh/ros2_ws/install/pplanner_interfaces/local/lib/python3.10/dist-packages/pplanner_interfaces/_pplanner_interfaces_s.ep.rosidl_typesupport_fastrtps_c.c
[1.797s] -- Installing: /home/rishabh/ros2_ws/install/pplanner_interfaces/local/lib/python3.10/dist-packages/pplanner_interfaces/pplanner_interfaces_s__rosidl_typesupport_introspection_c.cpython-310-x86_64-linux-gnu.so
[1.797s] -- Installing: /home/rishabh/ros2_ws/install/pplanner_interfaces/local/lib/python3.10/dist-packages/pplanner_interfaces/_pplanner_interfaces_s.ep.rosidl_typesupport_c.c
[1.797s] -- Installing: /home/rishabh/ros2_ws/install/pplanner_interfaces/local/lib/python3.10/dist-packages/pplanner_interfaces/__init__.py
[1.797s] -- Installing: /home/rishabh/ros2_ws/install/pplanner_interfaces/local/lib/python3.10/dist-packages/pplanner_interfaces/_pplanner_interfaces_s.ep.rosidl_typesupport_introspection_c.c
[1.797s] -- Up-to-date: /home/rishabh/ros2_ws/install/pplanner_interfaces/local/lib/python3.10/dist-packages/pplanner_interfaces/msg
[1.797s] -- Installing: /home/rishabh/ros2_ws/install/pplanner_interfaces/local/lib/python3.10/dist-packages/pplanner_interfaces/msg/_aruco_dataset_s.c
[1.797s] -- Installing: /home/rishabh/ros2_ws/install/pplanner_interfaces/local/lib/python3.10/dist-packages/pplanner_interfaces/msg/_aruco_dataset.py
[1.797s] -- Installing: /home/rishabh/ros2_ws/install/pplanner_interfaces/local/lib/python3.10/dist-packages/pplanner_interfaces/msg/__init__.py
[1.797s] -- Installing: /home/rishabh/ros2_ws/install/pplanner_interfaces/local/lib/python3.10/dist-packages/pplanner_interfaces/msg/_aruco_data.py
[1.797s] -- Installing: /home/rishabh/ros2_ws/install/pplanner_interfaces/local/lib/python3.10/dist-packages/pplanner_interfaces/msg/_aruco_data_s.c
[1.797s] -- Installing: /home/rishabh/ros2_ws/install/pplanner_interfaces/local/lib/python3.10/dist-packages/pplanner_interfaces/libpplanner_interfaces__rosidl_generator_py.so
[1.797s] -- Installing: /home/rishabh/ros2_ws/install/pplanner_interfaces/local/lib/python3.10/dist-packages/pplanner_interfaces/pplanner_interfaces_s__rosidl_typesupport_fastrtps_c.cpython-310-x86_64-linux-gnu.so
[1.797s] -- Installing: /home/rishabh/ros2_ws/install/pplanner_interfaces/local/lib/python3.10/dist-packages/pplanner_interfaces/pplanner_interfaces_s__rosidl_typesupport_c.cpython-310-x86_64-linux-gnu.so
[1.814s] Listing '/home/rishabh/ros2_ws/install/pplanner_interfaces/local/lib/python3.10/dist-packages/pplanner_interfaces'...
[1.814s] Compiling '/home/rishabh/ros2_ws/install/pplanner_interfaces/local/lib/python3.10/dist-packages/pplanner_interfaces/__init__.py'...
[1.814s] Listing '/home/rishabh/ros2_ws/install/pplanner_interfaces/local/lib/python3.10/dist-packages/pplanner_interfaces/msg'...
[1.814s] Compiling '/home/rishabh/ros2_ws/install/pplanner_interfaces/local/lib/python3.10/dist-packages/pplanner_interfaces/msg/__init__.py'...
[1.814s] Compiling '/home/rishabh/ros2_ws/install/pplanner_interfaces/local/lib/python3.10/dist-packages/pplanner_interfaces/msg/_aruco_data.py'...
[1.814s] Compiling '/home/rishabh/ros2_ws/install/pplanner_interfaces/local/lib/python3.10/dist-packages/pplanner_interfaces/msg/_aruco_dataset.py'...
[1.816s] -- Installing: /home/rishabh/ros2_ws/install/pplanner_interfaces/local/lib/python3.10/dist-packages/pplanner_interfaces/pplanner_interfaces_s__rosidl_typesupport_fastrtps_c.cpython-310-x86_64-linux-gnu.so
[1.817s] -- Set runtime path of "/home/rishabh/ros2_ws/install/pplanner_interfaces/local/lib/python3.10/dist-packages/pplanner_interfaces/pplanner_interfaces_s__rosidl_typesupport_fastrtps_c.cpython-310-x86_64-linux-gnu.so" to ""
[1.817s] -- Installing: /home/rishabh/ros2_ws/install/pplanner_interfaces/local/lib/python3.10/dist-packages/pplanner_interfaces/pplanner_interfaces_s__rosidl_typesupport_introspection_c.cpython-310-x86_64-linux-gnu.so
[1.817s] -- Set runtime path of "/home/rishabh/ros2_ws/install/pplanner_interfaces/local/lib/python3.10/dist-packages/pplanner_interfaces/pplanner_interfaces_s__rosidl_typesupport_introspection_c.cpython-310-x86_64-linux-gnu.so" to ""
[1.817s] -- Installing: /home/rishabh/ros2_ws/install/pplanner_interfaces/local/lib/python3.10/dist-packages/pplanner_interfaces/pplanner_interfaces_s__rosidl_typesupport_c.cpython-310-x86_64-linux-gnu.so
[1.817s] -- Set runtime path of "/home/rishabh/ros2_ws/install/pplanner_interfaces/local/lib/python3.10/dist-packages/pplanner_interfaces/pplanner_interfaces_s__rosidl_typesupport_c.cpython-310-x86_64-linux-gnu.so" to ""
[1.817s] -- Installing: /home/rishabh/ros2_ws/install/pplanner_interfaces/lib/libpplanner_interfaces__rosidl_generator_py.so
[1.817s] -- Set runtime path of "/home/rishabh/ros2_ws/install/pplanner_interfaces/lib/libpplanner_interfaces__rosidl_generator_py.so" to ""
[1.817s] -- Up-to-date: /home/rishabh/ros2_ws/install/pplanner_interfaces/share/pplanner_interfaces/msg/ArucoData.idl
[1.817s] -- Installing: /home/rishabh/ros2_ws/install/pplanner_interfaces/share/pplanner_interfaces/msg/ArucoDataset.idl
[1.817s] -- Up-to-date: /home/rishabh/ros2_ws/install/pplanner_interfaces/share/pplanner_interfaces/msg/ArucoData.msg
[1.817s] -- Installing: /home/rishabh/ros2_ws/install/pplanner_interfaces/share/pplanner_interfaces/msg/ArucoDataset.msg
[1.818s] -- Up-to-date: /home/rishabh/ros2_ws/install/pplanner_interfaces/share/ament_index/resource_index/package_run_dependencies/pplanner_interfaces
[1.818s] -- Up-to-date: /home/rishabh/ros2_ws/install/pplanner_interfaces/share/ament_index/resource_index/parent_prefix_path/pplanner_interfaces
[1.818s] -- Up-to-date: /home/rishabh/ros2_ws/install/pplanner_interfaces/share/pplanner_interfaces/environment/ament_prefix_path.sh
[1.818s] -- Installing: /home/rishabh/ros2_ws/install/pplanner_interfaces/share/pplanner_interfaces/environment/ament_prefix_path.dsv
[1.818s] -- Up-to-date: /home/rishabh/ros2_ws/install/pplanner_interfaces/share/pplanner_interfaces/environment/path.sh
[1.818s] -- Installing: /home/rishabh/ros2_ws/install/pplanner_interfaces/share/pplanner_interfaces/environment/path.dsv
[1.818s] -- Up-to-date: /home/rishabh/ros2_ws/install/pplanner_interfaces/share/pplanner_interfaces/local_setup.bash
[1.818s] -- Up-to-date: /home/rishabh/ros2_ws/install/pplanner_interfaces/share/pplanner_interfaces/local_setup.sh
[1.818s] -- Up-to-date: /home/rishabh/ros2_ws/install/pplanner_interfaces/share/pplanner_interfaces/local_setup.zsh
[1.818s] -- Installing: /home/rishabh/ros2_ws/install/pplanner_interfaces/share/pplanner_interfaces/local_setup.dsv
[1.818s] -- Installing: /home/rishabh/ros2_ws/install/pplanner_interfaces/share/pplanner_interfaces/package.dsv
[1.818s] -- Up-to-date: /home/rishabh/ros2_ws/install/pplanner_interfaces/share/ament_index/resource_index/packages/pplanner_interfaces
[1.818s] -- Up-to-date: /home/rishabh/ros2_ws/install/pplanner_interfaces/share/pplanner_interfaces/cmake/export_pplanner_interfaces__rosidl_generator_cExport.cmake
[1.818s] -- Up-to-date: /home/rishabh/ros2_ws/install/pplanner_interfaces/share/pplanner_interfaces/cmake/export_pplanner_interfaces__rosidl_generator_cExport-noconfig.cmake
[1.818s] -- Up-to-date: /home/rishabh/ros2_ws/install/pplanner_interfaces/share/pplanner_interfaces/cmake/export_pplanner_interfaces__rosidl_typesupport_fastrtps_cExport.cmake
[1.818s] -- Up-to-date: /home/rishabh/ros2_ws/install/pplanner_interfaces/share/pplanner_interfaces/cmake/export_pplanner_interfaces__rosidl_typesupport_fastrtps_cExport-noconfig.cmake
[1.818s] -- Up-to-date: /home/rishabh/ros2_ws/install/pplanner_interfaces/share/pplanner_interfaces/cmake/pplanner_interfaces__rosidl_typesupport_introspection_cExport.cmake
[1.819s] -- Up-to-date: /home/rishabh/ros2_ws/install/pplanner_interfaces/share/pplanner_interfaces/cmake/pplanner_interfaces__rosidl_typesupport_introspection_cExport-noconfig.cmake
[1.819s] -- Up-to-date: /home/rishabh/ros2_ws/install/pplanner_interfaces/share/pplanner_interfaces/cmake/pplanner_interfaces__rosidl_typesupport_cExport.cmake
[1.819s] -- Up-to-date: /home/rishabh/ros2_ws/install/pplanner_interfaces/share/pplanner_interfaces/cmake/pplanner_interfaces__rosidl_typesupport_cExport-noconfig.cmake
[1.819s] -- Up-to-date: /home/rishabh/ros2_ws/install/pplanner_interfaces/share/pplanner_interfaces/cmake/export_pplanner_interfaces__rosidl_generator_cppExport.cmake
[1.819s] -- Up-to-date: /home/rishabh/ros2_ws/install/pplanner_interfaces/share/pplanner_interfaces/cmake/export_pplanner_interfaces__rosidl_typesupport_fastrtps_cppExport.cmake
[1.819s] -- Up-to-date: /home/rishabh/ros2_ws/install/pplanner_interfaces/share/pplanner_interfaces/cmake/export_pplanner_interfaces__rosidl_typesupport_fastrtps_cppExport-noconfig.cmake
[1.819s] -- Up-to-date: /home/rishabh/ros2_ws/install/pplanner_interfaces/share/pplanner_interfaces/cmake/pplanner_interfaces__rosidl_typesupport_introspection_cppExport.cmake
[1.819s] -- Up-to-date: /home/rishabh/ros2_ws/install/pplanner_interfaces/share/pplanner_interfaces/cmake/pplanner_interfaces__rosidl_typesupport_introspection_cppExport-noconfig.cmake
[1.819s] -- Up-to-date: /home/rishabh/ros2_ws/install/pplanner_interfaces/share/pplanner_interfaces/cmake/pplanner_interfaces__rosidl_typesupport_cppExport.cmake
[1.819s] -- Up-to-date: /home/rishabh/ros2_ws/install/pplanner_interfaces/share/pplanner_interfaces/cmake/pplanner_interfaces__rosidl_typesupport_cppExport-noconfig.cmake
[1.819s] -- Up-to-date: /home/rishabh/ros2_ws/install/pplanner_interfaces/share/pplanner_interfaces/cmake/export_pplanner_interfaces__rosidl_generator_pyExport.cmake
[1.819s] -- Up-to-date: /home/rishabh/ros2_ws/install/pplanner_interfaces/share/pplanner_interfaces/cmake/export_pplanner_interfaces__rosidl_generator_pyExport-noconfig.cmake
[1.819s] -- Up-to-date: /home/rishabh/ros2_ws/install/pplanner_interfaces/share/pplanner_interfaces/cmake/rosidl_cmake-extras.cmake
[1.819s] -- Up-to-date: /home/rishabh/ros2_ws/install/pplanner_interfaces/share/pplanner_interfaces/cmake/ament_cmake_export_include_directories-extras.cmake
[1.819s] -- Up-to-date: /home/rishabh/ros2_ws/install/pplanner_interfaces/share/pplanner_interfaces/cmake/ament_cmake_export_libraries-extras.cmake
[1.820s] -- Up-to-date: /home/rishabh/ros2_ws/install/pplanner_interfaces/share/pplanner_interfaces/cmake/ament_cmake_export_targets-extras.cmake
[1.820s] -- Up-to-date: /home/rishabh/ros2_ws/install/pplanner_interfaces/share/pplanner_interfaces/cmake/rosidl_cmake_export_typesupport_targets-extras.cmake
[1.820s] -- Up-to-date: /home/rishabh/ros2_ws/install/pplanner_interfaces/share/pplanner_interfaces/cmake/ament_cmake_export_dependencies-extras.cmake
[1.820s] -- Up-to-date: /home/rishabh/ros2_ws/install/pplanner_interfaces/share/pplanner_interfaces/cmake/rosidl_cmake_export_typesupport_libraries-extras.cmake
[1.820s] -- Up-to-date: /home/rishabh/ros2_ws/install/pplanner_interfaces/share/pplanner_interfaces/cmake/pplanner_interfacesConfig.cmake
[1.820s] -- Up-to-date: /home/rishabh/ros2_ws/install/pplanner_interfaces/share/pplanner_interfaces/cmake/pplanner_interfacesConfig-version.cmake
[1.820s] -- Up-to-date: /home/rishabh/ros2_ws/install/pplanner_interfaces/share/pplanner_interfaces/package.xml
[1.820s] Invoked command in '/home/rishabh/ros2_ws/build/pplanner_interfaces' returned '0': CMAKE_PREFIX_PATH=${CMAKE_PREFIX_PATH}:/home/rishabh/ros2_ws/install/percepto_planner:/opt/ros/humble /usr/bin/cmake --install /home/rishabh/ros2_ws/build/pplanner_interfaces
