[0.395s] Invoking command in '/home/rishabh/ros2_ws/src/percepto_planner': PYTHONPATH=/home/rishabh/ros2_ws/build/percepto_planner/prefix_override:/home/rishabh/ros2_ws/install/percepto_planner/lib/python3.10/site-packages:${PYTHONPATH} /usr/bin/python3 setup.py egg_info --egg-base ../../build/percepto_planner build --build-base /home/rishabh/ros2_ws/build/percepto_planner/build install --record /home/rishabh/ros2_ws/build/percepto_planner/install.log --single-version-externally-managed
[0.511s] running egg_info
[0.512s] writing ../../build/percepto_planner/percepto_planner.egg-info/PKG-INFO
[0.512s] writing dependency_links to ../../build/percepto_planner/percepto_planner.egg-info/dependency_links.txt
[0.512s] writing entry points to ../../build/percepto_planner/percepto_planner.egg-info/entry_points.txt
[0.512s] writing requirements to ../../build/percepto_planner/percepto_planner.egg-info/requires.txt
[0.512s] writing top-level names to ../../build/percepto_planner/percepto_planner.egg-info/top_level.txt
[0.513s] reading manifest file '../../build/percepto_planner/percepto_planner.egg-info/SOURCES.txt'
[0.514s] writing manifest file '../../build/percepto_planner/percepto_planner.egg-info/SOURCES.txt'
[0.514s] running build
[0.514s] running build_py
[0.514s] copying percepto_planner/astar_rectangle.py -> /home/rishabh/ros2_ws/build/percepto_planner/build/lib/percepto_planner
[0.514s] copying percepto_planner/path_planner.py -> /home/rishabh/ros2_ws/build/percepto_planner/build/lib/percepto_planner
[0.515s] copying percepto_planner/sorting_assigner.py -> /home/rishabh/ros2_ws/build/percepto_planner/build/lib/percepto_planner
[0.515s] copying percepto_planner/visual_feed.py -> /home/rishabh/ros2_ws/build/percepto_planner/build/lib/percepto_planner
[0.515s] copying percepto_planner/int64multiarraytest.py -> /home/rishabh/ros2_ws/build/percepto_planner/build/lib/percepto_planner
[0.515s] running install
[0.515s] running install_lib
[0.516s] copying /home/rishabh/ros2_ws/build/percepto_planner/build/lib/percepto_planner/astar_rectangle.py -> /home/rishabh/ros2_ws/install/percepto_planner/lib/python3.10/site-packages/percepto_planner
[0.516s] copying /home/rishabh/ros2_ws/build/percepto_planner/build/lib/percepto_planner/path_planner.py -> /home/rishabh/ros2_ws/install/percepto_planner/lib/python3.10/site-packages/percepto_planner
[0.516s] copying /home/rishabh/ros2_ws/build/percepto_planner/build/lib/percepto_planner/sorting_assigner.py -> /home/rishabh/ros2_ws/install/percepto_planner/lib/python3.10/site-packages/percepto_planner
[0.516s] copying /home/rishabh/ros2_ws/build/percepto_planner/build/lib/percepto_planner/visual_feed.py -> /home/rishabh/ros2_ws/install/percepto_planner/lib/python3.10/site-packages/percepto_planner
[0.516s] copying /home/rishabh/ros2_ws/build/percepto_planner/build/lib/percepto_planner/int64multiarraytest.py -> /home/rishabh/ros2_ws/install/percepto_planner/lib/python3.10/site-packages/percepto_planner
[0.516s] byte-compiling /home/rishabh/ros2_ws/install/percepto_planner/lib/python3.10/site-packages/percepto_planner/astar_rectangle.py to astar_rectangle.cpython-310.pyc
[0.517s] byte-compiling /home/rishabh/ros2_ws/install/percepto_planner/lib/python3.10/site-packages/percepto_planner/path_planner.py to path_planner.cpython-310.pyc
[0.518s] byte-compiling /home/rishabh/ros2_ws/install/percepto_planner/lib/python3.10/site-packages/percepto_planner/sorting_assigner.py to sorting_assigner.cpython-310.pyc
[0.519s] byte-compiling /home/rishabh/ros2_ws/install/percepto_planner/lib/python3.10/site-packages/percepto_planner/visual_feed.py to visual_feed.cpython-310.pyc
[0.519s] byte-compiling /home/rishabh/ros2_ws/install/percepto_planner/lib/python3.10/site-packages/percepto_planner/int64multiarraytest.py to int64multiarraytest.cpython-310.pyc
[0.519s] running install_data
[0.520s] running install_egg_info
[0.521s] removing '/home/rishabh/ros2_ws/install/percepto_planner/lib/python3.10/site-packages/percepto_planner-0.0.0-py3.10.egg-info' (and everything under it)
[0.521s] Copying ../../build/percepto_planner/percepto_planner.egg-info to /home/rishabh/ros2_ws/install/percepto_planner/lib/python3.10/site-packages/percepto_planner-0.0.0-py3.10.egg-info
[0.521s] running install_scripts
[0.531s] Installing path_planner script to /home/rishabh/ros2_ws/install/percepto_planner/lib/percepto_planner
[0.531s] Installing sorting_assigner script to /home/rishabh/ros2_ws/install/percepto_planner/lib/percepto_planner
[0.531s] Installing visual_feed script to /home/rishabh/ros2_ws/install/percepto_planner/lib/percepto_planner
[0.531s] writing list of installed files to '/home/rishabh/ros2_ws/build/percepto_planner/install.log'
[0.543s] Invoked command in '/home/rishabh/ros2_ws/src/percepto_planner' returned '0': PYTHONPATH=/home/rishabh/ros2_ws/build/percepto_planner/prefix_override:/home/rishabh/ros2_ws/install/percepto_planner/lib/python3.10/site-packages:${PYTHONPATH} /usr/bin/python3 setup.py egg_info --egg-base ../../build/percepto_planner build --build-base /home/rishabh/ros2_ws/build/percepto_planner/build install --record /home/rishabh/ros2_ws/build/percepto_planner/install.log --single-version-externally-managed
