[0.318s] Invoking command in '/home/rishabh/ros2_ws/src/percepto_planner': PYTHONPATH=/home/rishabh/ros2_ws/build/percepto_planner/prefix_override:/home/rishabh/ros2_ws/install/percepto_planner/lib/python3.10/site-packages:${PYTHONPATH} /usr/bin/python3 -W ignore:setup.py install is deprecated setup.py egg_info --egg-base ../../build/percepto_planner build --build-base /home/rishabh/ros2_ws/build/percepto_planner/build install --record /home/rishabh/ros2_ws/build/percepto_planner/install.log --single-version-externally-managed install_data
[0.438s] running egg_info
[0.439s] writing ../../build/percepto_planner/percepto_planner.egg-info/PKG-INFO
[0.439s] writing dependency_links to ../../build/percepto_planner/percepto_planner.egg-info/dependency_links.txt
[0.439s] writing entry points to ../../build/percepto_planner/percepto_planner.egg-info/entry_points.txt
[0.439s] writing requirements to ../../build/percepto_planner/percepto_planner.egg-info/requires.txt
[0.439s] writing top-level names to ../../build/percepto_planner/percepto_planner.egg-info/top_level.txt
[0.440s] reading manifest file '../../build/percepto_planner/percepto_planner.egg-info/SOURCES.txt'
[0.440s] writing manifest file '../../build/percepto_planner/percepto_planner.egg-info/SOURCES.txt'
[0.440s] running build
[0.440s] running build_py
[0.441s] copying percepto_planner/path_planner.py -> /home/rishabh/ros2_ws/build/percepto_planner/build/lib/percepto_planner
[0.441s] copying percepto_planner/visual_feed.py -> /home/rishabh/ros2_ws/build/percepto_planner/build/lib/percepto_planner
[0.441s] running install
[0.441s] running install_lib
[0.441s] copying /home/rishabh/ros2_ws/build/percepto_planner/build/lib/percepto_planner/path_planner.py -> /home/rishabh/ros2_ws/install/percepto_planner/lib/python3.10/site-packages/percepto_planner
[0.441s] copying /home/rishabh/ros2_ws/build/percepto_planner/build/lib/percepto_planner/visual_feed.py -> /home/rishabh/ros2_ws/install/percepto_planner/lib/python3.10/site-packages/percepto_planner
[0.442s] byte-compiling /home/rishabh/ros2_ws/install/percepto_planner/lib/python3.10/site-packages/percepto_planner/path_planner.py to path_planner.cpython-310.pyc
[0.443s] byte-compiling /home/rishabh/ros2_ws/install/percepto_planner/lib/python3.10/site-packages/percepto_planner/visual_feed.py to visual_feed.cpython-310.pyc
[0.444s] running install_data
[0.444s] running install_egg_info
[0.445s] removing '/home/rishabh/ros2_ws/install/percepto_planner/lib/python3.10/site-packages/percepto_planner-0.0.0-py3.10.egg-info' (and everything under it)
[0.445s] Copying ../../build/percepto_planner/percepto_planner.egg-info to /home/rishabh/ros2_ws/install/percepto_planner/lib/python3.10/site-packages/percepto_planner-0.0.0-py3.10.egg-info
[0.445s] running install_scripts
[0.456s] Installing path_planner script to /home/rishabh/ros2_ws/install/percepto_planner/lib/percepto_planner
[0.456s] Installing sorting_assigner script to /home/rishabh/ros2_ws/install/percepto_planner/lib/percepto_planner
[0.456s] Installing timerthreadtest script to /home/rishabh/ros2_ws/install/percepto_planner/lib/percepto_planner
[0.456s] Installing visual_feed script to /home/rishabh/ros2_ws/install/percepto_planner/lib/percepto_planner
[0.456s] writing list of installed files to '/home/rishabh/ros2_ws/build/percepto_planner/install.log'
[0.468s] Invoked command in '/home/rishabh/ros2_ws/src/percepto_planner' returned '0': PYTHONPATH=/home/rishabh/ros2_ws/build/percepto_planner/prefix_override:/home/rishabh/ros2_ws/install/percepto_planner/lib/python3.10/site-packages:${PYTHONPATH} /usr/bin/python3 -W ignore:setup.py install is deprecated setup.py egg_info --egg-base ../../build/percepto_planner build --build-base /home/rishabh/ros2_ws/build/percepto_planner/build install --record /home/rishabh/ros2_ws/build/percepto_planner/install.log --single-version-externally-managed install_data
