[0.339s] Invoking command in '/home/rishabh/ros2_ws/src/percepto_planner': CONDA_PROMPT_MODIFIER=(base) PYTHONPATH=/home/rishabh/ros2_ws/build/percepto_planner/prefix_override:/home/rishabh/ros2_ws/install/percepto_planner/lib/python3.10/site-packages:${PYTHONPATH} /usr/bin/python3 setup.py egg_info --egg-base ../../build/percepto_planner build --build-base /home/rishabh/ros2_ws/build/percepto_planner/build install --record /home/rishabh/ros2_ws/build/percepto_planner/install.log --single-version-externally-managed
[0.452s] running egg_info
[0.452s] creating ../../build/percepto_planner/percepto_planner.egg-info
[0.452s] writing ../../build/percepto_planner/percepto_planner.egg-info/PKG-INFO
[0.452s] writing dependency_links to ../../build/percepto_planner/percepto_planner.egg-info/dependency_links.txt
[0.452s] writing entry points to ../../build/percepto_planner/percepto_planner.egg-info/entry_points.txt
[0.452s] writing requirements to ../../build/percepto_planner/percepto_planner.egg-info/requires.txt
[0.452s] writing top-level names to ../../build/percepto_planner/percepto_planner.egg-info/top_level.txt
[0.452s] writing manifest file '../../build/percepto_planner/percepto_planner.egg-info/SOURCES.txt'
[0.453s] reading manifest file '../../build/percepto_planner/percepto_planner.egg-info/SOURCES.txt'
[0.453s] writing manifest file '../../build/percepto_planner/percepto_planner.egg-info/SOURCES.txt'
[0.453s] running build
[0.453s] running build_py
[0.453s] creating /home/rishabh/ros2_ws/build/percepto_planner/build
[0.453s] creating /home/rishabh/ros2_ws/build/percepto_planner/build/lib
[0.453s] creating /home/rishabh/ros2_ws/build/percepto_planner/build/lib/percepto_planner
[0.453s] copying percepto_planner/my_first_node.py -> /home/rishabh/ros2_ws/build/percepto_planner/build/lib/percepto_planner
[0.453s] copying percepto_planner/__init__.py -> /home/rishabh/ros2_ws/build/percepto_planner/build/lib/percepto_planner
[0.453s] copying percepto_planner/camera_testing_1.py -> /home/rishabh/ros2_ws/build/percepto_planner/build/lib/percepto_planner
[0.453s] copying percepto_planner/camera_testing_2.py -> /home/rishabh/ros2_ws/build/percepto_planner/build/lib/percepto_planner
[0.454s] copying percepto_planner/publishtypetest.py -> /home/rishabh/ros2_ws/build/percepto_planner/build/lib/percepto_planner
[0.454s] running install
[0.454s] /usr/lib/python3/dist-packages/setuptools/command/install.py:34: SetuptoolsDeprecationWarning: setup.py install is deprecated. Use build and pip and other standards-based tools.
[0.454s]   warnings.warn(
[0.454s] running install_lib
[0.454s] creating /home/rishabh/ros2_ws/install/percepto_planner/lib/python3.10/site-packages/percepto_planner
[0.454s] copying /home/rishabh/ros2_ws/build/percepto_planner/build/lib/percepto_planner/my_first_node.py -> /home/rishabh/ros2_ws/install/percepto_planner/lib/python3.10/site-packages/percepto_planner
[0.455s] copying /home/rishabh/ros2_ws/build/percepto_planner/build/lib/percepto_planner/__init__.py -> /home/rishabh/ros2_ws/install/percepto_planner/lib/python3.10/site-packages/percepto_planner
[0.455s] copying /home/rishabh/ros2_ws/build/percepto_planner/build/lib/percepto_planner/camera_testing_1.py -> /home/rishabh/ros2_ws/install/percepto_planner/lib/python3.10/site-packages/percepto_planner
[0.455s] copying /home/rishabh/ros2_ws/build/percepto_planner/build/lib/percepto_planner/camera_testing_2.py -> /home/rishabh/ros2_ws/install/percepto_planner/lib/python3.10/site-packages/percepto_planner
[0.455s] copying /home/rishabh/ros2_ws/build/percepto_planner/build/lib/percepto_planner/publishtypetest.py -> /home/rishabh/ros2_ws/install/percepto_planner/lib/python3.10/site-packages/percepto_planner
[0.455s] byte-compiling /home/rishabh/ros2_ws/install/percepto_planner/lib/python3.10/site-packages/percepto_planner/my_first_node.py to my_first_node.cpython-310.pyc
[0.455s] byte-compiling /home/rishabh/ros2_ws/install/percepto_planner/lib/python3.10/site-packages/percepto_planner/__init__.py to __init__.cpython-310.pyc
[0.455s] byte-compiling /home/rishabh/ros2_ws/install/percepto_planner/lib/python3.10/site-packages/percepto_planner/camera_testing_1.py to camera_testing_1.cpython-310.pyc
[0.455s] byte-compiling /home/rishabh/ros2_ws/install/percepto_planner/lib/python3.10/site-packages/percepto_planner/camera_testing_2.py to camera_testing_2.cpython-310.pyc
[0.456s] byte-compiling /home/rishabh/ros2_ws/install/percepto_planner/lib/python3.10/site-packages/percepto_planner/publishtypetest.py to publishtypetest.cpython-310.pyc
[0.456s] running install_data
[0.456s] creating /home/rishabh/ros2_ws/install/percepto_planner/share/ament_index
[0.456s] creating /home/rishabh/ros2_ws/install/percepto_planner/share/ament_index/resource_index
[0.456s] creating /home/rishabh/ros2_ws/install/percepto_planner/share/ament_index/resource_index/packages
[0.456s] copying resource/percepto_planner -> /home/rishabh/ros2_ws/install/percepto_planner/share/ament_index/resource_index/packages
[0.456s] copying package.xml -> /home/rishabh/ros2_ws/install/percepto_planner/share/percepto_planner
[0.456s] running install_egg_info
[0.457s] Copying ../../build/percepto_planner/percepto_planner.egg-info to /home/rishabh/ros2_ws/install/percepto_planner/lib/python3.10/site-packages/percepto_planner-0.0.0-py3.10.egg-info
[0.457s] running install_scripts
[0.469s] Installing my_first_node script to /home/rishabh/ros2_ws/install/percepto_planner/lib/percepto_planner
[0.469s] writing list of installed files to '/home/rishabh/ros2_ws/build/percepto_planner/install.log'
[0.480s] Invoked command in '/home/rishabh/ros2_ws/src/percepto_planner' returned '0': CONDA_PROMPT_MODIFIER=(base) PYTHONPATH=/home/rishabh/ros2_ws/build/percepto_planner/prefix_override:/home/rishabh/ros2_ws/install/percepto_planner/lib/python3.10/site-packages:${PYTHONPATH} /usr/bin/python3 setup.py egg_info --egg-base ../../build/percepto_planner build --build-base /home/rishabh/ros2_ws/build/percepto_planner/build install --record /home/rishabh/ros2_ws/build/percepto_planner/install.log --single-version-externally-managed
