running egg_info
creating ../../build/percepto_planner/percepto_planner.egg-info
writing ../../build/percepto_planner/percepto_planner.egg-info/PKG-INFO
writing dependency_links to ../../build/percepto_planner/percepto_planner.egg-info/dependency_links.txt
writing entry points to ../../build/percepto_planner/percepto_planner.egg-info/entry_points.txt
writing requirements to ../../build/percepto_planner/percepto_planner.egg-info/requires.txt
writing top-level names to ../../build/percepto_planner/percepto_planner.egg-info/top_level.txt
writing manifest file '../../build/percepto_planner/percepto_planner.egg-info/SOURCES.txt'
reading manifest file '../../build/percepto_planner/percepto_planner.egg-info/SOURCES.txt'
writing manifest file '../../build/percepto_planner/percepto_planner.egg-info/SOURCES.txt'
running build
running build_py
creating /home/rishabh/ros2_ws/build/percepto_planner/build
creating /home/rishabh/ros2_ws/build/percepto_planner/build/lib
creating /home/rishabh/ros2_ws/build/percepto_planner/build/lib/percepto_planner
copying percepto_planner/my_first_node.py -> /home/rishabh/ros2_ws/build/percepto_planner/build/lib/percepto_planner
copying percepto_planner/__init__.py -> /home/rishabh/ros2_ws/build/percepto_planner/build/lib/percepto_planner
copying percepto_planner/camera_testing_1.py -> /home/rishabh/ros2_ws/build/percepto_planner/build/lib/percepto_planner
copying percepto_planner/camera_testing_2.py -> /home/rishabh/ros2_ws/build/percepto_planner/build/lib/percepto_planner
copying percepto_planner/publishtypetest.py -> /home/rishabh/ros2_ws/build/percepto_planner/build/lib/percepto_planner
running install
/usr/lib/python3/dist-packages/setuptools/command/install.py:34: SetuptoolsDeprecationWarning: setup.py install is deprecated. Use build and pip and other standards-based tools.
  warnings.warn(
running install_lib
creating /home/rishabh/ros2_ws/install/percepto_planner/lib/python3.10/site-packages/percepto_planner
copying /home/rishabh/ros2_ws/build/percepto_planner/build/lib/percepto_planner/my_first_node.py -> /home/rishabh/ros2_ws/install/percepto_planner/lib/python3.10/site-packages/percepto_planner
copying /home/rishabh/ros2_ws/build/percepto_planner/build/lib/percepto_planner/__init__.py -> /home/rishabh/ros2_ws/install/percepto_planner/lib/python3.10/site-packages/percepto_planner
copying /home/rishabh/ros2_ws/build/percepto_planner/build/lib/percepto_planner/camera_testing_1.py -> /home/rishabh/ros2_ws/install/percepto_planner/lib/python3.10/site-packages/percepto_planner
copying /home/rishabh/ros2_ws/build/percepto_planner/build/lib/percepto_planner/camera_testing_2.py -> /home/rishabh/ros2_ws/install/percepto_planner/lib/python3.10/site-packages/percepto_planner
copying /home/rishabh/ros2_ws/build/percepto_planner/build/lib/percepto_planner/publishtypetest.py -> /home/rishabh/ros2_ws/install/percepto_planner/lib/python3.10/site-packages/percepto_planner
byte-compiling /home/rishabh/ros2_ws/install/percepto_planner/lib/python3.10/site-packages/percepto_planner/my_first_node.py to my_first_node.cpython-310.pyc
byte-compiling /home/rishabh/ros2_ws/install/percepto_planner/lib/python3.10/site-packages/percepto_planner/__init__.py to __init__.cpython-310.pyc
byte-compiling /home/rishabh/ros2_ws/install/percepto_planner/lib/python3.10/site-packages/percepto_planner/camera_testing_1.py to camera_testing_1.cpython-310.pyc
byte-compiling /home/rishabh/ros2_ws/install/percepto_planner/lib/python3.10/site-packages/percepto_planner/camera_testing_2.py to camera_testing_2.cpython-310.pyc
byte-compiling /home/rishabh/ros2_ws/install/percepto_planner/lib/python3.10/site-packages/percepto_planner/publishtypetest.py to publishtypetest.cpython-310.pyc
running install_data
creating /home/rishabh/ros2_ws/install/percepto_planner/share/ament_index
creating /home/rishabh/ros2_ws/install/percepto_planner/share/ament_index/resource_index
creating /home/rishabh/ros2_ws/install/percepto_planner/share/ament_index/resource_index/packages
copying resource/percepto_planner -> /home/rishabh/ros2_ws/install/percepto_planner/share/ament_index/resource_index/packages
copying package.xml -> /home/rishabh/ros2_ws/install/percepto_planner/share/percepto_planner
running install_egg_info
Copying ../../build/percepto_planner/percepto_planner.egg-info to /home/rishabh/ros2_ws/install/percepto_planner/lib/python3.10/site-packages/percepto_planner-0.0.0-py3.10.egg-info
running install_scripts
Installing my_first_node script to /home/rishabh/ros2_ws/install/percepto_planner/lib/percepto_planner
writing list of installed files to '/home/rishabh/ros2_ws/build/percepto_planner/install.log'
