[0.336s] Invoking command in '/home/rishabh/ros2_ws/src/percepto_planner': PYTHONPATH=/home/rishabh/ros2_ws/build/percepto_planner/prefix_override:/home/rishabh/ros2_ws/install/percepto_planner/lib/python3.10/site-packages:${PYTHONPATH} /usr/bin/python3 setup.py egg_info --egg-base ../../build/percepto_planner build --build-base /home/rishabh/ros2_ws/build/percepto_planner/build install --record /home/rishabh/ros2_ws/build/percepto_planner/install.log --single-version-externally-managed
[0.440s] running egg_info
[0.440s] writing ../../build/percepto_planner/percepto_planner.egg-info/PKG-INFO
[0.440s] writing dependency_links to ../../build/percepto_planner/percepto_planner.egg-info/dependency_links.txt
[0.440s] writing entry points to ../../build/percepto_planner/percepto_planner.egg-info/entry_points.txt
[0.440s] writing requirements to ../../build/percepto_planner/percepto_planner.egg-info/requires.txt
[0.440s] writing top-level names to ../../build/percepto_planner/percepto_planner.egg-info/top_level.txt
[0.441s] reading manifest file '../../build/percepto_planner/percepto_planner.egg-info/SOURCES.txt'
[0.441s] writing manifest file '../../build/percepto_planner/percepto_planner.egg-info/SOURCES.txt'
[0.441s] running build
[0.441s] running build_py
[0.441s] copying percepto_planner/my_first_node.py -> /home/rishabh/ros2_ws/build/percepto_planner/build/lib/percepto_planner
[0.441s] running install
[0.442s] /usr/lib/python3/dist-packages/setuptools/command/install.py:34: SetuptoolsDeprecationWarning: setup.py install is deprecated. Use build and pip and other standards-based tools.
[0.442s]   warnings.warn(
[0.442s] running install_lib
[0.442s] copying /home/rishabh/ros2_ws/build/percepto_planner/build/lib/percepto_planner/my_first_node.py -> /home/rishabh/ros2_ws/install/percepto_planner/lib/python3.10/site-packages/percepto_planner
[0.442s] byte-compiling /home/rishabh/ros2_ws/install/percepto_planner/lib/python3.10/site-packages/percepto_planner/my_first_node.py to my_first_node.cpython-310.pyc
[0.443s] running install_data
[0.443s] running install_egg_info
[0.444s] removing '/home/rishabh/ros2_ws/install/percepto_planner/lib/python3.10/site-packages/percepto_planner-0.0.0-py3.10.egg-info' (and everything under it)
[0.444s] Copying ../../build/percepto_planner/percepto_planner.egg-info to /home/rishabh/ros2_ws/install/percepto_planner/lib/python3.10/site-packages/percepto_planner-0.0.0-py3.10.egg-info
[0.445s] running install_scripts
[0.455s] Installing my_first_node script to /home/rishabh/ros2_ws/install/percepto_planner/lib/percepto_planner
[0.456s] writing list of installed files to '/home/rishabh/ros2_ws/build/percepto_planner/install.log'
[0.468s] Invoked command in '/home/rishabh/ros2_ws/src/percepto_planner' returned '0': PYTHONPATH=/home/rishabh/ros2_ws/build/percepto_planner/prefix_override:/home/rishabh/ros2_ws/install/percepto_planner/lib/python3.10/site-packages:${PYTHONPATH} /usr/bin/python3 setup.py egg_info --egg-base ../../build/percepto_planner build --build-base /home/rishabh/ros2_ws/build/percepto_planner/build install --record /home/rishabh/ros2_ws/build/percepto_planner/install.log --single-version-externally-managed
