[0.347s] Invoking command in '/home/rishabh/ros2_ws/src/percepto_planner': PYTHONPATH=/home/rishabh/ros2_ws/build/percepto_planner/prefix_override:/home/rishabh/ros2_ws/install/percepto_planner/lib/python3.10/site-packages:${PYTHONPATH} /usr/bin/python3 setup.py egg_info --egg-base ../../build/percepto_planner build --build-base /home/rishabh/ros2_ws/build/percepto_planner/build install --record /home/rishabh/ros2_ws/build/percepto_planner/install.log --single-version-externally-managed
[0.449s] running egg_info
[0.449s] writing ../../build/percepto_planner/percepto_planner.egg-info/PKG-INFO
[0.450s] writing dependency_links to ../../build/percepto_planner/percepto_planner.egg-info/dependency_links.txt
[0.450s] writing entry points to ../../build/percepto_planner/percepto_planner.egg-info/entry_points.txt
[0.450s] writing requirements to ../../build/percepto_planner/percepto_planner.egg-info/requires.txt
[0.450s] writing top-level names to ../../build/percepto_planner/percepto_planner.egg-info/top_level.txt
[0.451s] reading manifest file '../../build/percepto_planner/percepto_planner.egg-info/SOURCES.txt'
[0.451s] writing manifest file '../../build/percepto_planner/percepto_planner.egg-info/SOURCES.txt'
[0.451s] running build
[0.451s] running build_py
[0.451s] running install
[0.451s] /usr/lib/python3/dist-packages/setuptools/command/install.py:34: SetuptoolsDeprecationWarning: setup.py install is deprecated. Use build and pip and other standards-based tools.
[0.451s]   warnings.warn(
[0.451s] running install_lib
[0.452s] running install_data
[0.452s] running install_egg_info
[0.453s] removing '/home/rishabh/ros2_ws/install/percepto_planner/lib/python3.10/site-packages/percepto_planner-0.0.0-py3.10.egg-info' (and everything under it)
[0.453s] Copying ../../build/percepto_planner/percepto_planner.egg-info to /home/rishabh/ros2_ws/install/percepto_planner/lib/python3.10/site-packages/percepto_planner-0.0.0-py3.10.egg-info
[0.453s] running install_scripts
[0.464s] Installing my_first_node script to /home/rishabh/ros2_ws/install/percepto_planner/lib/percepto_planner
[0.464s] writing list of installed files to '/home/rishabh/ros2_ws/build/percepto_planner/install.log'
[0.476s] Invoked command in '/home/rishabh/ros2_ws/src/percepto_planner' returned '0': PYTHONPATH=/home/rishabh/ros2_ws/build/percepto_planner/prefix_override:/home/rishabh/ros2_ws/install/percepto_planner/lib/python3.10/site-packages:${PYTHONPATH} /usr/bin/python3 setup.py egg_info --egg-base ../../build/percepto_planner build --build-base /home/rishabh/ros2_ws/build/percepto_planner/build install --record /home/rishabh/ros2_ws/build/percepto_planner/install.log --single-version-externally-managed
