[0.182s] Invoking command in '/home/rishabh/ros2_ws/build/pplanner_interfaces': CMAKE_PREFIX_PATH=${CMAKE_PREFIX_PATH}:/home/rishabh/ros2_ws/install/percepto_planner:/opt/ros/humble /usr/bin/cmake --build /home/rishabh/ros2_ws/build/pplanner_interfaces -- -j20 -l20
[0.195s] -- Found ament_cmake: 1.3.5 (/opt/ros/humble/share/ament_cmake/cmake)
[0.271s] -- Found rosidl_default_generators: 1.2.0 (/opt/ros/humble/share/rosidl_default_generators/cmake)
[0.271s] -- Using all available rosidl_typesupport_c: rosidl_typesupport_fastrtps_c;rosidl_typesupport_introspection_c
[0.273s] -- Found rosidl_adapter: 3.1.5 (/opt/ros/humble/share/rosidl_adapter/cmake)
[0.288s] -- Using all available rosidl_typesupport_cpp: rosidl_typesupport_fastrtps_cpp;rosidl_typesupport_introspection_cpp
[0.438s] -- Found ament_cmake_ros: 0.10.0 (/opt/ros/humble/share/ament_cmake_ros/cmake)
[0.539s] -- Using all available rosidl_typesupport_c: rosidl_typesupport_fastrtps_c;rosidl_typesupport_introspection_c
[0.664s] -- Using all available rosidl_typesupport_cpp: rosidl_typesupport_fastrtps_cpp;rosidl_typesupport_introspection_cpp
[0.676s] -- Found python_cmake_module: 0.10.0 (/opt/ros/humble/share/python_cmake_module/cmake)
[0.688s] -- Using PYTHON_EXECUTABLE: /usr/bin/python3
[0.688s] -- Using PYTHON_INCLUDE_DIRS: /usr/include/python3.10
[0.688s] -- Using PYTHON_LIBRARIES: /usr/lib/x86_64-linux-gnu/libpython3.10.so
[0.696s] -- Configuring done
[0.709s] -- Generating done
[0.710s] -- Build files have been written to: /home/rishabh/ros2_ws/build/pplanner_interfaces
[0.724s] [  2%] [34m[1mGenerating C code for ROS interfaces[0m
[0.729s] [  5%] [34m[1mGenerating C++ code for ROS interfaces[0m
[0.733s] [  5%] Built target ament_cmake_python_copy_pplanner_interfaces
[0.851s] running egg_info
[0.851s] writing pplanner_interfaces.egg-info/PKG-INFO
[0.851s] writing dependency_links to pplanner_interfaces.egg-info/dependency_links.txt
[0.851s] writing top-level names to pplanner_interfaces.egg-info/top_level.txt
[0.852s] reading manifest file 'pplanner_interfaces.egg-info/SOURCES.txt'
[0.852s] writing manifest file 'pplanner_interfaces.egg-info/SOURCES.txt'
[0.868s] [  5%] Built target ament_cmake_python_build_pplanner_interfaces_egg
[0.871s] [  5%] Built target pplanner_interfaces__cpp
[0.872s] [35m[1mConsolidate compiler generated dependencies of target pplanner_interfaces__rosidl_generator_c[0m
[0.876s] [  7%] [34m[1mGenerating C++ type support for eProsima Fast-RTPS[0m
[0.877s] [ 10%] [34m[1mGenerating C++ introspection for ROS interfaces[0m
[0.877s] [ 12%] [34m[1mGenerating C++ type support dispatch for ROS interfaces[0m
[0.877s] [ 15%] [32mBuilding C object CMakeFiles/pplanner_interfaces__rosidl_generator_c.dir/rosidl_generator_c/pplanner_interfaces/msg/detail/aruco_data__functions.c.o[0m
[0.878s] [ 17%] [32mBuilding C object CMakeFiles/pplanner_interfaces__rosidl_generator_c.dir/rosidl_generator_c/pplanner_interfaces/msg/detail/aruco_dataset__functions.c.o[0m
[0.902s] [ 20%] [32m[1mLinking C shared library libpplanner_interfaces__rosidl_generator_c.so[0m
[0.923s] [ 20%] Built target pplanner_interfaces__rosidl_generator_c
[0.928s] [ 23%] [34m[1mGenerating C type support for eProsima Fast-RTPS[0m
[0.928s] [ 25%] [34m[1mGenerating C introspection for ROS interfaces[0m
[0.928s] [ 28%] [34m[1mGenerating C type support dispatch for ROS interfaces[0m
[1.008s] [35m[1mConsolidate compiler generated dependencies of target pplanner_interfaces__rosidl_typesupport_cpp[0m
[1.015s] [ 30%] [32mBuilding CXX object CMakeFiles/pplanner_interfaces__rosidl_typesupport_cpp.dir/rosidl_typesupport_cpp/pplanner_interfaces/msg/aruco_data__type_support.cpp.o[0m
[1.016s] [ 33%] [32mBuilding CXX object CMakeFiles/pplanner_interfaces__rosidl_typesupport_cpp.dir/rosidl_typesupport_cpp/pplanner_interfaces/msg/aruco_dataset__type_support.cpp.o[0m
[1.022s] [35m[1mConsolidate compiler generated dependencies of target pplanner_interfaces__rosidl_typesupport_introspection_cpp[0m
[1.028s] [35m[1mConsolidate compiler generated dependencies of target pplanner_interfaces__rosidl_typesupport_fastrtps_cpp[0m
[1.033s] [ 38%] [32mBuilding CXX object CMakeFiles/pplanner_interfaces__rosidl_typesupport_introspection_cpp.dir/rosidl_typesupport_introspection_cpp/pplanner_interfaces/msg/detail/aruco_dataset__type_support.cpp.o[0m
[1.033s] [ 38%] [32mBuilding CXX object CMakeFiles/pplanner_interfaces__rosidl_typesupport_introspection_cpp.dir/rosidl_typesupport_introspection_cpp/pplanner_interfaces/msg/detail/aruco_data__type_support.cpp.o[0m
[1.036s] [ 41%] [32mBuilding CXX object CMakeFiles/pplanner_interfaces__rosidl_typesupport_fastrtps_cpp.dir/rosidl_typesupport_fastrtps_cpp/pplanner_interfaces/msg/detail/dds_fastrtps/aruco_data__type_support.cpp.o[0m
[1.039s] [ 43%] [32mBuilding CXX object CMakeFiles/pplanner_interfaces__rosidl_typesupport_fastrtps_cpp.dir/rosidl_typesupport_fastrtps_cpp/pplanner_interfaces/msg/detail/dds_fastrtps/aruco_dataset__type_support.cpp.o[0m
[1.073s] [35m[1mConsolidate compiler generated dependencies of target pplanner_interfaces__rosidl_typesupport_c[0m
[1.083s] [ 48%] [32mBuilding CXX object CMakeFiles/pplanner_interfaces__rosidl_typesupport_c.dir/rosidl_typesupport_c/pplanner_interfaces/msg/aruco_data__type_support.cpp.o[0m
[1.083s] [ 48%] [32mBuilding CXX object CMakeFiles/pplanner_interfaces__rosidl_typesupport_c.dir/rosidl_typesupport_c/pplanner_interfaces/msg/aruco_dataset__type_support.cpp.o[0m
[1.086s] [35m[1mConsolidate compiler generated dependencies of target pplanner_interfaces__rosidl_typesupport_introspection_c[0m
[1.092s] [35m[1mConsolidate compiler generated dependencies of target pplanner_interfaces__rosidl_typesupport_fastrtps_c[0m
[1.093s] [ 51%] [32mBuilding C object CMakeFiles/pplanner_interfaces__rosidl_typesupport_introspection_c.dir/rosidl_typesupport_introspection_c/pplanner_interfaces/msg/detail/aruco_data__type_support.c.o[0m
[1.096s] [ 53%] [32mBuilding C object CMakeFiles/pplanner_interfaces__rosidl_typesupport_introspection_c.dir/rosidl_typesupport_introspection_c/pplanner_interfaces/msg/detail/aruco_dataset__type_support.c.o[0m
[1.100s] [ 56%] [32mBuilding CXX object CMakeFiles/pplanner_interfaces__rosidl_typesupport_fastrtps_c.dir/rosidl_typesupport_fastrtps_c/pplanner_interfaces/msg/detail/aruco_data__type_support_c.cpp.o[0m
[1.102s] [ 58%] [32mBuilding CXX object CMakeFiles/pplanner_interfaces__rosidl_typesupport_fastrtps_c.dir/rosidl_typesupport_fastrtps_c/pplanner_interfaces/msg/detail/aruco_dataset__type_support_c.cpp.o[0m
[1.109s] [ 61%] [32m[1mLinking CXX shared library libpplanner_interfaces__rosidl_typesupport_c.so[0m
[1.128s] [ 64%] [32m[1mLinking C shared library libpplanner_interfaces__rosidl_typesupport_introspection_c.so[0m
[1.145s] [ 64%] Built target pplanner_interfaces__rosidl_typesupport_c
[1.156s] [ 64%] Built target pplanner_interfaces__rosidl_typesupport_introspection_c
[1.166s] [ 66%] [32m[1mLinking CXX shared library libpplanner_interfaces__rosidl_typesupport_cpp.so[0m
[1.192s] [ 66%] Built target pplanner_interfaces__rosidl_typesupport_cpp
[1.274s] [ 69%] [32m[1mLinking CXX shared library libpplanner_interfaces__rosidl_typesupport_introspection_cpp.so[0m
[1.303s] [ 71%] [32m[1mLinking CXX shared library libpplanner_interfaces__rosidl_typesupport_fastrtps_c.so[0m
[1.315s] [ 71%] Built target pplanner_interfaces__rosidl_typesupport_introspection_cpp
[1.336s] [ 74%] [32m[1mLinking CXX shared library libpplanner_interfaces__rosidl_typesupport_fastrtps_cpp.so[0m
[1.342s] [ 74%] Built target pplanner_interfaces__rosidl_typesupport_fastrtps_c
[1.373s] [ 74%] Built target pplanner_interfaces__rosidl_typesupport_fastrtps_cpp
[1.384s] [ 74%] Built target pplanner_interfaces
[1.396s] [ 76%] [34m[1mGenerating Python code for ROS interfaces[0m
[1.564s] [ 76%] Built target pplanner_interfaces__py
[1.569s] [35m[1mConsolidate compiler generated dependencies of target pplanner_interfaces__rosidl_generator_py[0m
[1.576s] [ 79%] [32mBuilding C object CMakeFiles/pplanner_interfaces__rosidl_generator_py.dir/rosidl_generator_py/pplanner_interfaces/msg/_aruco_data_s.c.o[0m
[1.576s] [ 82%] [32mBuilding C object CMakeFiles/pplanner_interfaces__rosidl_generator_py.dir/rosidl_generator_py/pplanner_interfaces/msg/_aruco_dataset_s.c.o[0m
[1.624s] [ 84%] [32m[1mLinking C shared library rosidl_generator_py/pplanner_interfaces/libpplanner_interfaces__rosidl_generator_py.so[0m
[1.645s] [ 84%] Built target pplanner_interfaces__rosidl_generator_py
[1.650s] [35m[1mConsolidate compiler generated dependencies of target pplanner_interfaces__rosidl_typesupport_fastrtps_c__pyext[0m
[1.650s] [35m[1mConsolidate compiler generated dependencies of target pplanner_interfaces__rosidl_typesupport_introspection_c__pyext[0m
[1.650s] [35m[1mConsolidate compiler generated dependencies of target pplanner_interfaces__rosidl_typesupport_c__pyext[0m
[1.657s] [ 87%] [32mBuilding C object CMakeFiles/pplanner_interfaces__rosidl_typesupport_fastrtps_c__pyext.dir/rosidl_generator_py/pplanner_interfaces/_pplanner_interfaces_s.ep.rosidl_typesupport_fastrtps_c.c.o[0m
[1.657s] [ 89%] [32mBuilding C object CMakeFiles/pplanner_interfaces__rosidl_typesupport_introspection_c__pyext.dir/rosidl_generator_py/pplanner_interfaces/_pplanner_interfaces_s.ep.rosidl_typesupport_introspection_c.c.o[0m
[1.657s] [ 92%] [32mBuilding C object CMakeFiles/pplanner_interfaces__rosidl_typesupport_c__pyext.dir/rosidl_generator_py/pplanner_interfaces/_pplanner_interfaces_s.ep.rosidl_typesupport_c.c.o[0m
[1.703s] [ 97%] [32m[1mLinking C shared library rosidl_generator_py/pplanner_interfaces/pplanner_interfaces_s__rosidl_typesupport_c.cpython-310-x86_64-linux-gnu.so[0m
[1.703s] [ 97%] [32m[1mLinking C shared library rosidl_generator_py/pplanner_interfaces/pplanner_interfaces_s__rosidl_typesupport_introspection_c.cpython-310-x86_64-linux-gnu.so[0m
[1.704s] [100%] [32m[1mLinking C shared library rosidl_generator_py/pplanner_interfaces/pplanner_interfaces_s__rosidl_typesupport_fastrtps_c.cpython-310-x86_64-linux-gnu.so[0m
[1.720s] [100%] Built target pplanner_interfaces__rosidl_typesupport_introspection_c__pyext
[1.720s] [100%] Built target pplanner_interfaces__rosidl_typesupport_c__pyext
[1.720s] [100%] Built target pplanner_interfaces__rosidl_typesupport_fastrtps_c__pyext
[1.727s] Invoked command in '/home/rishabh/ros2_ws/build/pplanner_interfaces' returned '0': CMAKE_PREFIX_PATH=${CMAKE_PREFIX_PATH}:/home/rishabh/ros2_ws/install/percepto_planner:/opt/ros/humble /usr/bin/cmake --build /home/rishabh/ros2_ws/build/pplanner_interfaces -- -j20 -l20
[1.770s] Invoking command in '/home/rishabh/ros2_ws/build/pplanner_interfaces': CMAKE_PREFIX_PATH=${CMAKE_PREFIX_PATH}:/home/rishabh/ros2_ws/install/percepto_planner:/opt/ros/humble /usr/bin/cmake --install /home/rishabh/ros2_ws/build/pplanner_interfaces
[1.774s] -- Install configuration: ""
[1.774s] -- Installing: /home/rishabh/ros2_ws/install/pplanner_interfaces/share/ament_index/resource_index/rosidl_interfaces/pplanner_interfaces
[1.774s] -- Up-to-date: /home/rishabh/ros2_ws/install/pplanner_interfaces/include/pplanner_interfaces/pplanner_interfaces
[1.775s] -- Up-to-date: /home/rishabh/ros2_ws/install/pplanner_interfaces/include/pplanner_interfaces/pplanner_interfaces/msg
[1.775s] -- Up-to-date: /home/rishabh/ros2_ws/install/pplanner_interfaces/include/pplanner_interfaces/pplanner_interfaces/msg/detail
[1.775s] -- Installing: /home/rishabh/ros2_ws/install/pplanner_interfaces/include/pplanner_interfaces/pplanner_interfaces/msg/detail/aruco_dataset__functions.c
[1.775s] -- Installing: /home/rishabh/ros2_ws/install/pplanner_interfaces/include/pplanner_interfaces/pplanner_interfaces/msg/detail/aruco_data__type_support.h
[1.775s] -- Installing: /home/rishabh/ros2_ws/install/pplanner_interfaces/include/pplanner_interfaces/pplanner_interfaces/msg/detail/aruco_dataset__type_support.h
[1.775s] -- Installing: /home/rishabh/ros2_ws/install/pplanner_interfaces/include/pplanner_interfaces/pplanner_interfaces/msg/detail/aruco_dataset__struct.h
[1.775s] -- Installing: /home/rishabh/ros2_ws/install/pplanner_interfaces/include/pplanner_interfaces/pplanner_interfaces/msg/detail/aruco_data__functions.h
[1.775s] -- Installing: /home/rishabh/ros2_ws/install/pplanner_interfaces/include/pplanner_interfaces/pplanner_interfaces/msg/detail/aruco_dataset__functions.h
[1.775s] -- Installing: /home/rishabh/ros2_ws/install/pplanner_interfaces/include/pplanner_interfaces/pplanner_interfaces/msg/detail/aruco_data__struct.h
[1.775s] -- Installing: /home/rishabh/ros2_ws/install/pplanner_interfaces/include/pplanner_interfaces/pplanner_interfaces/msg/detail/aruco_data__functions.c
[1.775s] -- Up-to-date: /home/rishabh/ros2_ws/install/pplanner_interfaces/include/pplanner_interfaces/pplanner_interfaces/msg/rosidl_generator_c__visibility_control.h
[1.775s] -- Installing: /home/rishabh/ros2_ws/install/pplanner_interfaces/include/pplanner_interfaces/pplanner_interfaces/msg/aruco_dataset.h
[1.775s] -- Installing: /home/rishabh/ros2_ws/install/pplanner_interfaces/include/pplanner_interfaces/pplanner_interfaces/msg/aruco_data.h
[1.775s] -- Up-to-date: /home/rishabh/ros2_ws/install/pplanner_interfaces/share/pplanner_interfaces/environment/library_path.sh
[1.776s] -- Installing: /home/rishabh/ros2_ws/install/pplanner_interfaces/share/pplanner_interfaces/environment/library_path.dsv
[1.776s] -- Installing: /home/rishabh/ros2_ws/install/pplanner_interfaces/lib/libpplanner_interfaces__rosidl_generator_c.so
[1.776s] -- Set runtime path of "/home/rishabh/ros2_ws/install/pplanner_interfaces/lib/libpplanner_interfaces__rosidl_generator_c.so" to ""
[1.776s] -- Up-to-date: /home/rishabh/ros2_ws/install/pplanner_interfaces/include/pplanner_interfaces/pplanner_interfaces
[1.776s] -- Up-to-date: /home/rishabh/ros2_ws/install/pplanner_interfaces/include/pplanner_interfaces/pplanner_interfaces/msg
[1.776s] -- Up-to-date: /home/rishabh/ros2_ws/install/pplanner_interfaces/include/pplanner_interfaces/pplanner_interfaces/msg/rosidl_typesupport_fastrtps_c__visibility_control.h
[1.776s] -- Up-to-date: /home/rishabh/ros2_ws/install/pplanner_interfaces/include/pplanner_interfaces/pplanner_interfaces/msg/detail
[1.776s] -- Installing: /home/rishabh/ros2_ws/install/pplanner_interfaces/include/pplanner_interfaces/pplanner_interfaces/msg/detail/aruco_dataset__rosidl_typesupport_fastrtps_c.h
[1.776s] -- Installing: /home/rishabh/ros2_ws/install/pplanner_interfaces/include/pplanner_interfaces/pplanner_interfaces/msg/detail/aruco_data__rosidl_typesupport_fastrtps_c.h
[1.776s] -- Installing: /home/rishabh/ros2_ws/install/pplanner_interfaces/lib/libpplanner_interfaces__rosidl_typesupport_fastrtps_c.so
[1.776s] -- Set runtime path of "/home/rishabh/ros2_ws/install/pplanner_interfaces/lib/libpplanner_interfaces__rosidl_typesupport_fastrtps_c.so" to ""
[1.776s] -- Up-to-date: /home/rishabh/ros2_ws/install/pplanner_interfaces/include/pplanner_interfaces/pplanner_interfaces
[1.776s] -- Up-to-date: /home/rishabh/ros2_ws/install/pplanner_interfaces/include/pplanner_interfaces/pplanner_interfaces/msg
[1.776s] -- Up-to-date: /home/rishabh/ros2_ws/install/pplanner_interfaces/include/pplanner_interfaces/pplanner_interfaces/msg/detail
[1.777s] -- Installing: /home/rishabh/ros2_ws/install/pplanner_interfaces/include/pplanner_interfaces/pplanner_interfaces/msg/detail/aruco_dataset__type_support.c
[1.777s] -- Installing: /home/rishabh/ros2_ws/install/pplanner_interfaces/include/pplanner_interfaces/pplanner_interfaces/msg/detail/aruco_dataset__rosidl_typesupport_introspection_c.h
[1.777s] -- Installing: /home/rishabh/ros2_ws/install/pplanner_interfaces/include/pplanner_interfaces/pplanner_interfaces/msg/detail/aruco_data__type_support.c
[1.777s] -- Installing: /home/rishabh/ros2_ws/install/pplanner_interfaces/include/pplanner_interfaces/pplanner_interfaces/msg/detail/aruco_data__rosidl_typesupport_introspection_c.h
[1.777s] -- Up-to-date: /home/rishabh/ros2_ws/install/pplanner_interfaces/include/pplanner_interfaces/pplanner_interfaces/msg/rosidl_typesupport_introspection_c__visibility_control.h
[1.777s] -- Installing: /home/rishabh/ros2_ws/install/pplanner_interfaces/lib/libpplanner_interfaces__rosidl_typesupport_introspection_c.so
[1.777s] -- Set runtime path of "/home/rishabh/ros2_ws/install/pplanner_interfaces/lib/libpplanner_interfaces__rosidl_typesupport_introspection_c.so" to ""
[1.777s] -- Installing: /home/rishabh/ros2_ws/install/pplanner_interfaces/lib/libpplanner_interfaces__rosidl_typesupport_c.so
[1.777s] -- Set runtime path of "/home/rishabh/ros2_ws/install/pplanner_interfaces/lib/libpplanner_interfaces__rosidl_typesupport_c.so" to ""
[1.777s] -- Up-to-date: /home/rishabh/ros2_ws/install/pplanner_interfaces/include/pplanner_interfaces/pplanner_interfaces
[1.777s] -- Up-to-date: /home/rishabh/ros2_ws/install/pplanner_interfaces/include/pplanner_interfaces/pplanner_interfaces/msg
[1.777s] -- Up-to-date: /home/rishabh/ros2_ws/install/pplanner_interfaces/include/pplanner_interfaces/pplanner_interfaces/msg/detail
[1.777s] -- Installing: /home/rishabh/ros2_ws/install/pplanner_interfaces/include/pplanner_interfaces/pplanner_interfaces/msg/detail/aruco_data__builder.hpp
[1.777s] -- Installing: /home/rishabh/ros2_ws/install/pplanner_interfaces/include/pplanner_interfaces/pplanner_interfaces/msg/detail/aruco_data__traits.hpp
[1.777s] -- Installing: /home/rishabh/ros2_ws/install/pplanner_interfaces/include/pplanner_interfaces/pplanner_interfaces/msg/detail/aruco_dataset__builder.hpp
[1.778s] -- Installing: /home/rishabh/ros2_ws/install/pplanner_interfaces/include/pplanner_interfaces/pplanner_interfaces/msg/detail/aruco_dataset__struct.hpp
[1.778s] -- Installing: /home/rishabh/ros2_ws/install/pplanner_interfaces/include/pplanner_interfaces/pplanner_interfaces/msg/detail/aruco_data__struct.hpp
[1.778s] -- Installing: /home/rishabh/ros2_ws/install/pplanner_interfaces/include/pplanner_interfaces/pplanner_interfaces/msg/detail/aruco_dataset__traits.hpp
[1.778s] -- Installing: /home/rishabh/ros2_ws/install/pplanner_interfaces/include/pplanner_interfaces/pplanner_interfaces/msg/aruco_dataset.hpp
[1.778s] -- Installing: /home/rishabh/ros2_ws/install/pplanner_interfaces/include/pplanner_interfaces/pplanner_interfaces/msg/aruco_data.hpp
[1.778s] -- Up-to-date: /home/rishabh/ros2_ws/install/pplanner_interfaces/include/pplanner_interfaces/pplanner_interfaces
[1.778s] -- Up-to-date: /home/rishabh/ros2_ws/install/pplanner_interfaces/include/pplanner_interfaces/pplanner_interfaces/msg
[1.778s] -- Up-to-date: /home/rishabh/ros2_ws/install/pplanner_interfaces/include/pplanner_interfaces/pplanner_interfaces/msg/detail
[1.778s] -- Up-to-date: /home/rishabh/ros2_ws/install/pplanner_interfaces/include/pplanner_interfaces/pplanner_interfaces/msg/detail/dds_fastrtps
[1.778s] -- Installing: /home/rishabh/ros2_ws/install/pplanner_interfaces/include/pplanner_interfaces/pplanner_interfaces/msg/detail/aruco_data__rosidl_typesupport_fastrtps_cpp.hpp
[1.778s] -- Installing: /home/rishabh/ros2_ws/install/pplanner_interfaces/include/pplanner_interfaces/pplanner_interfaces/msg/detail/aruco_dataset__rosidl_typesupport_fastrtps_cpp.hpp
[1.778s] -- Up-to-date: /home/rishabh/ros2_ws/install/pplanner_interfaces/include/pplanner_interfaces/pplanner_interfaces/msg/rosidl_typesupport_fastrtps_cpp__visibility_control.h
[1.778s] -- Installing: /home/rishabh/ros2_ws/install/pplanner_interfaces/lib/libpplanner_interfaces__rosidl_typesupport_fastrtps_cpp.so
[1.778s] -- Set runtime path of "/home/rishabh/ros2_ws/install/pplanner_interfaces/lib/libpplanner_interfaces__rosidl_typesupport_fastrtps_cpp.so" to ""
[1.778s] -- Up-to-date: /home/rishabh/ros2_ws/install/pplanner_interfaces/include/pplanner_interfaces/pplanner_interfaces
[1.778s] -- Up-to-date: /home/rishabh/ros2_ws/install/pplanner_interfaces/include/pplanner_interfaces/pplanner_interfaces/msg
[1.778s] -- Up-to-date: /home/rishabh/ros2_ws/install/pplanner_interfaces/include/pplanner_interfaces/pplanner_interfaces/msg/detail
[1.778s] -- Installing: /home/rishabh/ros2_ws/install/pplanner_interfaces/include/pplanner_interfaces/pplanner_interfaces/msg/detail/aruco_data__rosidl_typesupport_introspection_cpp.hpp
[1.778s] -- Installing: /home/rishabh/ros2_ws/install/pplanner_interfaces/include/pplanner_interfaces/pplanner_interfaces/msg/detail/aruco_dataset__rosidl_typesupport_introspection_cpp.hpp
[1.778s] -- Installing: /home/rishabh/ros2_ws/install/pplanner_interfaces/include/pplanner_interfaces/pplanner_interfaces/msg/detail/aruco_data__type_support.cpp
[1.778s] -- Installing: /home/rishabh/ros2_ws/install/pplanner_interfaces/include/pplanner_interfaces/pplanner_interfaces/msg/detail/aruco_dataset__type_support.cpp
[1.778s] -- Installing: /home/rishabh/ros2_ws/install/pplanner_interfaces/lib/libpplanner_interfaces__rosidl_typesupport_introspection_cpp.so
[1.778s] -- Set runtime path of "/home/rishabh/ros2_ws/install/pplanner_interfaces/lib/libpplanner_interfaces__rosidl_typesupport_introspection_cpp.so" to ""
[1.778s] -- Installing: /home/rishabh/ros2_ws/install/pplanner_interfaces/lib/libpplanner_interfaces__rosidl_typesupport_cpp.so
[1.778s] -- Set runtime path of "/home/rishabh/ros2_ws/install/pplanner_interfaces/lib/libpplanner_interfaces__rosidl_typesupport_cpp.so" to ""
[1.778s] -- Up-to-date: /home/rishabh/ros2_ws/install/pplanner_interfaces/share/pplanner_interfaces/environment/pythonpath.sh
[1.778s] -- Installing: /home/rishabh/ros2_ws/install/pplanner_interfaces/share/pplanner_interfaces/environment/pythonpath.dsv
[1.778s] -- Up-to-date: /home/rishabh/ros2_ws/install/pplanner_interfaces/local/lib/python3.10/dist-packages/pplanner_interfaces-0.0.0-py3.10.egg-info
[1.778s] -- Installing: /home/rishabh/ros2_ws/install/pplanner_interfaces/local/lib/python3.10/dist-packages/pplanner_interfaces-0.0.0-py3.10.egg-info/dependency_links.txt
[1.778s] -- Installing: /home/rishabh/ros2_ws/install/pplanner_interfaces/local/lib/python3.10/dist-packages/pplanner_interfaces-0.0.0-py3.10.egg-info/top_level.txt
[1.778s] -- Installing: /home/rishabh/ros2_ws/install/pplanner_interfaces/local/lib/python3.10/dist-packages/pplanner_interfaces-0.0.0-py3.10.egg-info/PKG-INFO
[1.778s] -- Installing: /home/rishabh/ros2_ws/install/pplanner_interfaces/local/lib/python3.10/dist-packages/pplanner_interfaces-0.0.0-py3.10.egg-info/SOURCES.txt
[1.778s] -- Up-to-date: /home/rishabh/ros2_ws/install/pplanner_interfaces/local/lib/python3.10/dist-packages/pplanner_interfaces
[1.778s] -- Installing: /home/rishabh/ros2_ws/install/pplanner_interfaces/local/lib/python3.10/dist-packages/pplanner_interfaces/_pplanner_interfaces_s.ep.rosidl_typesupport_fastrtps_c.c
[1.778s] -- Installing: /home/rishabh/ros2_ws/install/pplanner_interfaces/local/lib/python3.10/dist-packages/pplanner_interfaces/pplanner_interfaces_s__rosidl_typesupport_introspection_c.cpython-310-x86_64-linux-gnu.so
[1.778s] -- Installing: /home/rishabh/ros2_ws/install/pplanner_interfaces/local/lib/python3.10/dist-packages/pplanner_interfaces/_pplanner_interfaces_s.ep.rosidl_typesupport_c.c
[1.778s] -- Installing: /home/rishabh/ros2_ws/install/pplanner_interfaces/local/lib/python3.10/dist-packages/pplanner_interfaces/__init__.py
[1.778s] -- Installing: /home/rishabh/ros2_ws/install/pplanner_interfaces/local/lib/python3.10/dist-packages/pplanner_interfaces/_pplanner_interfaces_s.ep.rosidl_typesupport_introspection_c.c
[1.778s] -- Up-to-date: /home/rishabh/ros2_ws/install/pplanner_interfaces/local/lib/python3.10/dist-packages/pplanner_interfaces/msg
[1.778s] -- Installing: /home/rishabh/ros2_ws/install/pplanner_interfaces/local/lib/python3.10/dist-packages/pplanner_interfaces/msg/_aruco_dataset_s.c
[1.778s] -- Installing: /home/rishabh/ros2_ws/install/pplanner_interfaces/local/lib/python3.10/dist-packages/pplanner_interfaces/msg/_aruco_dataset.py
[1.778s] -- Installing: /home/rishabh/ros2_ws/install/pplanner_interfaces/local/lib/python3.10/dist-packages/pplanner_interfaces/msg/__init__.py
[1.778s] -- Installing: /home/rishabh/ros2_ws/install/pplanner_interfaces/local/lib/python3.10/dist-packages/pplanner_interfaces/msg/_aruco_data.py
[1.778s] -- Installing: /home/rishabh/ros2_ws/install/pplanner_interfaces/local/lib/python3.10/dist-packages/pplanner_interfaces/msg/_aruco_data_s.c
[1.778s] -- Installing: /home/rishabh/ros2_ws/install/pplanner_interfaces/local/lib/python3.10/dist-packages/pplanner_interfaces/libpplanner_interfaces__rosidl_generator_py.so
[1.779s] -- Installing: /home/rishabh/ros2_ws/install/pplanner_interfaces/local/lib/python3.10/dist-packages/pplanner_interfaces/pplanner_interfaces_s__rosidl_typesupport_fastrtps_c.cpython-310-x86_64-linux-gnu.so
[1.779s] -- Installing: /home/rishabh/ros2_ws/install/pplanner_interfaces/local/lib/python3.10/dist-packages/pplanner_interfaces/pplanner_interfaces_s__rosidl_typesupport_c.cpython-310-x86_64-linux-gnu.so
[1.796s] Listing '/home/rishabh/ros2_ws/install/pplanner_interfaces/local/lib/python3.10/dist-packages/pplanner_interfaces'...
[1.796s] Compiling '/home/rishabh/ros2_ws/install/pplanner_interfaces/local/lib/python3.10/dist-packages/pplanner_interfaces/__init__.py'...
[1.796s] Listing '/home/rishabh/ros2_ws/install/pplanner_interfaces/local/lib/python3.10/dist-packages/pplanner_interfaces/msg'...
[1.796s] Compiling '/home/rishabh/ros2_ws/install/pplanner_interfaces/local/lib/python3.10/dist-packages/pplanner_interfaces/msg/__init__.py'...
[1.796s] Compiling '/home/rishabh/ros2_ws/install/pplanner_interfaces/local/lib/python3.10/dist-packages/pplanner_interfaces/msg/_aruco_data.py'...
[1.796s] Compiling '/home/rishabh/ros2_ws/install/pplanner_interfaces/local/lib/python3.10/dist-packages/pplanner_interfaces/msg/_aruco_dataset.py'...
[1.798s] -- Installing: /home/rishabh/ros2_ws/install/pplanner_interfaces/local/lib/python3.10/dist-packages/pplanner_interfaces/pplanner_interfaces_s__rosidl_typesupport_fastrtps_c.cpython-310-x86_64-linux-gnu.so
[1.798s] -- Set runtime path of "/home/rishabh/ros2_ws/install/pplanner_interfaces/local/lib/python3.10/dist-packages/pplanner_interfaces/pplanner_interfaces_s__rosidl_typesupport_fastrtps_c.cpython-310-x86_64-linux-gnu.so" to ""
[1.798s] -- Installing: /home/rishabh/ros2_ws/install/pplanner_interfaces/local/lib/python3.10/dist-packages/pplanner_interfaces/pplanner_interfaces_s__rosidl_typesupport_introspection_c.cpython-310-x86_64-linux-gnu.so
[1.799s] -- Set runtime path of "/home/rishabh/ros2_ws/install/pplanner_interfaces/local/lib/python3.10/dist-packages/pplanner_interfaces/pplanner_interfaces_s__rosidl_typesupport_introspection_c.cpython-310-x86_64-linux-gnu.so" to ""
[1.799s] -- Installing: /home/rishabh/ros2_ws/install/pplanner_interfaces/local/lib/python3.10/dist-packages/pplanner_interfaces/pplanner_interfaces_s__rosidl_typesupport_c.cpython-310-x86_64-linux-gnu.so
[1.799s] -- Set runtime path of "/home/rishabh/ros2_ws/install/pplanner_interfaces/local/lib/python3.10/dist-packages/pplanner_interfaces/pplanner_interfaces_s__rosidl_typesupport_c.cpython-310-x86_64-linux-gnu.so" to ""
[1.799s] -- Installing: /home/rishabh/ros2_ws/install/pplanner_interfaces/lib/libpplanner_interfaces__rosidl_generator_py.so
[1.799s] -- Set runtime path of "/home/rishabh/ros2_ws/install/pplanner_interfaces/lib/libpplanner_interfaces__rosidl_generator_py.so" to ""
[1.799s] -- Up-to-date: /home/rishabh/ros2_ws/install/pplanner_interfaces/share/pplanner_interfaces/msg/ArucoData.idl
[1.799s] -- Installing: /home/rishabh/ros2_ws/install/pplanner_interfaces/share/pplanner_interfaces/msg/ArucoDataset.idl
[1.799s] -- Up-to-date: /home/rishabh/ros2_ws/install/pplanner_interfaces/share/pplanner_interfaces/msg/ArucoData.msg
[1.799s] -- Installing: /home/rishabh/ros2_ws/install/pplanner_interfaces/share/pplanner_interfaces/msg/ArucoDataset.msg
[1.799s] -- Up-to-date: /home/rishabh/ros2_ws/install/pplanner_interfaces/share/ament_index/resource_index/package_run_dependencies/pplanner_interfaces
[1.799s] -- Installing: /home/rishabh/ros2_ws/install/pplanner_interfaces/share/ament_index/resource_index/parent_prefix_path/pplanner_interfaces
[1.799s] -- Up-to-date: /home/rishabh/ros2_ws/install/pplanner_interfaces/share/pplanner_interfaces/environment/ament_prefix_path.sh
[1.799s] -- Installing: /home/rishabh/ros2_ws/install/pplanner_interfaces/share/pplanner_interfaces/environment/ament_prefix_path.dsv
[1.799s] -- Up-to-date: /home/rishabh/ros2_ws/install/pplanner_interfaces/share/pplanner_interfaces/environment/path.sh
[1.799s] -- Installing: /home/rishabh/ros2_ws/install/pplanner_interfaces/share/pplanner_interfaces/environment/path.dsv
[1.799s] -- Up-to-date: /home/rishabh/ros2_ws/install/pplanner_interfaces/share/pplanner_interfaces/local_setup.bash
[1.799s] -- Up-to-date: /home/rishabh/ros2_ws/install/pplanner_interfaces/share/pplanner_interfaces/local_setup.sh
[1.799s] -- Up-to-date: /home/rishabh/ros2_ws/install/pplanner_interfaces/share/pplanner_interfaces/local_setup.zsh
[1.799s] -- Installing: /home/rishabh/ros2_ws/install/pplanner_interfaces/share/pplanner_interfaces/local_setup.dsv
[1.799s] -- Installing: /home/rishabh/ros2_ws/install/pplanner_interfaces/share/pplanner_interfaces/package.dsv
[1.800s] -- Up-to-date: /home/rishabh/ros2_ws/install/pplanner_interfaces/share/ament_index/resource_index/packages/pplanner_interfaces
[1.800s] -- Up-to-date: /home/rishabh/ros2_ws/install/pplanner_interfaces/share/pplanner_interfaces/cmake/export_pplanner_interfaces__rosidl_generator_cExport.cmake
[1.800s] -- Up-to-date: /home/rishabh/ros2_ws/install/pplanner_interfaces/share/pplanner_interfaces/cmake/export_pplanner_interfaces__rosidl_generator_cExport-noconfig.cmake
[1.800s] -- Up-to-date: /home/rishabh/ros2_ws/install/pplanner_interfaces/share/pplanner_interfaces/cmake/export_pplanner_interfaces__rosidl_typesupport_fastrtps_cExport.cmake
[1.800s] -- Up-to-date: /home/rishabh/ros2_ws/install/pplanner_interfaces/share/pplanner_interfaces/cmake/export_pplanner_interfaces__rosidl_typesupport_fastrtps_cExport-noconfig.cmake
[1.800s] -- Up-to-date: /home/rishabh/ros2_ws/install/pplanner_interfaces/share/pplanner_interfaces/cmake/pplanner_interfaces__rosidl_typesupport_introspection_cExport.cmake
[1.800s] -- Up-to-date: /home/rishabh/ros2_ws/install/pplanner_interfaces/share/pplanner_interfaces/cmake/pplanner_interfaces__rosidl_typesupport_introspection_cExport-noconfig.cmake
[1.800s] -- Up-to-date: /home/rishabh/ros2_ws/install/pplanner_interfaces/share/pplanner_interfaces/cmake/pplanner_interfaces__rosidl_typesupport_cExport.cmake
[1.800s] -- Up-to-date: /home/rishabh/ros2_ws/install/pplanner_interfaces/share/pplanner_interfaces/cmake/pplanner_interfaces__rosidl_typesupport_cExport-noconfig.cmake
[1.800s] -- Up-to-date: /home/rishabh/ros2_ws/install/pplanner_interfaces/share/pplanner_interfaces/cmake/export_pplanner_interfaces__rosidl_generator_cppExport.cmake
[1.800s] -- Up-to-date: /home/rishabh/ros2_ws/install/pplanner_interfaces/share/pplanner_interfaces/cmake/export_pplanner_interfaces__rosidl_typesupport_fastrtps_cppExport.cmake
[1.800s] -- Up-to-date: /home/rishabh/ros2_ws/install/pplanner_interfaces/share/pplanner_interfaces/cmake/export_pplanner_interfaces__rosidl_typesupport_fastrtps_cppExport-noconfig.cmake
[1.800s] -- Up-to-date: /home/rishabh/ros2_ws/install/pplanner_interfaces/share/pplanner_interfaces/cmake/pplanner_interfaces__rosidl_typesupport_introspection_cppExport.cmake
[1.800s] -- Up-to-date: /home/rishabh/ros2_ws/install/pplanner_interfaces/share/pplanner_interfaces/cmake/pplanner_interfaces__rosidl_typesupport_introspection_cppExport-noconfig.cmake
[1.800s] -- Up-to-date: /home/rishabh/ros2_ws/install/pplanner_interfaces/share/pplanner_interfaces/cmake/pplanner_interfaces__rosidl_typesupport_cppExport.cmake
[1.800s] -- Up-to-date: /home/rishabh/ros2_ws/install/pplanner_interfaces/share/pplanner_interfaces/cmake/pplanner_interfaces__rosidl_typesupport_cppExport-noconfig.cmake
[1.800s] -- Up-to-date: /home/rishabh/ros2_ws/install/pplanner_interfaces/share/pplanner_interfaces/cmake/export_pplanner_interfaces__rosidl_generator_pyExport.cmake
[1.800s] -- Up-to-date: /home/rishabh/ros2_ws/install/pplanner_interfaces/share/pplanner_interfaces/cmake/export_pplanner_interfaces__rosidl_generator_pyExport-noconfig.cmake
[1.800s] -- Installing: /home/rishabh/ros2_ws/install/pplanner_interfaces/share/pplanner_interfaces/cmake/rosidl_cmake-extras.cmake
[1.800s] -- Up-to-date: /home/rishabh/ros2_ws/install/pplanner_interfaces/share/pplanner_interfaces/cmake/ament_cmake_export_include_directories-extras.cmake
[1.800s] -- Up-to-date: /home/rishabh/ros2_ws/install/pplanner_interfaces/share/pplanner_interfaces/cmake/ament_cmake_export_libraries-extras.cmake
[1.800s] -- Up-to-date: /home/rishabh/ros2_ws/install/pplanner_interfaces/share/pplanner_interfaces/cmake/ament_cmake_export_targets-extras.cmake
[1.800s] -- Up-to-date: /home/rishabh/ros2_ws/install/pplanner_interfaces/share/pplanner_interfaces/cmake/rosidl_cmake_export_typesupport_targets-extras.cmake
[1.800s] -- Up-to-date: /home/rishabh/ros2_ws/install/pplanner_interfaces/share/pplanner_interfaces/cmake/ament_cmake_export_dependencies-extras.cmake
[1.800s] -- Up-to-date: /home/rishabh/ros2_ws/install/pplanner_interfaces/share/pplanner_interfaces/cmake/rosidl_cmake_export_typesupport_libraries-extras.cmake
[1.800s] -- Up-to-date: /home/rishabh/ros2_ws/install/pplanner_interfaces/share/pplanner_interfaces/cmake/pplanner_interfacesConfig.cmake
[1.800s] -- Up-to-date: /home/rishabh/ros2_ws/install/pplanner_interfaces/share/pplanner_interfaces/cmake/pplanner_interfacesConfig-version.cmake
[1.800s] -- Up-to-date: /home/rishabh/ros2_ws/install/pplanner_interfaces/share/pplanner_interfaces/package.xml
[1.801s] Invoked command in '/home/rishabh/ros2_ws/build/pplanner_interfaces' returned '0': CMAKE_PREFIX_PATH=${CMAKE_PREFIX_PATH}:/home/rishabh/ros2_ws/install/percepto_planner:/opt/ros/humble /usr/bin/cmake --install /home/rishabh/ros2_ws/build/pplanner_interfaces
