[0.491s] DEBUG:colcon:Command line arguments: ['/usr/bin/colcon', 'build']
[0.491s] DEBUG:colcon:Parsed command line arguments: Namespace(log_base=None, log_level=None, verb_name='build', build_base='build', install_base='install', merge_install=False, symlink_install=False, test_result_base=None, continue_on_error=False, executor='parallel', parallel_workers=20, event_handlers=None, ignore_user_meta=False, metas=['./colcon.meta'], base_paths=['.'], packages_ignore=None, packages_ignore_regex=None, paths=None, packages_up_to=None, packages_up_to_regex=None, packages_above=None, packages_above_and_dependencies=None, packages_above_depth=None, packages_select_by_dep=None, packages_skip_by_dep=None, packages_skip_up_to=None, packages_select_build_failed=False, packages_skip_build_finished=False, packages_select_test_failures=False, packages_skip_test_passed=False, packages_select=None, packages_skip=None, packages_select_regex=None, packages_skip_regex=None, packages_start=None, packages_end=None, allow_overriding=[], cmake_args=None, cmake_target=None, cmake_target_skip_unavailable=False, cmake_clean_cache=False, cmake_clean_first=False, cmake_force_configure=False, ament_cmake_args=None, catkin_cmake_args=None, catkin_skip_building_tests=False, verb_parser=<colcon_defaults.argument_parser.defaults.DefaultArgumentsDecorator object at 0x7f170270c190>, verb_extension=<colcon_core.verb.build.BuildVerb object at 0x7f170270f220>, main=<bound method BuildVerb.main of <colcon_core.verb.build.BuildVerb object at 0x7f170270f220>>)
[0.514s] Level 1:colcon.colcon_core.package_discovery:discover_packages(colcon_meta) check parameters
[0.514s] Level 1:colcon.colcon_core.package_discovery:discover_packages(recursive) check parameters
[0.514s] Level 1:colcon.colcon_core.package_discovery:discover_packages(ignore) check parameters
[0.514s] Level 1:colcon.colcon_core.package_discovery:discover_packages(path) check parameters
[0.514s] Level 1:colcon.colcon_core.package_discovery:discover_packages(colcon_meta) discover
[0.514s] Level 1:colcon.colcon_core.package_discovery:discover_packages(recursive) discover
[0.514s] INFO:colcon.colcon_core.package_discovery:Crawling recursively for packages in '/home/rishabh/ros2_ws'
[0.514s] Level 1:colcon.colcon_core.package_identification:_identify(.) by extensions ['ignore', 'ignore_ament_install']
[0.514s] Level 1:colcon.colcon_core.package_identification:_identify(.) by extension 'ignore'
[0.514s] Level 1:colcon.colcon_core.package_identification:_identify(.) by extension 'ignore_ament_install'
[0.514s] Level 1:colcon.colcon_core.package_identification:_identify(.) by extensions ['colcon_pkg']
[0.514s] Level 1:colcon.colcon_core.package_identification:_identify(.) by extension 'colcon_pkg'
[0.514s] Level 1:colcon.colcon_core.package_identification:_identify(.) by extensions ['colcon_meta']
[0.514s] Level 1:colcon.colcon_core.package_identification:_identify(.) by extension 'colcon_meta'
[0.515s] Level 1:colcon.colcon_core.package_identification:_identify(.) by extensions ['ros']
[0.515s] Level 1:colcon.colcon_core.package_identification:_identify(.) by extension 'ros'
[0.521s] Level 1:colcon.colcon_core.package_identification:_identify(.) by extensions ['cmake', 'python']
[0.521s] Level 1:colcon.colcon_core.package_identification:_identify(.) by extension 'cmake'
[0.521s] Level 1:colcon.colcon_core.package_identification:_identify(.) by extension 'python'
[0.521s] Level 1:colcon.colcon_core.package_identification:_identify(.) by extensions ['python_setup_py']
[0.521s] Level 1:colcon.colcon_core.package_identification:_identify(.) by extension 'python_setup_py'
[0.521s] Level 1:colcon.colcon_core.package_identification:_identify(build) by extensions ['ignore', 'ignore_ament_install']
[0.521s] Level 1:colcon.colcon_core.package_identification:_identify(build) by extension 'ignore'
[0.521s] Level 1:colcon.colcon_core.package_identification:_identify(build) ignored
[0.521s] Level 1:colcon.colcon_core.package_identification:_identify(install) by extensions ['ignore', 'ignore_ament_install']
[0.521s] Level 1:colcon.colcon_core.package_identification:_identify(install) by extension 'ignore'
[0.521s] Level 1:colcon.colcon_core.package_identification:_identify(install) ignored
[0.521s] Level 1:colcon.colcon_core.package_identification:_identify(log) by extensions ['ignore', 'ignore_ament_install']
[0.521s] Level 1:colcon.colcon_core.package_identification:_identify(log) by extension 'ignore'
[0.521s] Level 1:colcon.colcon_core.package_identification:_identify(log) ignored
[0.521s] Level 1:colcon.colcon_core.package_identification:_identify(src) by extensions ['ignore', 'ignore_ament_install']
[0.521s] Level 1:colcon.colcon_core.package_identification:_identify(src) by extension 'ignore'
[0.521s] Level 1:colcon.colcon_core.package_identification:_identify(src) by extension 'ignore_ament_install'
[0.521s] Level 1:colcon.colcon_core.package_identification:_identify(src) by extensions ['colcon_pkg']
[0.521s] Level 1:colcon.colcon_core.package_identification:_identify(src) by extension 'colcon_pkg'
[0.521s] Level 1:colcon.colcon_core.package_identification:_identify(src) by extensions ['colcon_meta']
[0.521s] Level 1:colcon.colcon_core.package_identification:_identify(src) by extension 'colcon_meta'
[0.521s] Level 1:colcon.colcon_core.package_identification:_identify(src) by extensions ['ros']
[0.521s] Level 1:colcon.colcon_core.package_identification:_identify(src) by extension 'ros'
[0.522s] Level 1:colcon.colcon_core.package_identification:_identify(src) by extensions ['cmake', 'python']
[0.522s] Level 1:colcon.colcon_core.package_identification:_identify(src) by extension 'cmake'
[0.522s] Level 1:colcon.colcon_core.package_identification:_identify(src) by extension 'python'
[0.522s] Level 1:colcon.colcon_core.package_identification:_identify(src) by extensions ['python_setup_py']
[0.522s] Level 1:colcon.colcon_core.package_identification:_identify(src) by extension 'python_setup_py'
[0.522s] Level 1:colcon.colcon_core.package_identification:_identify(src/percepto_planner) by extensions ['ignore', 'ignore_ament_install']
[0.522s] Level 1:colcon.colcon_core.package_identification:_identify(src/percepto_planner) by extension 'ignore'
[0.522s] Level 1:colcon.colcon_core.package_identification:_identify(src/percepto_planner) by extension 'ignore_ament_install'
[0.522s] Level 1:colcon.colcon_core.package_identification:_identify(src/percepto_planner) by extensions ['colcon_pkg']
[0.522s] Level 1:colcon.colcon_core.package_identification:_identify(src/percepto_planner) by extension 'colcon_pkg'
[0.522s] Level 1:colcon.colcon_core.package_identification:_identify(src/percepto_planner) by extensions ['colcon_meta']
[0.522s] Level 1:colcon.colcon_core.package_identification:_identify(src/percepto_planner) by extension 'colcon_meta'
[0.522s] Level 1:colcon.colcon_core.package_identification:_identify(src/percepto_planner) by extensions ['ros']
[0.522s] Level 1:colcon.colcon_core.package_identification:_identify(src/percepto_planner) by extension 'ros'
[0.523s] DEBUG:colcon.colcon_core.package_identification:Package 'src/percepto_planner' with type 'ros.ament_python' and name 'percepto_planner'
[0.523s] Level 1:colcon.colcon_core.package_identification:_identify(src/pplanner_interfaces) by extensions ['ignore', 'ignore_ament_install']
[0.523s] Level 1:colcon.colcon_core.package_identification:_identify(src/pplanner_interfaces) by extension 'ignore'
[0.523s] Level 1:colcon.colcon_core.package_identification:_identify(src/pplanner_interfaces) by extension 'ignore_ament_install'
[0.523s] Level 1:colcon.colcon_core.package_identification:_identify(src/pplanner_interfaces) by extensions ['colcon_pkg']
[0.524s] Level 1:colcon.colcon_core.package_identification:_identify(src/pplanner_interfaces) by extension 'colcon_pkg'
[0.524s] Level 1:colcon.colcon_core.package_identification:_identify(src/pplanner_interfaces) by extensions ['colcon_meta']
[0.524s] Level 1:colcon.colcon_core.package_identification:_identify(src/pplanner_interfaces) by extension 'colcon_meta'
[0.524s] Level 1:colcon.colcon_core.package_identification:_identify(src/pplanner_interfaces) by extensions ['ros']
[0.524s] Level 1:colcon.colcon_core.package_identification:_identify(src/pplanner_interfaces) by extension 'ros'
[0.524s] DEBUG:colcon.colcon_core.package_identification:Package 'src/pplanner_interfaces' with type 'ros.ament_cmake' and name 'pplanner_interfaces'
[0.524s] Level 1:colcon.colcon_core.package_discovery:discover_packages(recursive) using defaults
[0.524s] Level 1:colcon.colcon_core.package_discovery:discover_packages(ignore) discover
[0.524s] Level 1:colcon.colcon_core.package_discovery:discover_packages(ignore) using defaults
[0.524s] Level 1:colcon.colcon_core.package_discovery:discover_packages(path) discover
[0.524s] Level 1:colcon.colcon_core.package_discovery:discover_packages(path) using defaults
[0.569s] Level 1:colcon.colcon_core.package_discovery:discover_packages(prefix_path) check parameters
[0.569s] Level 1:colcon.colcon_core.package_discovery:discover_packages(prefix_path) discover
[0.584s] DEBUG:colcon.colcon_installed_package_information.package_discovery:Found 2 installed packages in /home/rishabh/ros2_ws/install
[0.591s] DEBUG:colcon.colcon_installed_package_information.package_discovery:Found 323 installed packages in /opt/ros/humble
[0.597s] Level 1:colcon.colcon_core.package_discovery:discover_packages(prefix_path) using defaults
[0.647s] Level 5:colcon.colcon_core.verb:set package 'pplanner_interfaces' build argument 'cmake_args' from command line to 'None'
[0.647s] Level 5:colcon.colcon_core.verb:set package 'pplanner_interfaces' build argument 'cmake_target' from command line to 'None'
[0.647s] Level 5:colcon.colcon_core.verb:set package 'pplanner_interfaces' build argument 'cmake_target_skip_unavailable' from command line to 'False'
[0.647s] Level 5:colcon.colcon_core.verb:set package 'pplanner_interfaces' build argument 'cmake_clean_cache' from command line to 'False'
[0.647s] Level 5:colcon.colcon_core.verb:set package 'pplanner_interfaces' build argument 'cmake_clean_first' from command line to 'False'
[0.647s] Level 5:colcon.colcon_core.verb:set package 'pplanner_interfaces' build argument 'cmake_force_configure' from command line to 'False'
[0.647s] Level 5:colcon.colcon_core.verb:set package 'pplanner_interfaces' build argument 'ament_cmake_args' from command line to 'None'
[0.647s] Level 5:colcon.colcon_core.verb:set package 'pplanner_interfaces' build argument 'catkin_cmake_args' from command line to 'None'
[0.647s] Level 5:colcon.colcon_core.verb:set package 'pplanner_interfaces' build argument 'catkin_skip_building_tests' from command line to 'False'
[0.647s] DEBUG:colcon.colcon_core.verb:Building package 'pplanner_interfaces' with the following arguments: {'ament_cmake_args': None, 'build_base': '/home/rishabh/ros2_ws/build/pplanner_interfaces', 'catkin_cmake_args': None, 'catkin_skip_building_tests': False, 'cmake_args': None, 'cmake_clean_cache': False, 'cmake_clean_first': False, 'cmake_force_configure': False, 'cmake_target': None, 'cmake_target_skip_unavailable': False, 'install_base': '/home/rishabh/ros2_ws/install/pplanner_interfaces', 'merge_install': False, 'path': '/home/rishabh/ros2_ws/src/pplanner_interfaces', 'symlink_install': False, 'test_result_base': None}
[0.654s] Level 5:colcon.colcon_core.verb:set package 'percepto_planner' build argument 'cmake_args' from command line to 'None'
[0.654s] Level 5:colcon.colcon_core.verb:set package 'percepto_planner' build argument 'cmake_target' from command line to 'None'
[0.654s] Level 5:colcon.colcon_core.verb:set package 'percepto_planner' build argument 'cmake_target_skip_unavailable' from command line to 'False'
[0.654s] Level 5:colcon.colcon_core.verb:set package 'percepto_planner' build argument 'cmake_clean_cache' from command line to 'False'
[0.654s] Level 5:colcon.colcon_core.verb:set package 'percepto_planner' build argument 'cmake_clean_first' from command line to 'False'
[0.654s] Level 5:colcon.colcon_core.verb:set package 'percepto_planner' build argument 'cmake_force_configure' from command line to 'False'
[0.654s] Level 5:colcon.colcon_core.verb:set package 'percepto_planner' build argument 'ament_cmake_args' from command line to 'None'
[0.654s] Level 5:colcon.colcon_core.verb:set package 'percepto_planner' build argument 'catkin_cmake_args' from command line to 'None'
[0.654s] Level 5:colcon.colcon_core.verb:set package 'percepto_planner' build argument 'catkin_skip_building_tests' from command line to 'False'
[0.654s] DEBUG:colcon.colcon_core.verb:Building package 'percepto_planner' with the following arguments: {'ament_cmake_args': None, 'build_base': '/home/rishabh/ros2_ws/build/percepto_planner', 'catkin_cmake_args': None, 'catkin_skip_building_tests': False, 'cmake_args': None, 'cmake_clean_cache': False, 'cmake_clean_first': False, 'cmake_force_configure': False, 'cmake_target': None, 'cmake_target_skip_unavailable': False, 'install_base': '/home/rishabh/ros2_ws/install/percepto_planner', 'merge_install': False, 'path': '/home/rishabh/ros2_ws/src/percepto_planner', 'symlink_install': False, 'test_result_base': None}
[0.661s] INFO:colcon.colcon_core.executor:Executing jobs using 'parallel' executor
[0.668s] DEBUG:colcon.colcon_parallel_executor.executor.parallel:run_until_complete
[0.668s] INFO:colcon.colcon_ros.task.ament_cmake.build:Building ROS package in '/home/rishabh/ros2_ws/src/pplanner_interfaces' with build type 'ament_cmake'
[0.668s] INFO:colcon.colcon_cmake.task.cmake.build:Building CMake package in '/home/rishabh/ros2_ws/src/pplanner_interfaces'
[0.676s] INFO:colcon.colcon_core.plugin_system:Skipping extension 'colcon_core.shell.bat': Not used on non-Windows systems
[0.676s] INFO:colcon.colcon_core.shell:Skip shell extension 'powershell' for command environment: Not usable outside of PowerShell
[0.676s] DEBUG:colcon.colcon_core.shell:Skip shell extension 'dsv' for command environment
[0.702s] DEBUG:colcon.colcon_core.event_handler.log_command:Invoking command in '/home/rishabh/ros2_ws/build/pplanner_interfaces': CMAKE_PREFIX_PATH=${CMAKE_PREFIX_PATH}:/home/rishabh/ros2_ws/install/percepto_planner:/opt/ros/humble /usr/bin/cmake --build /home/rishabh/ros2_ws/build/pplanner_interfaces -- -j20 -l20
[0.901s] DEBUG:colcon.colcon_core.event_handler.log_command:Invoked command in '/home/rishabh/ros2_ws/build/pplanner_interfaces' returned '0': CMAKE_PREFIX_PATH=${CMAKE_PREFIX_PATH}:/home/rishabh/ros2_ws/install/percepto_planner:/opt/ros/humble /usr/bin/cmake --build /home/rishabh/ros2_ws/build/pplanner_interfaces -- -j20 -l20
[0.965s] DEBUG:colcon.colcon_core.event_handler.log_command:Invoking command in '/home/rishabh/ros2_ws/build/pplanner_interfaces': CMAKE_PREFIX_PATH=${CMAKE_PREFIX_PATH}:/home/rishabh/ros2_ws/install/percepto_planner:/opt/ros/humble /usr/bin/cmake --install /home/rishabh/ros2_ws/build/pplanner_interfaces
[0.995s] Level 1:colcon.colcon_core.environment:create_environment_scripts_only(pplanner_interfaces)
[0.995s] DEBUG:colcon.colcon_core.event_handler.log_command:Invoked command in '/home/rishabh/ros2_ws/build/pplanner_interfaces' returned '0': CMAKE_PREFIX_PATH=${CMAKE_PREFIX_PATH}:/home/rishabh/ros2_ws/install/percepto_planner:/opt/ros/humble /usr/bin/cmake --install /home/rishabh/ros2_ws/build/pplanner_interfaces
[1.003s] Level 1:colcon.colcon_core.environment:checking '/home/rishabh/ros2_ws/install/pplanner_interfaces' for CMake module files
[1.004s] Level 1:colcon.colcon_core.environment:checking '/home/rishabh/ros2_ws/install/pplanner_interfaces' for CMake config files
[1.004s] Level 1:colcon.colcon_core.shell:create_environment_hook('pplanner_interfaces', 'cmake_prefix_path')
[1.011s] INFO:colcon.colcon_core.shell:Creating environment hook '/home/rishabh/ros2_ws/install/pplanner_interfaces/share/pplanner_interfaces/hook/cmake_prefix_path.ps1'
[1.012s] INFO:colcon.colcon_core.shell:Creating environment descriptor '/home/rishabh/ros2_ws/install/pplanner_interfaces/share/pplanner_interfaces/hook/cmake_prefix_path.dsv'
[1.012s] INFO:colcon.colcon_core.shell:Creating environment hook '/home/rishabh/ros2_ws/install/pplanner_interfaces/share/pplanner_interfaces/hook/cmake_prefix_path.sh'
[1.012s] Level 1:colcon.colcon_core.environment:checking '/home/rishabh/ros2_ws/install/pplanner_interfaces/lib'
[1.012s] Level 1:colcon.colcon_core.shell:create_environment_hook('pplanner_interfaces', 'ld_library_path_lib')
[1.020s] INFO:colcon.colcon_core.shell:Creating environment hook '/home/rishabh/ros2_ws/install/pplanner_interfaces/share/pplanner_interfaces/hook/ld_library_path_lib.ps1'
[1.020s] INFO:colcon.colcon_core.shell:Creating environment descriptor '/home/rishabh/ros2_ws/install/pplanner_interfaces/share/pplanner_interfaces/hook/ld_library_path_lib.dsv'
[1.020s] INFO:colcon.colcon_core.shell:Creating environment hook '/home/rishabh/ros2_ws/install/pplanner_interfaces/share/pplanner_interfaces/hook/ld_library_path_lib.sh'
[1.020s] Level 1:colcon.colcon_core.environment:checking '/home/rishabh/ros2_ws/install/pplanner_interfaces/bin'
[1.020s] Level 1:colcon.colcon_core.environment:checking '/home/rishabh/ros2_ws/install/pplanner_interfaces/lib/pkgconfig/pplanner_interfaces.pc'
[1.020s] Level 1:colcon.colcon_core.environment:checking '/home/rishabh/ros2_ws/install/pplanner_interfaces/lib/python3.10/site-packages'
[1.020s] Level 1:colcon.colcon_core.environment:checking '/home/rishabh/ros2_ws/install/pplanner_interfaces/bin'
[1.027s] INFO:colcon.colcon_core.shell:Creating package script '/home/rishabh/ros2_ws/install/pplanner_interfaces/share/pplanner_interfaces/package.ps1'
[1.028s] INFO:colcon.colcon_core.shell:Creating package descriptor '/home/rishabh/ros2_ws/install/pplanner_interfaces/share/pplanner_interfaces/package.dsv'
[1.028s] INFO:colcon.colcon_core.shell:Creating package script '/home/rishabh/ros2_ws/install/pplanner_interfaces/share/pplanner_interfaces/package.sh'
[1.028s] INFO:colcon.colcon_core.shell:Creating package script '/home/rishabh/ros2_ws/install/pplanner_interfaces/share/pplanner_interfaces/package.bash'
[1.029s] INFO:colcon.colcon_core.shell:Creating package script '/home/rishabh/ros2_ws/install/pplanner_interfaces/share/pplanner_interfaces/package.zsh'
[1.029s] Level 1:colcon.colcon_core.environment:create_file_with_runtime_dependencies(/home/rishabh/ros2_ws/install/pplanner_interfaces/share/colcon-core/packages/pplanner_interfaces)
[1.089s] Level 1:colcon.colcon_core.environment:create_environment_scripts_only(pplanner_interfaces)
[1.095s] Level 1:colcon.colcon_core.environment:checking '/home/rishabh/ros2_ws/install/pplanner_interfaces' for CMake module files
[1.095s] Level 1:colcon.colcon_core.environment:checking '/home/rishabh/ros2_ws/install/pplanner_interfaces' for CMake config files
[1.095s] Level 1:colcon.colcon_core.shell:create_environment_hook('pplanner_interfaces', 'cmake_prefix_path')
[1.101s] INFO:colcon.colcon_core.shell:Creating environment hook '/home/rishabh/ros2_ws/install/pplanner_interfaces/share/pplanner_interfaces/hook/cmake_prefix_path.ps1'
[1.102s] INFO:colcon.colcon_core.shell:Creating environment descriptor '/home/rishabh/ros2_ws/install/pplanner_interfaces/share/pplanner_interfaces/hook/cmake_prefix_path.dsv'
[1.102s] INFO:colcon.colcon_core.shell:Creating environment hook '/home/rishabh/ros2_ws/install/pplanner_interfaces/share/pplanner_interfaces/hook/cmake_prefix_path.sh'
[1.102s] Level 1:colcon.colcon_core.environment:checking '/home/rishabh/ros2_ws/install/pplanner_interfaces/lib'
[1.102s] Level 1:colcon.colcon_core.shell:create_environment_hook('pplanner_interfaces', 'ld_library_path_lib')
[1.108s] INFO:colcon.colcon_core.shell:Creating environment hook '/home/rishabh/ros2_ws/install/pplanner_interfaces/share/pplanner_interfaces/hook/ld_library_path_lib.ps1'
[1.109s] INFO:colcon.colcon_core.shell:Creating environment descriptor '/home/rishabh/ros2_ws/install/pplanner_interfaces/share/pplanner_interfaces/hook/ld_library_path_lib.dsv'
[1.109s] INFO:colcon.colcon_core.shell:Creating environment hook '/home/rishabh/ros2_ws/install/pplanner_interfaces/share/pplanner_interfaces/hook/ld_library_path_lib.sh'
[1.109s] Level 1:colcon.colcon_core.environment:checking '/home/rishabh/ros2_ws/install/pplanner_interfaces/bin'
[1.109s] Level 1:colcon.colcon_core.environment:checking '/home/rishabh/ros2_ws/install/pplanner_interfaces/lib/pkgconfig/pplanner_interfaces.pc'
[1.109s] Level 1:colcon.colcon_core.environment:checking '/home/rishabh/ros2_ws/install/pplanner_interfaces/lib/python3.10/site-packages'
[1.109s] Level 1:colcon.colcon_core.environment:checking '/home/rishabh/ros2_ws/install/pplanner_interfaces/bin'
[1.115s] INFO:colcon.colcon_core.shell:Creating package script '/home/rishabh/ros2_ws/install/pplanner_interfaces/share/pplanner_interfaces/package.ps1'
[1.115s] INFO:colcon.colcon_core.shell:Creating package descriptor '/home/rishabh/ros2_ws/install/pplanner_interfaces/share/pplanner_interfaces/package.dsv'
[1.116s] INFO:colcon.colcon_core.shell:Creating package script '/home/rishabh/ros2_ws/install/pplanner_interfaces/share/pplanner_interfaces/package.sh'
[1.116s] INFO:colcon.colcon_core.shell:Creating package script '/home/rishabh/ros2_ws/install/pplanner_interfaces/share/pplanner_interfaces/package.bash'
[1.116s] INFO:colcon.colcon_core.shell:Creating package script '/home/rishabh/ros2_ws/install/pplanner_interfaces/share/pplanner_interfaces/package.zsh'
[1.116s] Level 1:colcon.colcon_core.environment:create_file_with_runtime_dependencies(/home/rishabh/ros2_ws/install/pplanner_interfaces/share/colcon-core/packages/pplanner_interfaces)
[1.116s] INFO:colcon.colcon_ros.task.ament_python.build:Building ROS package in '/home/rishabh/ros2_ws/src/percepto_planner' with build type 'ament_python'
[1.116s] Level 1:colcon.colcon_core.shell:create_environment_hook('percepto_planner', 'ament_prefix_path')
[1.122s] INFO:colcon.colcon_core.shell:Creating environment hook '/home/rishabh/ros2_ws/install/percepto_planner/share/percepto_planner/hook/ament_prefix_path.ps1'
[1.123s] INFO:colcon.colcon_core.shell:Creating environment descriptor '/home/rishabh/ros2_ws/install/percepto_planner/share/percepto_planner/hook/ament_prefix_path.dsv'
[1.123s] INFO:colcon.colcon_core.shell:Creating environment hook '/home/rishabh/ros2_ws/install/percepto_planner/share/percepto_planner/hook/ament_prefix_path.sh'
[1.129s] INFO:colcon.colcon_core.shell:Skip shell extension 'powershell' for command environment: Not usable outside of PowerShell
[1.129s] DEBUG:colcon.colcon_core.shell:Skip shell extension 'dsv' for command environment
[1.291s] INFO:colcon.colcon_core.task.python.build:Building Python package in '/home/rishabh/ros2_ws/src/percepto_planner'
[1.297s] INFO:colcon.colcon_core.shell:Skip shell extension 'powershell' for command environment: Not usable outside of PowerShell
[1.298s] DEBUG:colcon.colcon_core.shell:Skip shell extension 'dsv' for command environment
[1.512s] DEBUG:colcon.colcon_core.event_handler.log_command:Invoking command in '/home/rishabh/ros2_ws/src/percepto_planner': PYTHONPATH=/home/rishabh/ros2_ws/build/percepto_planner/prefix_override:/home/rishabh/ros2_ws/install/percepto_planner/lib/python3.10/site-packages:${PYTHONPATH} /usr/bin/python3 setup.py egg_info --egg-base ../../build/percepto_planner build --build-base /home/rishabh/ros2_ws/build/percepto_planner/build install --record /home/rishabh/ros2_ws/build/percepto_planner/install.log --single-version-externally-managed
[1.678s] DEBUG:colcon.colcon_core.event_handler.log_command:Invoked command in '/home/rishabh/ros2_ws/src/percepto_planner' returned '0': PYTHONPATH=/home/rishabh/ros2_ws/build/percepto_planner/prefix_override:/home/rishabh/ros2_ws/install/percepto_planner/lib/python3.10/site-packages:${PYTHONPATH} /usr/bin/python3 setup.py egg_info --egg-base ../../build/percepto_planner build --build-base /home/rishabh/ros2_ws/build/percepto_planner/build install --record /home/rishabh/ros2_ws/build/percepto_planner/install.log --single-version-externally-managed
[1.685s] Level 1:colcon.colcon_core.environment:checking '/home/rishabh/ros2_ws/install/percepto_planner' for CMake module files
[1.685s] Level 1:colcon.colcon_core.environment:checking '/home/rishabh/ros2_ws/install/percepto_planner' for CMake config files
[1.685s] Level 1:colcon.colcon_core.environment:checking '/home/rishabh/ros2_ws/install/percepto_planner/lib'
[1.685s] Level 1:colcon.colcon_core.environment:checking '/home/rishabh/ros2_ws/install/percepto_planner/bin'
[1.685s] Level 1:colcon.colcon_core.environment:checking '/home/rishabh/ros2_ws/install/percepto_planner/lib/pkgconfig/percepto_planner.pc'
[1.685s] Level 1:colcon.colcon_core.environment:checking '/home/rishabh/ros2_ws/install/percepto_planner/lib/python3.10/site-packages'
[1.685s] Level 1:colcon.colcon_core.shell:create_environment_hook('percepto_planner', 'pythonpath')
[1.692s] INFO:colcon.colcon_core.shell:Creating environment hook '/home/rishabh/ros2_ws/install/percepto_planner/share/percepto_planner/hook/pythonpath.ps1'
[1.693s] INFO:colcon.colcon_core.shell:Creating environment descriptor '/home/rishabh/ros2_ws/install/percepto_planner/share/percepto_planner/hook/pythonpath.dsv'
[1.693s] INFO:colcon.colcon_core.shell:Creating environment hook '/home/rishabh/ros2_ws/install/percepto_planner/share/percepto_planner/hook/pythonpath.sh'
[1.693s] Level 1:colcon.colcon_core.environment:checking '/home/rishabh/ros2_ws/install/percepto_planner/bin'
[1.693s] Level 1:colcon.colcon_core.environment:create_environment_scripts_only(percepto_planner)
[1.700s] INFO:colcon.colcon_core.shell:Creating package script '/home/rishabh/ros2_ws/install/percepto_planner/share/percepto_planner/package.ps1'
[1.701s] INFO:colcon.colcon_core.shell:Creating package descriptor '/home/rishabh/ros2_ws/install/percepto_planner/share/percepto_planner/package.dsv'
[1.701s] INFO:colcon.colcon_core.shell:Creating package script '/home/rishabh/ros2_ws/install/percepto_planner/share/percepto_planner/package.sh'
[1.701s] INFO:colcon.colcon_core.shell:Creating package script '/home/rishabh/ros2_ws/install/percepto_planner/share/percepto_planner/package.bash'
[1.701s] INFO:colcon.colcon_core.shell:Creating package script '/home/rishabh/ros2_ws/install/percepto_planner/share/percepto_planner/package.zsh'
[1.701s] Level 1:colcon.colcon_core.environment:create_file_with_runtime_dependencies(/home/rishabh/ros2_ws/install/percepto_planner/share/colcon-core/packages/percepto_planner)
[1.701s] DEBUG:colcon.colcon_parallel_executor.executor.parallel:closing loop
[1.702s] DEBUG:colcon.colcon_parallel_executor.executor.parallel:loop closed
[1.702s] DEBUG:colcon.colcon_parallel_executor.executor.parallel:run_until_complete finished with '0'
[1.702s] DEBUG:colcon.colcon_core.event_reactor:joining thread
[1.711s] INFO:colcon.colcon_core.plugin_system:Skipping extension 'colcon_notification.desktop_notification.terminal_notifier': Not used on non-Darwin systems
[1.711s] INFO:colcon.colcon_core.plugin_system:Skipping extension 'colcon_notification.desktop_notification.win32': Not used on non-Windows systems
[1.711s] INFO:colcon.colcon_notification.desktop_notification:Sending desktop notification using 'notify2'
[1.718s] DEBUG:colcon.colcon_core.event_reactor:joined thread
[1.725s] INFO:colcon.colcon_core.shell:Creating prefix script '/home/rishabh/ros2_ws/install/local_setup.ps1'
[1.726s] INFO:colcon.colcon_core.shell:Creating prefix util module '/home/rishabh/ros2_ws/install/_local_setup_util_ps1.py'
[1.726s] INFO:colcon.colcon_core.shell:Creating prefix chain script '/home/rishabh/ros2_ws/install/setup.ps1'
[1.734s] INFO:colcon.colcon_core.shell:Creating prefix script '/home/rishabh/ros2_ws/install/local_setup.sh'
[1.734s] INFO:colcon.colcon_core.shell:Creating prefix util module '/home/rishabh/ros2_ws/install/_local_setup_util_sh.py'
[1.734s] INFO:colcon.colcon_core.shell:Creating prefix chain script '/home/rishabh/ros2_ws/install/setup.sh'
[1.742s] INFO:colcon.colcon_core.shell:Creating prefix script '/home/rishabh/ros2_ws/install/local_setup.bash'
[1.742s] INFO:colcon.colcon_core.shell:Creating prefix chain script '/home/rishabh/ros2_ws/install/setup.bash'
[1.750s] INFO:colcon.colcon_core.shell:Creating prefix script '/home/rishabh/ros2_ws/install/local_setup.zsh'
[1.750s] INFO:colcon.colcon_core.shell:Creating prefix chain script '/home/rishabh/ros2_ws/install/setup.zsh'
