[0.373s] Invoking command in '/home/rishabh/ros2_ws/src/percepto_planner': PYTHONPATH=/home/rishabh/ros2_ws/build/percepto_planner/prefix_override:/home/rishabh/ros2_ws/install/percepto_planner/lib/python3.10/site-packages:${PYTHONPATH} /usr/bin/python3 setup.py egg_info --egg-base ../../build/percepto_planner build --build-base /home/rishabh/ros2_ws/build/percepto_planner/build install --record /home/rishabh/ros2_ws/build/percepto_planner/install.log --single-version-externally-managed
[0.497s] running egg_info
[0.497s] writing ../../build/percepto_planner/percepto_planner.egg-info/PKG-INFO
[0.497s] writing dependency_links to ../../build/percepto_planner/percepto_planner.egg-info/dependency_links.txt
[0.497s] writing entry points to ../../build/percepto_planner/percepto_planner.egg-info/entry_points.txt
[0.498s] writing requirements to ../../build/percepto_planner/percepto_planner.egg-info/requires.txt
[0.498s] writing top-level names to ../../build/percepto_planner/percepto_planner.egg-info/top_level.txt
[0.499s] reading manifest file '../../build/percepto_planner/percepto_planner.egg-info/SOURCES.txt'
[0.499s] writing manifest file '../../build/percepto_planner/percepto_planner.egg-info/SOURCES.txt'
[0.499s] running build
[0.499s] running build_py
[0.499s] copying percepto_planner/timerthreadtest.py -> /home/rishabh/ros2_ws/build/percepto_planner/build/lib/percepto_planner
[0.499s] running install
[0.500s] running install_lib
[0.500s] copying /home/rishabh/ros2_ws/build/percepto_planner/build/lib/percepto_planner/timerthreadtest.py -> /home/rishabh/ros2_ws/install/percepto_planner/lib/python3.10/site-packages/percepto_planner
[0.501s] byte-compiling /home/rishabh/ros2_ws/install/percepto_planner/lib/python3.10/site-packages/percepto_planner/timerthreadtest.py to timerthreadtest.cpython-310.pyc
[0.501s] running install_data
[0.501s] running install_egg_info
[0.502s] removing '/home/rishabh/ros2_ws/install/percepto_planner/lib/python3.10/site-packages/percepto_planner-0.0.0-py3.10.egg-info' (and everything under it)
[0.502s] Copying ../../build/percepto_planner/percepto_planner.egg-info to /home/rishabh/ros2_ws/install/percepto_planner/lib/python3.10/site-packages/percepto_planner-0.0.0-py3.10.egg-info
[0.502s] running install_scripts
[0.513s] Installing path_planner script to /home/rishabh/ros2_ws/install/percepto_planner/lib/percepto_planner
[0.513s] Installing sorting_assigner script to /home/rishabh/ros2_ws/install/percepto_planner/lib/percepto_planner
[0.513s] Installing timerthreadtest script to /home/rishabh/ros2_ws/install/percepto_planner/lib/percepto_planner
[0.513s] Installing visual_feed script to /home/rishabh/ros2_ws/install/percepto_planner/lib/percepto_planner
[0.513s] writing list of installed files to '/home/rishabh/ros2_ws/build/percepto_planner/install.log'
[0.526s] Invoked command in '/home/rishabh/ros2_ws/src/percepto_planner' returned '0': PYTHONPATH=/home/rishabh/ros2_ws/build/percepto_planner/prefix_override:/home/rishabh/ros2_ws/install/percepto_planner/lib/python3.10/site-packages:${PYTHONPATH} /usr/bin/python3 setup.py egg_info --egg-base ../../build/percepto_planner build --build-base /home/rishabh/ros2_ws/build/percepto_planner/build install --record /home/rishabh/ros2_ws/build/percepto_planner/install.log --single-version-externally-managed
