[0.310s] Invoking command in '/home/rishabh/ros2_ws/src/percepto_planner': AMENT_PREFIX_PATH=/home/rishabh/ros2_ws/install/pplanner_interfaces:${AMENT_PREFIX_PATH} CMAKE_PREFIX_PATH=/home/rishabh/ros2_ws/install/pplanner_interfaces:${CMAKE_PREFIX_PATH} LD_LIBRARY_PATH=/home/rishabh/ros2_ws/install/pplanner_interfaces/lib:${LD_LIBRARY_PATH} PYTHONPATH=/home/rishabh/ros2_ws/build/percepto_planner/prefix_override:/home/rishabh/ros2_ws/install/percepto_planner/lib/python3.10/site-packages:/home/rishabh/ros2_ws/install/pplanner_interfaces/local/lib/python3.10/dist-packages:${PYTHONPATH} /usr/bin/python3 -W ignore:setup.py install is deprecated setup.py egg_info --egg-base ../../build/percepto_planner build --build-base /home/rishabh/ros2_ws/build/percepto_planner/build install --record /home/rishabh/ros2_ws/build/percepto_planner/install.log --single-version-externally-managed install_data
[0.441s] running egg_info
[0.441s] creating ../../build/percepto_planner/percepto_planner.egg-info
[0.441s] writing ../../build/percepto_planner/percepto_planner.egg-info/PKG-INFO
[0.441s] writing dependency_links to ../../build/percepto_planner/percepto_planner.egg-info/dependency_links.txt
[0.441s] writing entry points to ../../build/percepto_planner/percepto_planner.egg-info/entry_points.txt
[0.441s] writing requirements to ../../build/percepto_planner/percepto_planner.egg-info/requires.txt
[0.441s] writing top-level names to ../../build/percepto_planner/percepto_planner.egg-info/top_level.txt
[0.441s] writing manifest file '../../build/percepto_planner/percepto_planner.egg-info/SOURCES.txt'
[0.442s] reading manifest file '../../build/percepto_planner/percepto_planner.egg-info/SOURCES.txt'
[0.443s] writing manifest file '../../build/percepto_planner/percepto_planner.egg-info/SOURCES.txt'
[0.443s] running build
[0.443s] running build_py
[0.443s] creating /home/rishabh/ros2_ws/build/percepto_planner/build
[0.443s] creating /home/rishabh/ros2_ws/build/percepto_planner/build/lib
[0.443s] creating /home/rishabh/ros2_ws/build/percepto_planner/build/lib/percepto_planner
[0.443s] copying percepto_planner/astar_rec_pathpub.py -> /home/rishabh/ros2_ws/build/percepto_planner/build/lib/percepto_planner
[0.443s] copying percepto_planner/astar_rectangle.py -> /home/rishabh/ros2_ws/build/percepto_planner/build/lib/percepto_planner
[0.443s] copying percepto_planner/path_planner.py -> /home/rishabh/ros2_ws/build/percepto_planner/build/lib/percepto_planner
[0.443s] copying percepto_planner/__init__.py -> /home/rishabh/ros2_ws/build/percepto_planner/build/lib/percepto_planner
[0.443s] copying percepto_planner/sorting_assigner.py -> /home/rishabh/ros2_ws/build/percepto_planner/build/lib/percepto_planner
[0.443s] copying percepto_planner/enumeratetest.py -> /home/rishabh/ros2_ws/build/percepto_planner/build/lib/percepto_planner
[0.443s] copying percepto_planner/camera_testing_1.py -> /home/rishabh/ros2_ws/build/percepto_planner/build/lib/percepto_planner
[0.443s] copying percepto_planner/timerthreadtest.py -> /home/rishabh/ros2_ws/build/percepto_planner/build/lib/percepto_planner
[0.443s] copying percepto_planner/astar.py -> /home/rishabh/ros2_ws/build/percepto_planner/build/lib/percepto_planner
[0.443s] copying percepto_planner/camera_testing_2.py -> /home/rishabh/ros2_ws/build/percepto_planner/build/lib/percepto_planner
[0.444s] copying percepto_planner/publishtypetest.py -> /home/rishabh/ros2_ws/build/percepto_planner/build/lib/percepto_planner
[0.444s] copying percepto_planner/visual_feed.py -> /home/rishabh/ros2_ws/build/percepto_planner/build/lib/percepto_planner
[0.444s] copying percepto_planner/int64multiarraytest.py -> /home/rishabh/ros2_ws/build/percepto_planner/build/lib/percepto_planner
[0.444s] running install
[0.444s] running install_lib
[0.444s] creating /home/rishabh/ros2_ws/install/percepto_planner/lib/python3.10/site-packages/percepto_planner
[0.444s] copying /home/rishabh/ros2_ws/build/percepto_planner/build/lib/percepto_planner/astar_rec_pathpub.py -> /home/rishabh/ros2_ws/install/percepto_planner/lib/python3.10/site-packages/percepto_planner
[0.444s] copying /home/rishabh/ros2_ws/build/percepto_planner/build/lib/percepto_planner/astar_rectangle.py -> /home/rishabh/ros2_ws/install/percepto_planner/lib/python3.10/site-packages/percepto_planner
[0.444s] copying /home/rishabh/ros2_ws/build/percepto_planner/build/lib/percepto_planner/path_planner.py -> /home/rishabh/ros2_ws/install/percepto_planner/lib/python3.10/site-packages/percepto_planner
[0.444s] copying /home/rishabh/ros2_ws/build/percepto_planner/build/lib/percepto_planner/__init__.py -> /home/rishabh/ros2_ws/install/percepto_planner/lib/python3.10/site-packages/percepto_planner
[0.444s] copying /home/rishabh/ros2_ws/build/percepto_planner/build/lib/percepto_planner/sorting_assigner.py -> /home/rishabh/ros2_ws/install/percepto_planner/lib/python3.10/site-packages/percepto_planner
[0.444s] copying /home/rishabh/ros2_ws/build/percepto_planner/build/lib/percepto_planner/enumeratetest.py -> /home/rishabh/ros2_ws/install/percepto_planner/lib/python3.10/site-packages/percepto_planner
[0.444s] copying /home/rishabh/ros2_ws/build/percepto_planner/build/lib/percepto_planner/camera_testing_1.py -> /home/rishabh/ros2_ws/install/percepto_planner/lib/python3.10/site-packages/percepto_planner
[0.445s] copying /home/rishabh/ros2_ws/build/percepto_planner/build/lib/percepto_planner/timerthreadtest.py -> /home/rishabh/ros2_ws/install/percepto_planner/lib/python3.10/site-packages/percepto_planner
[0.445s] copying /home/rishabh/ros2_ws/build/percepto_planner/build/lib/percepto_planner/astar.py -> /home/rishabh/ros2_ws/install/percepto_planner/lib/python3.10/site-packages/percepto_planner
[0.445s] copying /home/rishabh/ros2_ws/build/percepto_planner/build/lib/percepto_planner/camera_testing_2.py -> /home/rishabh/ros2_ws/install/percepto_planner/lib/python3.10/site-packages/percepto_planner
[0.445s] copying /home/rishabh/ros2_ws/build/percepto_planner/build/lib/percepto_planner/publishtypetest.py -> /home/rishabh/ros2_ws/install/percepto_planner/lib/python3.10/site-packages/percepto_planner
[0.445s] copying /home/rishabh/ros2_ws/build/percepto_planner/build/lib/percepto_planner/visual_feed.py -> /home/rishabh/ros2_ws/install/percepto_planner/lib/python3.10/site-packages/percepto_planner
[0.445s] copying /home/rishabh/ros2_ws/build/percepto_planner/build/lib/percepto_planner/int64multiarraytest.py -> /home/rishabh/ros2_ws/install/percepto_planner/lib/python3.10/site-packages/percepto_planner
[0.445s] byte-compiling /home/rishabh/ros2_ws/install/percepto_planner/lib/python3.10/site-packages/percepto_planner/astar_rec_pathpub.py to astar_rec_pathpub.cpython-310.pyc
[0.446s] byte-compiling /home/rishabh/ros2_ws/install/percepto_planner/lib/python3.10/site-packages/percepto_planner/astar_rectangle.py to astar_rectangle.cpython-310.pyc
[0.447s] byte-compiling /home/rishabh/ros2_ws/install/percepto_planner/lib/python3.10/site-packages/percepto_planner/path_planner.py to path_planner.cpython-310.pyc
[0.448s] byte-compiling /home/rishabh/ros2_ws/install/percepto_planner/lib/python3.10/site-packages/percepto_planner/__init__.py to __init__.cpython-310.pyc
[0.448s] byte-compiling /home/rishabh/ros2_ws/install/percepto_planner/lib/python3.10/site-packages/percepto_planner/sorting_assigner.py to sorting_assigner.cpython-310.pyc
[0.449s] byte-compiling /home/rishabh/ros2_ws/install/percepto_planner/lib/python3.10/site-packages/percepto_planner/enumeratetest.py to enumeratetest.cpython-310.pyc
[0.449s] byte-compiling /home/rishabh/ros2_ws/install/percepto_planner/lib/python3.10/site-packages/percepto_planner/camera_testing_1.py to camera_testing_1.cpython-310.pyc
[0.449s] byte-compiling /home/rishabh/ros2_ws/install/percepto_planner/lib/python3.10/site-packages/percepto_planner/timerthreadtest.py to timerthreadtest.cpython-310.pyc
[0.449s] byte-compiling /home/rishabh/ros2_ws/install/percepto_planner/lib/python3.10/site-packages/percepto_planner/astar.py to astar.cpython-310.pyc
[0.450s] byte-compiling /home/rishabh/ros2_ws/install/percepto_planner/lib/python3.10/site-packages/percepto_planner/camera_testing_2.py to camera_testing_2.cpython-310.pyc
[0.450s] byte-compiling /home/rishabh/ros2_ws/install/percepto_planner/lib/python3.10/site-packages/percepto_planner/publishtypetest.py to publishtypetest.cpython-310.pyc
[0.450s] byte-compiling /home/rishabh/ros2_ws/install/percepto_planner/lib/python3.10/site-packages/percepto_planner/visual_feed.py to visual_feed.cpython-310.pyc
[0.451s] byte-compiling /home/rishabh/ros2_ws/install/percepto_planner/lib/python3.10/site-packages/percepto_planner/int64multiarraytest.py to int64multiarraytest.cpython-310.pyc
[0.451s] running install_data
[0.451s] creating /home/rishabh/ros2_ws/install/percepto_planner/share/ament_index
[0.451s] creating /home/rishabh/ros2_ws/install/percepto_planner/share/ament_index/resource_index
[0.451s] creating /home/rishabh/ros2_ws/install/percepto_planner/share/ament_index/resource_index/packages
[0.451s] copying resource/percepto_planner -> /home/rishabh/ros2_ws/install/percepto_planner/share/ament_index/resource_index/packages
[0.451s] copying package.xml -> /home/rishabh/ros2_ws/install/percepto_planner/share/percepto_planner
[0.451s] running install_egg_info
[0.452s] Copying ../../build/percepto_planner/percepto_planner.egg-info to /home/rishabh/ros2_ws/install/percepto_planner/lib/python3.10/site-packages/percepto_planner-0.0.0-py3.10.egg-info
[0.452s] running install_scripts
[0.464s] Installing path_planner script to /home/rishabh/ros2_ws/install/percepto_planner/lib/percepto_planner
[0.464s] Installing sorting_assigner script to /home/rishabh/ros2_ws/install/percepto_planner/lib/percepto_planner
[0.464s] Installing timerthreadtest script to /home/rishabh/ros2_ws/install/percepto_planner/lib/percepto_planner
[0.464s] Installing visual_feed script to /home/rishabh/ros2_ws/install/percepto_planner/lib/percepto_planner
[0.464s] writing list of installed files to '/home/rishabh/ros2_ws/build/percepto_planner/install.log'
[0.477s] Invoked command in '/home/rishabh/ros2_ws/src/percepto_planner' returned '0': AMENT_PREFIX_PATH=/home/rishabh/ros2_ws/install/pplanner_interfaces:${AMENT_PREFIX_PATH} CMAKE_PREFIX_PATH=/home/rishabh/ros2_ws/install/pplanner_interfaces:${CMAKE_PREFIX_PATH} LD_LIBRARY_PATH=/home/rishabh/ros2_ws/install/pplanner_interfaces/lib:${LD_LIBRARY_PATH} PYTHONPATH=/home/rishabh/ros2_ws/build/percepto_planner/prefix_override:/home/rishabh/ros2_ws/install/percepto_planner/lib/python3.10/site-packages:/home/rishabh/ros2_ws/install/pplanner_interfaces/local/lib/python3.10/dist-packages:${PYTHONPATH} /usr/bin/python3 -W ignore:setup.py install is deprecated setup.py egg_info --egg-base ../../build/percepto_planner build --build-base /home/rishabh/ros2_ws/build/percepto_planner/build install --record /home/rishabh/ros2_ws/build/percepto_planner/install.log --single-version-externally-managed install_data
