[0.394s] Invoking command in '/home/rishabh/ros2_ws/src/percepto_planner': PYTHONPATH=/home/rishabh/ros2_ws/build/percepto_planner/prefix_override:/home/rishabh/ros2_ws/install/percepto_planner/lib/python3.10/site-packages:${PYTHONPATH} /usr/bin/python3 setup.py egg_info --egg-base ../../build/percepto_planner build --build-base /home/rishabh/ros2_ws/build/percepto_planner/build install --record /home/rishabh/ros2_ws/build/percepto_planner/install.log --single-version-externally-managed
[0.527s] running egg_info
[0.528s] writing ../../build/percepto_planner/percepto_planner.egg-info/PKG-INFO
[0.528s] writing dependency_links to ../../build/percepto_planner/percepto_planner.egg-info/dependency_links.txt
[0.528s] writing entry points to ../../build/percepto_planner/percepto_planner.egg-info/entry_points.txt
[0.528s] writing requirements to ../../build/percepto_planner/percepto_planner.egg-info/requires.txt
[0.528s] writing top-level names to ../../build/percepto_planner/percepto_planner.egg-info/top_level.txt
[0.529s] reading manifest file '../../build/percepto_planner/percepto_planner.egg-info/SOURCES.txt'
[0.529s] writing manifest file '../../build/percepto_planner/percepto_planner.egg-info/SOURCES.txt'
[0.529s] running build
[0.529s] running build_py
[0.529s] copying percepto_planner/path_planner.py -> /home/rishabh/ros2_ws/build/percepto_planner/build/lib/percepto_planner
[0.530s] running install
[0.530s] running install_lib
[0.530s] copying /home/rishabh/ros2_ws/build/percepto_planner/build/lib/percepto_planner/path_planner.py -> /home/rishabh/ros2_ws/install/percepto_planner/lib/python3.10/site-packages/percepto_planner
[0.531s] byte-compiling /home/rishabh/ros2_ws/install/percepto_planner/lib/python3.10/site-packages/percepto_planner/path_planner.py to path_planner.cpython-310.pyc
[0.531s]   File "/home/rishabh/ros2_ws/install/percepto_planner/lib/python3.10/site-packages/percepto_planner/path_planner.py", line 44
[0.531s]     			self.get_logger().info("Robot : " + str(robot_id) + "  Target : " + "("  
[0.531s]     			                       ^^^^^^^^^
[0.531s] SyntaxError: invalid syntax. Perhaps you forgot a comma?
[0.531s] 
[0.531s] running install_data
[0.531s] running install_egg_info
[0.532s] removing '/home/rishabh/ros2_ws/install/percepto_planner/lib/python3.10/site-packages/percepto_planner-0.0.0-py3.10.egg-info' (and everything under it)
[0.532s] Copying ../../build/percepto_planner/percepto_planner.egg-info to /home/rishabh/ros2_ws/install/percepto_planner/lib/python3.10/site-packages/percepto_planner-0.0.0-py3.10.egg-info
[0.533s] running install_scripts
[0.544s] Installing path_planner script to /home/rishabh/ros2_ws/install/percepto_planner/lib/percepto_planner
[0.544s] Installing sorting_assigner script to /home/rishabh/ros2_ws/install/percepto_planner/lib/percepto_planner
[0.544s] Installing visual_feed script to /home/rishabh/ros2_ws/install/percepto_planner/lib/percepto_planner
[0.544s] writing list of installed files to '/home/rishabh/ros2_ws/build/percepto_planner/install.log'
[0.557s] Invoked command in '/home/rishabh/ros2_ws/src/percepto_planner' returned '0': PYTHONPATH=/home/rishabh/ros2_ws/build/percepto_planner/prefix_override:/home/rishabh/ros2_ws/install/percepto_planner/lib/python3.10/site-packages:${PYTHONPATH} /usr/bin/python3 setup.py egg_info --egg-base ../../build/percepto_planner build --build-base /home/rishabh/ros2_ws/build/percepto_planner/build install --record /home/rishabh/ros2_ws/build/percepto_planner/install.log --single-version-externally-managed
